2025-06-15 10:34:55,118 - FTMO - INFO - 
        Daily Loss Update:
        Current Loss: $0.00
        Maximum Allowed: $500.00
        Percentage Used: 0.00%
        
2025-06-15 10:34:55,118 - FTMO - INFO - 
        Profit Tracking Update:
        Current Profit: $0.00
        Target: $1000.00
        Progress: 0.00%
        
2025-06-15 10:34:55,118 - FTMO - WARNING - 
        FTMO RULE WARNING:
        Type: Startup
        Details: FTMO Monitoring Started
                Balance: $0.85
                Equity: $0.85
                Profit Target: $1000.00
                Daily Loss Limit: $500.00
                Total Loss Limit: $1000.00
                
        Time: 2025-06-15 10:34:55
        
