2025-07-01 10:18:26,262 - FTMO - INFO - 
        Daily Loss Update:
        Current Loss: $0.00
        Maximum Allowed: $500.00
        Percentage Used: 0.00%
        
2025-07-01 10:18:26,262 - FTMO - INFO - 
        Profit Tracking Update:
        Current Profit: $0.00
        Target: $1000.00
        Progress: 0.00%
        
2025-07-01 10:18:26,262 - FTMO - WARNING - 
        FTMO RULE WARNING:
        Type: Startup
        Details: FTMO Monitoring Started
                Balance: $17.25
                Equity: $17.25
                Profit Target: $1000.00
                Daily Loss Limit: $500.00
                Total Loss Limit: $1000.00
                
        Time: 2025-07-01 10:18:26
        
2025-07-01 10:18:33,760 - FTMO - INFO - 
        Daily Loss Update:
        Current Loss: $0.00
        Maximum Allowed: $500.00
        Percentage Used: 0.00%
        
2025-07-01 10:18:33,760 - FTMO - INFO - 
        Profit Tracking Update:
        Current Profit: $0.00
        Target: $1000.00
        Progress: 0.00%
        
2025-07-01 10:18:35,793 - FTMO - INFO - 
        Daily Loss Update:
        Current Loss: $0.14
        Maximum Allowed: $500.00
        Percentage Used: 0.03%
        
2025-07-01 10:18:35,793 - FTMO - INFO - 
        Profit Tracking Update:
        Current Profit: $-0.14
        Target: $1000.00
        Progress: -0.01%
        
2025-07-01 10:18:37,276 - FTMO - INFO - 
        Daily Loss Update:
        Current Loss: $0.14
        Maximum Allowed: $500.00
        Percentage Used: 0.03%
        
2025-07-01 10:18:37,276 - FTMO - INFO - 
        Profit Tracking Update:
        Current Profit: $-0.14
        Target: $1000.00
        Progress: -0.01%
        
2025-07-01 10:18:38,776 - FTMO - INFO - 
        Daily Loss Update:
        Current Loss: $0.14
        Maximum Allowed: $500.00
        Percentage Used: 0.03%
        
2025-07-01 10:18:38,776 - FTMO - INFO - 
        Profit Tracking Update:
        Current Profit: $-0.14
        Target: $1000.00
        Progress: -0.01%
        
2025-07-01 10:18:40,426 - FTMO - INFO - 
        Daily Loss Update:
        Current Loss: $0.19
        Maximum Allowed: $500.00
        Percentage Used: 0.04%
        
2025-07-01 10:18:40,426 - FTMO - INFO - 
        Profit Tracking Update:
        Current Profit: $-0.19
        Target: $1000.00
        Progress: -0.02%
        
2025-07-01 10:18:41,943 - FTMO - INFO - 
        Daily Loss Update:
        Current Loss: $0.21
        Maximum Allowed: $500.00
        Percentage Used: 0.04%
        
2025-07-01 10:18:41,943 - FTMO - INFO - 
        Profit Tracking Update:
        Current Profit: $-0.21
        Target: $1000.00
        Progress: -0.02%
        
2025-07-01 10:18:43,509 - FTMO - INFO - 
        Daily Loss Update:
        Current Loss: $0.21
        Maximum Allowed: $500.00
        Percentage Used: 0.04%
        
2025-07-01 10:18:43,509 - FTMO - INFO - 
        Profit Tracking Update:
        Current Profit: $-0.21
        Target: $1000.00
        Progress: -0.02%
        
2025-07-01 10:18:45,025 - FTMO - INFO - 
        Daily Loss Update:
        Current Loss: $0.20
        Maximum Allowed: $500.00
        Percentage Used: 0.04%
        
2025-07-01 10:18:45,025 - FTMO - INFO - 
        Profit Tracking Update:
        Current Profit: $-0.20
        Target: $1000.00
        Progress: -0.02%
        
2025-07-01 10:18:46,725 - FTMO - INFO - 
        Daily Loss Update:
        Current Loss: $0.20
        Maximum Allowed: $500.00
        Percentage Used: 0.04%
        
2025-07-01 10:18:46,725 - FTMO - INFO - 
        Profit Tracking Update:
        Current Profit: $-0.20
        Target: $1000.00
        Progress: -0.02%
        
2025-07-01 10:18:48,208 - FTMO - INFO - 
        Daily Loss Update:
        Current Loss: $0.20
        Maximum Allowed: $500.00
        Percentage Used: 0.04%
        
2025-07-01 10:18:48,208 - FTMO - INFO - 
        Profit Tracking Update:
        Current Profit: $-0.20
        Target: $1000.00
        Progress: -0.02%
        
2025-07-01 10:18:49,681 - FTMO - INFO - 
        Daily Loss Update:
        Current Loss: $0.20
        Maximum Allowed: $500.00
        Percentage Used: 0.04%
        
2025-07-01 10:18:49,681 - FTMO - INFO - 
        Profit Tracking Update:
        Current Profit: $-0.20
        Target: $1000.00
        Progress: -0.02%
        
2025-07-01 10:18:51,157 - FTMO - INFO - 
        Daily Loss Update:
        Current Loss: $0.20
        Maximum Allowed: $500.00
        Percentage Used: 0.04%
        
2025-07-01 10:18:51,157 - FTMO - INFO - 
        Profit Tracking Update:
        Current Profit: $-0.20
        Target: $1000.00
        Progress: -0.02%
        
