2025-08-05 12:40:24,748 - FTMO - INFO - 
        Daily Loss Update:
        Current Loss: $0.00
        Maximum Allowed: $500.00
        Percentage Used: 0.00%
        
2025-08-05 12:40:24,748 - FTMO - INFO - 
        Profit Tracking Update:
        Current Profit: $0.00
        Target: $1000.00
        Progress: 0.00%
        
2025-08-05 12:40:24,749 - FTMO - WARNING - 
        FTMO RULE WARNING:
        Type: Startup
        Details: FTMO Monitoring Started
                Balance: $11.25
                Equity: $11.25
                Profit Target: $1000.00
                Daily Loss Limit: $500.00
                Total Loss Limit: $1000.00
                
        Time: 2025-08-05 12:40:24
        
2025-08-05 12:40:33,641 - FTMO - INFO - 
        Daily Loss Update:
        Current Loss: $0.00
        Maximum Allowed: $500.00
        Percentage Used: 0.00%
        
2025-08-05 12:40:33,642 - FTMO - INFO - 
        Profit Tracking Update:
        Current Profit: $0.00
        Target: $1000.00
        Progress: 0.00%
        
2025-08-05 12:40:35,679 - FTMO - INFO - 
        Daily Loss Update:
        Current Loss: $0.09
        Maximum Allowed: $500.00
        Percentage Used: 0.02%
        
2025-08-05 12:40:35,680 - FTMO - INFO - 
        Profit Tracking Update:
        Current Profit: $-0.09
        Target: $1000.00
        Progress: -0.01%
        
2025-08-05 12:40:37,317 - FTMO - INFO - 
        Daily Loss Update:
        Current Loss: $0.07
        Maximum Allowed: $500.00
        Percentage Used: 0.01%
        
2025-08-05 12:40:37,318 - FTMO - INFO - 
        Profit Tracking Update:
        Current Profit: $-0.07
        Target: $1000.00
        Progress: -0.01%
        
2025-08-05 12:40:38,974 - FTMO - INFO - 
        Daily Loss Update:
        Current Loss: $0.07
        Maximum Allowed: $500.00
        Percentage Used: 0.01%
        
2025-08-05 12:40:38,974 - FTMO - INFO - 
        Profit Tracking Update:
        Current Profit: $-0.07
        Target: $1000.00
        Progress: -0.01%
        
2025-08-05 12:40:40,828 - FTMO - INFO - 
        Daily Loss Update:
        Current Loss: $0.07
        Maximum Allowed: $500.00
        Percentage Used: 0.01%
        
2025-08-05 12:40:40,828 - FTMO - INFO - 
        Profit Tracking Update:
        Current Profit: $-0.07
        Target: $1000.00
        Progress: -0.01%
        
2025-08-05 12:40:42,479 - FTMO - INFO - 
        Daily Loss Update:
        Current Loss: $0.01
        Maximum Allowed: $500.00
        Percentage Used: 0.00%
        
2025-08-05 12:40:42,480 - FTMO - INFO - 
        Profit Tracking Update:
        Current Profit: $0.01
        Target: $1000.00
        Progress: 0.00%
        
2025-08-05 12:40:44,106 - FTMO - INFO - 
        Daily Loss Update:
        Current Loss: $0.01
        Maximum Allowed: $500.00
        Percentage Used: 0.00%
        
2025-08-05 12:40:44,106 - FTMO - INFO - 
        Profit Tracking Update:
        Current Profit: $0.01
        Target: $1000.00
        Progress: 0.00%
        
2025-08-05 12:40:45,976 - FTMO - INFO - 
        Daily Loss Update:
        Current Loss: $0.01
        Maximum Allowed: $500.00
        Percentage Used: 0.00%
        
2025-08-05 12:40:45,976 - FTMO - INFO - 
        Profit Tracking Update:
        Current Profit: $0.01
        Target: $1000.00
        Progress: 0.00%
        
2025-08-05 12:40:47,611 - FTMO - INFO - 
        Daily Loss Update:
        Current Loss: $0.02
        Maximum Allowed: $500.00
        Percentage Used: 0.00%
        
2025-08-05 12:40:47,611 - FTMO - INFO - 
        Profit Tracking Update:
        Current Profit: $0.02
        Target: $1000.00
        Progress: 0.00%
        
2025-08-05 12:40:49,242 - FTMO - INFO - 
        Daily Loss Update:
        Current Loss: $0.01
        Maximum Allowed: $500.00
        Percentage Used: 0.00%
        
2025-08-05 12:40:49,243 - FTMO - INFO - 
        Profit Tracking Update:
        Current Profit: $-0.01
        Target: $1000.00
        Progress: -0.00%
        
2025-08-05 12:40:51,104 - FTMO - INFO - 
        Daily Loss Update:
        Current Loss: $0.02
        Maximum Allowed: $500.00
        Percentage Used: 0.00%
        
2025-08-05 12:40:51,105 - FTMO - INFO - 
        Profit Tracking Update:
        Current Profit: $0.02
        Target: $1000.00
        Progress: 0.00%
        
2025-08-05 12:40:52,746 - FTMO - INFO - 
        Daily Loss Update:
        Current Loss: $0.01
        Maximum Allowed: $500.00
        Percentage Used: 0.00%
        
2025-08-05 12:40:52,747 - FTMO - INFO - 
        Profit Tracking Update:
        Current Profit: $-0.01
        Target: $1000.00
        Progress: -0.00%
        
2025-08-05 12:40:54,392 - FTMO - INFO - 
        Daily Loss Update:
        Current Loss: $0.03
        Maximum Allowed: $500.00
        Percentage Used: 0.01%
        
2025-08-05 12:40:54,393 - FTMO - INFO - 
        Profit Tracking Update:
        Current Profit: $0.03
        Target: $1000.00
        Progress: 0.00%
        
2025-08-05 12:40:56,232 - FTMO - INFO - 
        Daily Loss Update:
        Current Loss: $0.03
        Maximum Allowed: $500.00
        Percentage Used: 0.01%
        
2025-08-05 12:40:56,233 - FTMO - INFO - 
        Profit Tracking Update:
        Current Profit: $0.03
        Target: $1000.00
        Progress: 0.00%
        
2025-08-05 12:40:57,869 - FTMO - INFO - 
        Daily Loss Update:
        Current Loss: $0.12
        Maximum Allowed: $500.00
        Percentage Used: 0.02%
        
2025-08-05 12:40:57,869 - FTMO - INFO - 
        Profit Tracking Update:
        Current Profit: $0.12
        Target: $1000.00
        Progress: 0.01%
        
2025-08-05 12:40:59,527 - FTMO - INFO - 
        Daily Loss Update:
        Current Loss: $0.09
        Maximum Allowed: $500.00
        Percentage Used: 0.02%
        
2025-08-05 12:40:59,527 - FTMO - INFO - 
        Profit Tracking Update:
        Current Profit: $0.09
        Target: $1000.00
        Progress: 0.01%
        
2025-08-05 12:41:01,392 - FTMO - INFO - 
        Daily Loss Update:
        Current Loss: $0.05
        Maximum Allowed: $500.00
        Percentage Used: 0.01%
        
2025-08-05 12:41:01,392 - FTMO - INFO - 
        Profit Tracking Update:
        Current Profit: $0.05
        Target: $1000.00
        Progress: 0.01%
        
2025-08-05 12:41:03,038 - FTMO - INFO - 
        Daily Loss Update:
        Current Loss: $0.02
        Maximum Allowed: $500.00
        Percentage Used: 0.00%
        
2025-08-05 12:41:03,039 - FTMO - INFO - 
        Profit Tracking Update:
        Current Profit: $0.02
        Target: $1000.00
        Progress: 0.00%
        
2025-08-05 12:41:04,692 - FTMO - INFO - 
        Daily Loss Update:
        Current Loss: $0.07
        Maximum Allowed: $500.00
        Percentage Used: 0.01%
        
2025-08-05 12:41:04,692 - FTMO - INFO - 
        Profit Tracking Update:
        Current Profit: $0.07
        Target: $1000.00
        Progress: 0.01%
        
2025-08-05 12:41:06,522 - FTMO - INFO - 
        Daily Loss Update:
        Current Loss: $0.06
        Maximum Allowed: $500.00
        Percentage Used: 0.01%
        
2025-08-05 12:41:06,522 - FTMO - INFO - 
        Profit Tracking Update:
        Current Profit: $0.06
        Target: $1000.00
        Progress: 0.01%
        
2025-08-05 12:41:08,146 - FTMO - INFO - 
        Daily Loss Update:
        Current Loss: $0.07
        Maximum Allowed: $500.00
        Percentage Used: 0.01%
        
2025-08-05 12:41:08,147 - FTMO - INFO - 
        Profit Tracking Update:
        Current Profit: $0.07
        Target: $1000.00
        Progress: 0.01%
        
2025-08-05 12:41:09,804 - FTMO - INFO - 
        Daily Loss Update:
        Current Loss: $0.07
        Maximum Allowed: $500.00
        Percentage Used: 0.01%
        
2025-08-05 12:41:09,804 - FTMO - INFO - 
        Profit Tracking Update:
        Current Profit: $0.07
        Target: $1000.00
        Progress: 0.01%
        
2025-08-05 12:41:11,614 - FTMO - INFO - 
        Daily Loss Update:
        Current Loss: $0.07
        Maximum Allowed: $500.00
        Percentage Used: 0.01%
        
2025-08-05 12:41:11,614 - FTMO - INFO - 
        Profit Tracking Update:
        Current Profit: $0.07
        Target: $1000.00
        Progress: 0.01%
        
2025-08-05 12:41:13,257 - FTMO - INFO - 
        Daily Loss Update:
        Current Loss: $0.04
        Maximum Allowed: $500.00
        Percentage Used: 0.01%
        
2025-08-05 12:41:13,258 - FTMO - INFO - 
        Profit Tracking Update:
        Current Profit: $0.04
        Target: $1000.00
        Progress: 0.00%
        
2025-08-05 12:41:14,902 - FTMO - INFO - 
        Daily Loss Update:
        Current Loss: $0.03
        Maximum Allowed: $500.00
        Percentage Used: 0.01%
        
2025-08-05 12:41:14,902 - FTMO - INFO - 
        Profit Tracking Update:
        Current Profit: $0.03
        Target: $1000.00
        Progress: 0.00%
        
2025-08-05 12:41:16,757 - FTMO - INFO - 
        Daily Loss Update:
        Current Loss: $0.03
        Maximum Allowed: $500.00
        Percentage Used: 0.01%
        
2025-08-05 12:41:16,758 - FTMO - INFO - 
        Profit Tracking Update:
        Current Profit: $0.03
        Target: $1000.00
        Progress: 0.00%
        
2025-08-05 12:41:18,381 - FTMO - INFO - 
        Daily Loss Update:
        Current Loss: $0.02
        Maximum Allowed: $500.00
        Percentage Used: 0.00%
        
2025-08-05 12:41:18,381 - FTMO - INFO - 
        Profit Tracking Update:
        Current Profit: $0.02
        Target: $1000.00
        Progress: 0.00%
        
2025-08-05 12:41:20,008 - FTMO - INFO - 
        Daily Loss Update:
        Current Loss: $0.03
        Maximum Allowed: $500.00
        Percentage Used: 0.01%
        
2025-08-05 12:41:20,009 - FTMO - INFO - 
        Profit Tracking Update:
        Current Profit: $0.03
        Target: $1000.00
        Progress: 0.00%
        
2025-08-05 12:41:21,824 - FTMO - INFO - 
        Daily Loss Update:
        Current Loss: $0.01
        Maximum Allowed: $500.00
        Percentage Used: 0.00%
        
2025-08-05 12:41:21,825 - FTMO - INFO - 
        Profit Tracking Update:
        Current Profit: $0.01
        Target: $1000.00
        Progress: 0.00%
        
2025-08-05 12:41:23,454 - FTMO - INFO - 
        Daily Loss Update:
        Current Loss: $0.01
        Maximum Allowed: $500.00
        Percentage Used: 0.00%
        
2025-08-05 12:41:23,454 - FTMO - INFO - 
        Profit Tracking Update:
        Current Profit: $0.01
        Target: $1000.00
        Progress: 0.00%
        
2025-08-05 12:41:25,067 - FTMO - INFO - 
        Daily Loss Update:
        Current Loss: $0.01
        Maximum Allowed: $500.00
        Percentage Used: 0.00%
        
2025-08-05 12:41:25,067 - FTMO - INFO - 
        Profit Tracking Update:
        Current Profit: $0.01
        Target: $1000.00
        Progress: 0.00%
        
2025-08-05 12:41:26,870 - FTMO - INFO - 
        Daily Loss Update:
        Current Loss: $0.01
        Maximum Allowed: $500.00
        Percentage Used: 0.00%
        
2025-08-05 12:41:26,870 - FTMO - INFO - 
        Profit Tracking Update:
        Current Profit: $0.01
        Target: $1000.00
        Progress: 0.00%
        
2025-08-05 12:41:28,542 - FTMO - INFO - 
        Daily Loss Update:
        Current Loss: $0.01
        Maximum Allowed: $500.00
        Percentage Used: 0.00%
        
2025-08-05 12:41:28,542 - FTMO - INFO - 
        Profit Tracking Update:
        Current Profit: $0.01
        Target: $1000.00
        Progress: 0.00%
        
2025-08-05 12:41:30,197 - FTMO - INFO - 
        Daily Loss Update:
        Current Loss: $0.01
        Maximum Allowed: $500.00
        Percentage Used: 0.00%
        
2025-08-05 12:41:30,198 - FTMO - INFO - 
        Profit Tracking Update:
        Current Profit: $0.01
        Target: $1000.00
        Progress: 0.00%
        
2025-08-05 12:41:31,990 - FTMO - INFO - 
        Daily Loss Update:
        Current Loss: $0.01
        Maximum Allowed: $500.00
        Percentage Used: 0.00%
        
2025-08-05 12:41:31,990 - FTMO - INFO - 
        Profit Tracking Update:
        Current Profit: $0.01
        Target: $1000.00
        Progress: 0.00%
        
2025-08-05 12:41:33,620 - FTMO - INFO - 
        Daily Loss Update:
        Current Loss: $0.01
        Maximum Allowed: $500.00
        Percentage Used: 0.00%
        
2025-08-05 12:41:33,620 - FTMO - INFO - 
        Profit Tracking Update:
        Current Profit: $0.01
        Target: $1000.00
        Progress: 0.00%
        
2025-08-05 12:41:35,341 - FTMO - INFO - 
        Daily Loss Update:
        Current Loss: $0.09
        Maximum Allowed: $500.00
        Percentage Used: 0.02%
        
2025-08-05 12:41:35,342 - FTMO - INFO - 
        Profit Tracking Update:
        Current Profit: $-0.09
        Target: $1000.00
        Progress: -0.01%
        
2025-08-05 12:41:37,230 - FTMO - INFO - 
        Daily Loss Update:
        Current Loss: $0.09
        Maximum Allowed: $500.00
        Percentage Used: 0.02%
        
2025-08-05 12:41:37,230 - FTMO - INFO - 
        Profit Tracking Update:
        Current Profit: $-0.09
        Target: $1000.00
        Progress: -0.01%
        
2025-08-05 12:41:38,850 - FTMO - INFO - 
        Daily Loss Update:
        Current Loss: $0.09
        Maximum Allowed: $500.00
        Percentage Used: 0.02%
        
2025-08-05 12:41:38,850 - FTMO - INFO - 
        Profit Tracking Update:
        Current Profit: $-0.09
        Target: $1000.00
        Progress: -0.01%
        
2025-08-05 12:41:40,474 - FTMO - INFO - 
        Daily Loss Update:
        Current Loss: $0.09
        Maximum Allowed: $500.00
        Percentage Used: 0.02%
        
2025-08-05 12:41:40,475 - FTMO - INFO - 
        Profit Tracking Update:
        Current Profit: $-0.09
        Target: $1000.00
        Progress: -0.01%
        
2025-08-05 12:41:42,272 - FTMO - INFO - 
        Daily Loss Update:
        Current Loss: $0.09
        Maximum Allowed: $500.00
        Percentage Used: 0.02%
        
2025-08-05 12:41:42,272 - FTMO - INFO - 
        Profit Tracking Update:
        Current Profit: $-0.09
        Target: $1000.00
        Progress: -0.01%
        
2025-08-05 12:41:43,897 - FTMO - INFO - 
        Daily Loss Update:
        Current Loss: $0.09
        Maximum Allowed: $500.00
        Percentage Used: 0.02%
        
2025-08-05 12:41:43,897 - FTMO - INFO - 
        Profit Tracking Update:
        Current Profit: $-0.09
        Target: $1000.00
        Progress: -0.01%
        
2025-08-05 12:41:45,519 - FTMO - INFO - 
        Daily Loss Update:
        Current Loss: $0.08
        Maximum Allowed: $500.00
        Percentage Used: 0.02%
        
2025-08-05 12:41:45,519 - FTMO - INFO - 
        Profit Tracking Update:
        Current Profit: $-0.08
        Target: $1000.00
        Progress: -0.01%
        
2025-08-05 12:41:47,364 - FTMO - INFO - 
        Daily Loss Update:
        Current Loss: $0.08
        Maximum Allowed: $500.00
        Percentage Used: 0.02%
        
2025-08-05 12:41:47,364 - FTMO - INFO - 
        Profit Tracking Update:
        Current Profit: $-0.08
        Target: $1000.00
        Progress: -0.01%
        
2025-08-05 12:41:49,021 - FTMO - INFO - 
        Daily Loss Update:
        Current Loss: $0.11
        Maximum Allowed: $500.00
        Percentage Used: 0.02%
        
2025-08-05 12:41:49,021 - FTMO - INFO - 
        Profit Tracking Update:
        Current Profit: $-0.11
        Target: $1000.00
        Progress: -0.01%
        
2025-08-05 12:41:50,651 - FTMO - INFO - 
        Daily Loss Update:
        Current Loss: $0.10
        Maximum Allowed: $500.00
        Percentage Used: 0.02%
        
2025-08-05 12:41:50,652 - FTMO - INFO - 
        Profit Tracking Update:
        Current Profit: $-0.10
        Target: $1000.00
        Progress: -0.01%
        
2025-08-05 12:41:52,444 - FTMO - INFO - 
        Daily Loss Update:
        Current Loss: $0.11
        Maximum Allowed: $500.00
        Percentage Used: 0.02%
        
2025-08-05 12:41:52,445 - FTMO - INFO - 
        Profit Tracking Update:
        Current Profit: $-0.11
        Target: $1000.00
        Progress: -0.01%
        
2025-08-05 12:41:54,060 - FTMO - INFO - 
        Daily Loss Update:
        Current Loss: $0.11
        Maximum Allowed: $500.00
        Percentage Used: 0.02%
        
2025-08-05 12:41:54,061 - FTMO - INFO - 
        Profit Tracking Update:
        Current Profit: $-0.11
        Target: $1000.00
        Progress: -0.01%
        
2025-08-05 12:41:55,680 - FTMO - INFO - 
        Daily Loss Update:
        Current Loss: $0.11
        Maximum Allowed: $500.00
        Percentage Used: 0.02%
        
2025-08-05 12:41:55,680 - FTMO - INFO - 
        Profit Tracking Update:
        Current Profit: $-0.11
        Target: $1000.00
        Progress: -0.01%
        
2025-08-05 12:41:57,464 - FTMO - INFO - 
        Daily Loss Update:
        Current Loss: $0.11
        Maximum Allowed: $500.00
        Percentage Used: 0.02%
        
2025-08-05 12:41:57,464 - FTMO - INFO - 
        Profit Tracking Update:
        Current Profit: $-0.11
        Target: $1000.00
        Progress: -0.01%
        
2025-08-05 12:41:59,096 - FTMO - INFO - 
        Daily Loss Update:
        Current Loss: $0.08
        Maximum Allowed: $500.00
        Percentage Used: 0.02%
        
2025-08-05 12:41:59,096 - FTMO - INFO - 
        Profit Tracking Update:
        Current Profit: $-0.08
        Target: $1000.00
        Progress: -0.01%
        
2025-08-05 12:42:00,793 - FTMO - INFO - 
        Daily Loss Update:
        Current Loss: $0.09
        Maximum Allowed: $500.00
        Percentage Used: 0.02%
        
2025-08-05 12:42:00,794 - FTMO - INFO - 
        Profit Tracking Update:
        Current Profit: $-0.09
        Target: $1000.00
        Progress: -0.01%
        
2025-08-05 12:42:02,630 - FTMO - INFO - 
        Daily Loss Update:
        Current Loss: $0.06
        Maximum Allowed: $500.00
        Percentage Used: 0.01%
        
2025-08-05 12:42:02,630 - FTMO - INFO - 
        Profit Tracking Update:
        Current Profit: $-0.06
        Target: $1000.00
        Progress: -0.01%
        
2025-08-05 12:42:04,273 - FTMO - INFO - 
        Daily Loss Update:
        Current Loss: $0.07
        Maximum Allowed: $500.00
        Percentage Used: 0.01%
        
2025-08-05 12:42:04,273 - FTMO - INFO - 
        Profit Tracking Update:
        Current Profit: $-0.07
        Target: $1000.00
        Progress: -0.01%
        
2025-08-05 12:42:05,904 - FTMO - INFO - 
        Daily Loss Update:
        Current Loss: $0.08
        Maximum Allowed: $500.00
        Percentage Used: 0.02%
        
2025-08-05 12:42:05,904 - FTMO - INFO - 
        Profit Tracking Update:
        Current Profit: $-0.08
        Target: $1000.00
        Progress: -0.01%
        
2025-08-05 12:42:07,685 - FTMO - INFO - 
        Daily Loss Update:
        Current Loss: $0.08
        Maximum Allowed: $500.00
        Percentage Used: 0.02%
        
2025-08-05 12:42:07,686 - FTMO - INFO - 
        Profit Tracking Update:
        Current Profit: $-0.08
        Target: $1000.00
        Progress: -0.01%
        
2025-08-05 12:42:09,312 - FTMO - INFO - 
        Daily Loss Update:
        Current Loss: $0.09
        Maximum Allowed: $500.00
        Percentage Used: 0.02%
        
2025-08-05 12:42:09,312 - FTMO - INFO - 
        Profit Tracking Update:
        Current Profit: $-0.09
        Target: $1000.00
        Progress: -0.01%
        
2025-08-05 12:42:11,135 - FTMO - INFO - 
        Daily Loss Update:
        Current Loss: $0.07
        Maximum Allowed: $500.00
        Percentage Used: 0.01%
        
2025-08-05 12:42:11,135 - FTMO - INFO - 
        Profit Tracking Update:
        Current Profit: $-0.07
        Target: $1000.00
        Progress: -0.01%
        
2025-08-05 12:42:12,934 - FTMO - INFO - 
        Daily Loss Update:
        Current Loss: $0.07
        Maximum Allowed: $500.00
        Percentage Used: 0.01%
        
2025-08-05 12:42:12,934 - FTMO - INFO - 
        Profit Tracking Update:
        Current Profit: $-0.07
        Target: $1000.00
        Progress: -0.01%
        
2025-08-05 12:42:14,569 - FTMO - INFO - 
        Daily Loss Update:
        Current Loss: $0.07
        Maximum Allowed: $500.00
        Percentage Used: 0.01%
        
2025-08-05 12:42:14,569 - FTMO - INFO - 
        Profit Tracking Update:
        Current Profit: $-0.07
        Target: $1000.00
        Progress: -0.01%
        
2025-08-05 12:42:16,216 - FTMO - INFO - 
        Daily Loss Update:
        Current Loss: $0.07
        Maximum Allowed: $500.00
        Percentage Used: 0.01%
        
2025-08-05 12:42:16,217 - FTMO - INFO - 
        Profit Tracking Update:
        Current Profit: $-0.07
        Target: $1000.00
        Progress: -0.01%
        
2025-08-05 12:42:18,103 - FTMO - INFO - 
        Daily Loss Update:
        Current Loss: $0.07
        Maximum Allowed: $500.00
        Percentage Used: 0.01%
        
2025-08-05 12:42:18,103 - FTMO - INFO - 
        Profit Tracking Update:
        Current Profit: $-0.07
        Target: $1000.00
        Progress: -0.01%
        
2025-08-05 12:42:19,753 - FTMO - INFO - 
        Daily Loss Update:
        Current Loss: $0.07
        Maximum Allowed: $500.00
        Percentage Used: 0.01%
        
2025-08-05 12:42:19,753 - FTMO - INFO - 
        Profit Tracking Update:
        Current Profit: $-0.07
        Target: $1000.00
        Progress: -0.01%
        
2025-08-05 12:42:21,377 - FTMO - INFO - 
        Daily Loss Update:
        Current Loss: $0.07
        Maximum Allowed: $500.00
        Percentage Used: 0.01%
        
2025-08-05 12:42:21,377 - FTMO - INFO - 
        Profit Tracking Update:
        Current Profit: $-0.07
        Target: $1000.00
        Progress: -0.01%
        
2025-08-05 12:42:23,214 - FTMO - INFO - 
        Daily Loss Update:
        Current Loss: $0.06
        Maximum Allowed: $500.00
        Percentage Used: 0.01%
        
2025-08-05 12:42:23,215 - FTMO - INFO - 
        Profit Tracking Update:
        Current Profit: $-0.06
        Target: $1000.00
        Progress: -0.01%
        
2025-08-05 12:42:24,841 - FTMO - INFO - 
        Daily Loss Update:
        Current Loss: $0.06
        Maximum Allowed: $500.00
        Percentage Used: 0.01%
        
2025-08-05 12:42:24,841 - FTMO - INFO - 
        Profit Tracking Update:
        Current Profit: $-0.06
        Target: $1000.00
        Progress: -0.01%
        
2025-08-05 12:42:26,471 - FTMO - INFO - 
        Daily Loss Update:
        Current Loss: $0.03
        Maximum Allowed: $500.00
        Percentage Used: 0.01%
        
2025-08-05 12:42:26,471 - FTMO - INFO - 
        Profit Tracking Update:
        Current Profit: $-0.03
        Target: $1000.00
        Progress: -0.00%
        
2025-08-05 12:42:28,277 - FTMO - INFO - 
        Daily Loss Update:
        Current Loss: $0.03
        Maximum Allowed: $500.00
        Percentage Used: 0.01%
        
2025-08-05 12:42:28,277 - FTMO - INFO - 
        Profit Tracking Update:
        Current Profit: $-0.03
        Target: $1000.00
        Progress: -0.00%
        
2025-08-05 12:42:29,897 - FTMO - INFO - 
        Daily Loss Update:
        Current Loss: $0.06
        Maximum Allowed: $500.00
        Percentage Used: 0.01%
        
2025-08-05 12:42:29,897 - FTMO - INFO - 
        Profit Tracking Update:
        Current Profit: $-0.06
        Target: $1000.00
        Progress: -0.01%
        
2025-08-05 12:42:31,540 - FTMO - INFO - 
        Daily Loss Update:
        Current Loss: $0.07
        Maximum Allowed: $500.00
        Percentage Used: 0.01%
        
2025-08-05 12:42:31,540 - FTMO - INFO - 
        Profit Tracking Update:
        Current Profit: $-0.07
        Target: $1000.00
        Progress: -0.01%
        
2025-08-05 12:42:33,458 - FTMO - INFO - 
        Daily Loss Update:
        Current Loss: $0.02
        Maximum Allowed: $500.00
        Percentage Used: 0.00%
        
2025-08-05 12:42:33,459 - FTMO - INFO - 
        Profit Tracking Update:
        Current Profit: $-0.02
        Target: $1000.00
        Progress: -0.00%
        
2025-08-05 12:42:35,145 - FTMO - INFO - 
        Daily Loss Update:
        Current Loss: $0.01
        Maximum Allowed: $500.00
        Percentage Used: 0.00%
        
2025-08-05 12:42:35,145 - FTMO - INFO - 
        Profit Tracking Update:
        Current Profit: $-0.01
        Target: $1000.00
        Progress: -0.00%
        
2025-08-05 12:42:36,897 - FTMO - INFO - 
        Daily Loss Update:
        Current Loss: $0.01
        Maximum Allowed: $500.00
        Percentage Used: 0.00%
        
2025-08-05 12:42:36,897 - FTMO - INFO - 
        Profit Tracking Update:
        Current Profit: $-0.01
        Target: $1000.00
        Progress: -0.00%
        
2025-08-05 12:42:38,751 - FTMO - INFO - 
        Daily Loss Update:
        Current Loss: $0.01
        Maximum Allowed: $500.00
        Percentage Used: 0.00%
        
2025-08-05 12:42:38,752 - FTMO - INFO - 
        Profit Tracking Update:
        Current Profit: $-0.01
        Target: $1000.00
        Progress: -0.00%
        
2025-08-05 12:42:40,379 - FTMO - INFO - 
        Daily Loss Update:
        Current Loss: $0.01
        Maximum Allowed: $500.00
        Percentage Used: 0.00%
        
2025-08-05 12:42:40,380 - FTMO - INFO - 
        Profit Tracking Update:
        Current Profit: $-0.01
        Target: $1000.00
        Progress: -0.00%
        
2025-08-05 12:42:41,998 - FTMO - INFO - 
        Daily Loss Update:
        Current Loss: $0.02
        Maximum Allowed: $500.00
        Percentage Used: 0.00%
        
2025-08-05 12:42:41,999 - FTMO - INFO - 
        Profit Tracking Update:
        Current Profit: $-0.02
        Target: $1000.00
        Progress: -0.00%
        
2025-08-05 12:42:43,806 - FTMO - INFO - 
        Daily Loss Update:
        Current Loss: $0.02
        Maximum Allowed: $500.00
        Percentage Used: 0.00%
        
2025-08-05 12:42:43,806 - FTMO - INFO - 
        Profit Tracking Update:
        Current Profit: $-0.02
        Target: $1000.00
        Progress: -0.00%
        
2025-08-05 12:42:45,426 - FTMO - INFO - 
        Daily Loss Update:
        Current Loss: $0.02
        Maximum Allowed: $500.00
        Percentage Used: 0.00%
        
2025-08-05 12:42:45,426 - FTMO - INFO - 
        Profit Tracking Update:
        Current Profit: $-0.02
        Target: $1000.00
        Progress: -0.00%
        
2025-08-05 12:42:47,026 - FTMO - INFO - 
        Daily Loss Update:
        Current Loss: $0.02
        Maximum Allowed: $500.00
        Percentage Used: 0.00%
        
2025-08-05 12:42:47,027 - FTMO - INFO - 
        Profit Tracking Update:
        Current Profit: $-0.02
        Target: $1000.00
        Progress: -0.00%
        
2025-08-05 12:42:48,834 - FTMO - INFO - 
        Daily Loss Update:
        Current Loss: $0.02
        Maximum Allowed: $500.00
        Percentage Used: 0.00%
        
2025-08-05 12:42:48,834 - FTMO - INFO - 
        Profit Tracking Update:
        Current Profit: $-0.02
        Target: $1000.00
        Progress: -0.00%
        
2025-08-05 12:42:50,463 - FTMO - INFO - 
        Daily Loss Update:
        Current Loss: $0.03
        Maximum Allowed: $500.00
        Percentage Used: 0.01%
        
2025-08-05 12:42:50,463 - FTMO - INFO - 
        Profit Tracking Update:
        Current Profit: $-0.03
        Target: $1000.00
        Progress: -0.00%
        
2025-08-05 12:42:52,083 - FTMO - INFO - 
        Daily Loss Update:
        Current Loss: $0.01
        Maximum Allowed: $500.00
        Percentage Used: 0.00%
        
2025-08-05 12:42:52,083 - FTMO - INFO - 
        Profit Tracking Update:
        Current Profit: $-0.01
        Target: $1000.00
        Progress: -0.00%
        
2025-08-05 12:42:53,905 - FTMO - INFO - 
        Daily Loss Update:
        Current Loss: $0.00
        Maximum Allowed: $500.00
        Percentage Used: 0.00%
        
2025-08-05 12:42:53,905 - FTMO - INFO - 
        Profit Tracking Update:
        Current Profit: $0.00
        Target: $1000.00
        Progress: 0.00%
        
2025-08-05 12:42:55,543 - FTMO - INFO - 
        Daily Loss Update:
        Current Loss: $0.04
        Maximum Allowed: $500.00
        Percentage Used: 0.01%
        
2025-08-05 12:42:55,543 - FTMO - INFO - 
        Profit Tracking Update:
        Current Profit: $0.04
        Target: $1000.00
        Progress: 0.00%
        
2025-08-05 12:42:57,216 - FTMO - INFO - 
        Daily Loss Update:
        Current Loss: $0.04
        Maximum Allowed: $500.00
        Percentage Used: 0.01%
        
2025-08-05 12:42:57,216 - FTMO - INFO - 
        Profit Tracking Update:
        Current Profit: $0.04
        Target: $1000.00
        Progress: 0.00%
        
2025-08-05 12:42:59,099 - FTMO - INFO - 
        Daily Loss Update:
        Current Loss: $0.06
        Maximum Allowed: $500.00
        Percentage Used: 0.01%
        
2025-08-05 12:42:59,099 - FTMO - INFO - 
        Profit Tracking Update:
        Current Profit: $0.06
        Target: $1000.00
        Progress: 0.01%
        
2025-08-05 12:43:00,877 - FTMO - INFO - 
        Daily Loss Update:
        Current Loss: $0.07
        Maximum Allowed: $500.00
        Percentage Used: 0.01%
        
2025-08-05 12:43:00,877 - FTMO - INFO - 
        Profit Tracking Update:
        Current Profit: $0.07
        Target: $1000.00
        Progress: 0.01%
        
2025-08-05 12:43:02,484 - FTMO - INFO - 
        Daily Loss Update:
        Current Loss: $0.06
        Maximum Allowed: $500.00
        Percentage Used: 0.01%
        
2025-08-05 12:43:02,485 - FTMO - INFO - 
        Profit Tracking Update:
        Current Profit: $0.06
        Target: $1000.00
        Progress: 0.01%
        
2025-08-05 12:43:04,329 - FTMO - INFO - 
        Daily Loss Update:
        Current Loss: $0.05
        Maximum Allowed: $500.00
        Percentage Used: 0.01%
        
2025-08-05 12:43:04,330 - FTMO - INFO - 
        Profit Tracking Update:
        Current Profit: $0.05
        Target: $1000.00
        Progress: 0.01%
        
2025-08-05 12:43:05,961 - FTMO - INFO - 
        Daily Loss Update:
        Current Loss: $0.05
        Maximum Allowed: $500.00
        Percentage Used: 0.01%
        
2025-08-05 12:43:05,961 - FTMO - INFO - 
        Profit Tracking Update:
        Current Profit: $0.05
        Target: $1000.00
        Progress: 0.01%
        
2025-08-05 12:43:07,614 - FTMO - INFO - 
        Daily Loss Update:
        Current Loss: $0.06
        Maximum Allowed: $500.00
        Percentage Used: 0.01%
        
2025-08-05 12:43:07,614 - FTMO - INFO - 
        Profit Tracking Update:
        Current Profit: $0.06
        Target: $1000.00
        Progress: 0.01%
        
2025-08-05 12:43:09,482 - FTMO - INFO - 
        Daily Loss Update:
        Current Loss: $0.06
        Maximum Allowed: $500.00
        Percentage Used: 0.01%
        
2025-08-05 12:43:09,483 - FTMO - INFO - 
        Profit Tracking Update:
        Current Profit: $0.06
        Target: $1000.00
        Progress: 0.01%
        
2025-08-05 12:43:11,122 - FTMO - INFO - 
        Daily Loss Update:
        Current Loss: $0.06
        Maximum Allowed: $500.00
        Percentage Used: 0.01%
        
2025-08-05 12:43:11,123 - FTMO - INFO - 
        Profit Tracking Update:
        Current Profit: $0.06
        Target: $1000.00
        Progress: 0.01%
        
2025-08-05 12:43:12,822 - FTMO - INFO - 
        Daily Loss Update:
        Current Loss: $0.05
        Maximum Allowed: $500.00
        Percentage Used: 0.01%
        
2025-08-05 12:43:12,823 - FTMO - INFO - 
        Profit Tracking Update:
        Current Profit: $0.05
        Target: $1000.00
        Progress: 0.01%
        
2025-08-05 12:43:14,803 - FTMO - INFO - 
        Daily Loss Update:
        Current Loss: $0.04
        Maximum Allowed: $500.00
        Percentage Used: 0.01%
        
2025-08-05 12:43:14,803 - FTMO - INFO - 
        Profit Tracking Update:
        Current Profit: $0.04
        Target: $1000.00
        Progress: 0.00%
        
2025-08-05 12:43:16,475 - FTMO - INFO - 
        Daily Loss Update:
        Current Loss: $0.04
        Maximum Allowed: $500.00
        Percentage Used: 0.01%
        
2025-08-05 12:43:16,475 - FTMO - INFO - 
        Profit Tracking Update:
        Current Profit: $0.04
        Target: $1000.00
        Progress: 0.00%
        
2025-08-05 12:43:18,130 - FTMO - INFO - 
        Daily Loss Update:
        Current Loss: $0.06
        Maximum Allowed: $500.00
        Percentage Used: 0.01%
        
2025-08-05 12:43:18,130 - FTMO - INFO - 
        Profit Tracking Update:
        Current Profit: $0.06
        Target: $1000.00
        Progress: 0.01%
        
2025-08-05 12:43:19,931 - FTMO - INFO - 
        Daily Loss Update:
        Current Loss: $0.06
        Maximum Allowed: $500.00
        Percentage Used: 0.01%
        
2025-08-05 12:43:19,932 - FTMO - INFO - 
        Profit Tracking Update:
        Current Profit: $0.06
        Target: $1000.00
        Progress: 0.01%
        
2025-08-05 12:43:21,550 - FTMO - INFO - 
        Daily Loss Update:
        Current Loss: $0.06
        Maximum Allowed: $500.00
        Percentage Used: 0.01%
        
2025-08-05 12:43:21,550 - FTMO - INFO - 
        Profit Tracking Update:
        Current Profit: $0.06
        Target: $1000.00
        Progress: 0.01%
        
2025-08-05 12:43:23,201 - FTMO - INFO - 
        Daily Loss Update:
        Current Loss: $0.12
        Maximum Allowed: $500.00
        Percentage Used: 0.02%
        
2025-08-05 12:43:23,201 - FTMO - INFO - 
        Profit Tracking Update:
        Current Profit: $0.12
        Target: $1000.00
        Progress: 0.01%
        
2025-08-05 12:43:25,021 - FTMO - INFO - 
        Daily Loss Update:
        Current Loss: $0.13
        Maximum Allowed: $500.00
        Percentage Used: 0.03%
        
2025-08-05 12:43:25,022 - FTMO - INFO - 
        Profit Tracking Update:
        Current Profit: $0.13
        Target: $1000.00
        Progress: 0.01%
        
2025-08-05 12:43:26,670 - FTMO - INFO - 
        Daily Loss Update:
        Current Loss: $0.13
        Maximum Allowed: $500.00
        Percentage Used: 0.03%
        
2025-08-05 12:43:26,670 - FTMO - INFO - 
        Profit Tracking Update:
        Current Profit: $0.13
        Target: $1000.00
        Progress: 0.01%
        
2025-08-05 12:43:28,349 - FTMO - INFO - 
        Daily Loss Update:
        Current Loss: $0.15
        Maximum Allowed: $500.00
        Percentage Used: 0.03%
        
2025-08-05 12:43:28,349 - FTMO - INFO - 
        Profit Tracking Update:
        Current Profit: $0.15
        Target: $1000.00
        Progress: 0.01%
        
2025-08-05 12:43:30,187 - FTMO - INFO - 
        Daily Loss Update:
        Current Loss: $0.14
        Maximum Allowed: $500.00
        Percentage Used: 0.03%
        
2025-08-05 12:43:30,187 - FTMO - INFO - 
        Profit Tracking Update:
        Current Profit: $0.14
        Target: $1000.00
        Progress: 0.01%
        
2025-08-05 12:43:31,846 - FTMO - INFO - 
        Daily Loss Update:
        Current Loss: $0.14
        Maximum Allowed: $500.00
        Percentage Used: 0.03%
        
2025-08-05 12:43:31,846 - FTMO - INFO - 
        Profit Tracking Update:
        Current Profit: $0.14
        Target: $1000.00
        Progress: 0.01%
        
2025-08-05 12:43:33,504 - FTMO - INFO - 
        Daily Loss Update:
        Current Loss: $0.09
        Maximum Allowed: $500.00
        Percentage Used: 0.02%
        
2025-08-05 12:43:33,504 - FTMO - INFO - 
        Profit Tracking Update:
        Current Profit: $0.09
        Target: $1000.00
        Progress: 0.01%
        
2025-08-05 12:43:35,336 - FTMO - INFO - 
        Daily Loss Update:
        Current Loss: $0.09
        Maximum Allowed: $500.00
        Percentage Used: 0.02%
        
2025-08-05 12:43:35,336 - FTMO - INFO - 
        Profit Tracking Update:
        Current Profit: $0.09
        Target: $1000.00
        Progress: 0.01%
        
2025-08-05 12:43:37,051 - FTMO - INFO - 
        Daily Loss Update:
        Current Loss: $0.09
        Maximum Allowed: $500.00
        Percentage Used: 0.02%
        
2025-08-05 12:43:37,051 - FTMO - INFO - 
        Profit Tracking Update:
        Current Profit: $0.09
        Target: $1000.00
        Progress: 0.01%
        
2025-08-05 12:43:38,744 - FTMO - INFO - 
        Daily Loss Update:
        Current Loss: $0.11
        Maximum Allowed: $500.00
        Percentage Used: 0.02%
        
2025-08-05 12:43:38,744 - FTMO - INFO - 
        Profit Tracking Update:
        Current Profit: $0.11
        Target: $1000.00
        Progress: 0.01%
        
2025-08-05 12:43:40,581 - FTMO - INFO - 
        Daily Loss Update:
        Current Loss: $0.20
        Maximum Allowed: $500.00
        Percentage Used: 0.04%
        
2025-08-05 12:43:40,582 - FTMO - INFO - 
        Profit Tracking Update:
        Current Profit: $0.20
        Target: $1000.00
        Progress: 0.02%
        
2025-08-05 12:43:42,246 - FTMO - INFO - 
        Daily Loss Update:
        Current Loss: $0.20
        Maximum Allowed: $500.00
        Percentage Used: 0.04%
        
2025-08-05 12:43:42,246 - FTMO - INFO - 
        Profit Tracking Update:
        Current Profit: $0.20
        Target: $1000.00
        Progress: 0.02%
        
2025-08-05 12:43:43,917 - FTMO - INFO - 
        Daily Loss Update:
        Current Loss: $0.20
        Maximum Allowed: $500.00
        Percentage Used: 0.04%
        
2025-08-05 12:43:43,918 - FTMO - INFO - 
        Profit Tracking Update:
        Current Profit: $0.20
        Target: $1000.00
        Progress: 0.02%
        
2025-08-05 12:43:45,733 - FTMO - INFO - 
        Daily Loss Update:
        Current Loss: $0.20
        Maximum Allowed: $500.00
        Percentage Used: 0.04%
        
2025-08-05 12:43:45,733 - FTMO - INFO - 
        Profit Tracking Update:
        Current Profit: $0.20
        Target: $1000.00
        Progress: 0.02%
        
2025-08-05 12:43:47,390 - FTMO - INFO - 
        Daily Loss Update:
        Current Loss: $0.20
        Maximum Allowed: $500.00
        Percentage Used: 0.04%
        
2025-08-05 12:43:47,390 - FTMO - INFO - 
        Profit Tracking Update:
        Current Profit: $0.20
        Target: $1000.00
        Progress: 0.02%
        
2025-08-05 12:43:49,013 - FTMO - INFO - 
        Daily Loss Update:
        Current Loss: $0.20
        Maximum Allowed: $500.00
        Percentage Used: 0.04%
        
2025-08-05 12:43:49,013 - FTMO - INFO - 
        Profit Tracking Update:
        Current Profit: $0.20
        Target: $1000.00
        Progress: 0.02%
        
2025-08-05 12:43:50,820 - FTMO - INFO - 
        Daily Loss Update:
        Current Loss: $0.20
        Maximum Allowed: $500.00
        Percentage Used: 0.04%
        
2025-08-05 12:43:50,820 - FTMO - INFO - 
        Profit Tracking Update:
        Current Profit: $0.20
        Target: $1000.00
        Progress: 0.02%
        
2025-08-05 12:43:52,516 - FTMO - INFO - 
        Daily Loss Update:
        Current Loss: $0.22
        Maximum Allowed: $500.00
        Percentage Used: 0.04%
        
2025-08-05 12:43:52,516 - FTMO - INFO - 
        Profit Tracking Update:
        Current Profit: $0.22
        Target: $1000.00
        Progress: 0.02%
        
2025-08-05 12:43:54,169 - FTMO - INFO - 
        Daily Loss Update:
        Current Loss: $0.24
        Maximum Allowed: $500.00
        Percentage Used: 0.05%
        
2025-08-05 12:43:54,170 - FTMO - INFO - 
        Profit Tracking Update:
        Current Profit: $0.24
        Target: $1000.00
        Progress: 0.02%
        
2025-08-05 12:43:56,042 - FTMO - INFO - 
        Daily Loss Update:
        Current Loss: $0.27
        Maximum Allowed: $500.00
        Percentage Used: 0.05%
        
2025-08-05 12:43:56,042 - FTMO - INFO - 
        Profit Tracking Update:
        Current Profit: $0.27
        Target: $1000.00
        Progress: 0.03%
        
2025-08-05 12:43:57,686 - FTMO - INFO - 
        Daily Loss Update:
        Current Loss: $0.32
        Maximum Allowed: $500.00
        Percentage Used: 0.06%
        
2025-08-05 12:43:57,686 - FTMO - INFO - 
        Profit Tracking Update:
        Current Profit: $0.32
        Target: $1000.00
        Progress: 0.03%
        
2025-08-05 12:43:59,360 - FTMO - INFO - 
        Daily Loss Update:
        Current Loss: $0.30
        Maximum Allowed: $500.00
        Percentage Used: 0.06%
        
2025-08-05 12:43:59,360 - FTMO - INFO - 
        Profit Tracking Update:
        Current Profit: $0.30
        Target: $1000.00
        Progress: 0.03%
        
2025-08-05 12:44:01,216 - FTMO - INFO - 
        Daily Loss Update:
        Current Loss: $0.29
        Maximum Allowed: $500.00
        Percentage Used: 0.06%
        
2025-08-05 12:44:01,216 - FTMO - INFO - 
        Profit Tracking Update:
        Current Profit: $0.29
        Target: $1000.00
        Progress: 0.03%
        
2025-08-05 12:44:02,841 - FTMO - INFO - 
        Daily Loss Update:
        Current Loss: $0.30
        Maximum Allowed: $500.00
        Percentage Used: 0.06%
        
2025-08-05 12:44:02,842 - FTMO - INFO - 
        Profit Tracking Update:
        Current Profit: $0.30
        Target: $1000.00
        Progress: 0.03%
        
2025-08-05 12:44:04,487 - FTMO - INFO - 
        Daily Loss Update:
        Current Loss: $0.29
        Maximum Allowed: $500.00
        Percentage Used: 0.06%
        
2025-08-05 12:44:04,487 - FTMO - INFO - 
        Profit Tracking Update:
        Current Profit: $0.29
        Target: $1000.00
        Progress: 0.03%
        
2025-08-05 12:44:06,316 - FTMO - INFO - 
        Daily Loss Update:
        Current Loss: $0.29
        Maximum Allowed: $500.00
        Percentage Used: 0.06%
        
2025-08-05 12:44:06,316 - FTMO - INFO - 
        Profit Tracking Update:
        Current Profit: $0.29
        Target: $1000.00
        Progress: 0.03%
        
2025-08-05 12:44:07,959 - FTMO - INFO - 
        Daily Loss Update:
        Current Loss: $0.30
        Maximum Allowed: $500.00
        Percentage Used: 0.06%
        
2025-08-05 12:44:07,959 - FTMO - INFO - 
        Profit Tracking Update:
        Current Profit: $0.30
        Target: $1000.00
        Progress: 0.03%
        
2025-08-05 12:44:09,619 - FTMO - INFO - 
        Daily Loss Update:
        Current Loss: $0.32
        Maximum Allowed: $500.00
        Percentage Used: 0.06%
        
2025-08-05 12:44:09,619 - FTMO - INFO - 
        Profit Tracking Update:
        Current Profit: $0.32
        Target: $1000.00
        Progress: 0.03%
        
2025-08-05 12:44:11,605 - FTMO - INFO - 
        Daily Loss Update:
        Current Loss: $0.32
        Maximum Allowed: $500.00
        Percentage Used: 0.06%
        
2025-08-05 12:44:11,605 - FTMO - INFO - 
        Profit Tracking Update:
        Current Profit: $0.32
        Target: $1000.00
        Progress: 0.03%
        
2025-08-05 12:44:13,264 - FTMO - INFO - 
        Daily Loss Update:
        Current Loss: $0.32
        Maximum Allowed: $500.00
        Percentage Used: 0.06%
        
2025-08-05 12:44:13,264 - FTMO - INFO - 
        Profit Tracking Update:
        Current Profit: $0.32
        Target: $1000.00
        Progress: 0.03%
        
2025-08-05 12:44:14,933 - FTMO - INFO - 
        Daily Loss Update:
        Current Loss: $0.33
        Maximum Allowed: $500.00
        Percentage Used: 0.07%
        
2025-08-05 12:44:14,937 - FTMO - INFO - 
        Profit Tracking Update:
        Current Profit: $0.33
        Target: $1000.00
        Progress: 0.03%
        
2025-08-05 12:44:16,768 - FTMO - INFO - 
        Daily Loss Update:
        Current Loss: $0.33
        Maximum Allowed: $500.00
        Percentage Used: 0.07%
        
2025-08-05 12:44:16,768 - FTMO - INFO - 
        Profit Tracking Update:
        Current Profit: $0.33
        Target: $1000.00
        Progress: 0.03%
        
2025-08-05 12:44:18,409 - FTMO - INFO - 
        Daily Loss Update:
        Current Loss: $0.33
        Maximum Allowed: $500.00
        Percentage Used: 0.07%
        
2025-08-05 12:44:18,410 - FTMO - INFO - 
        Profit Tracking Update:
        Current Profit: $0.33
        Target: $1000.00
        Progress: 0.03%
        
2025-08-05 12:44:20,061 - FTMO - INFO - 
        Daily Loss Update:
        Current Loss: $0.31
        Maximum Allowed: $500.00
        Percentage Used: 0.06%
        
2025-08-05 12:44:20,062 - FTMO - INFO - 
        Profit Tracking Update:
        Current Profit: $0.31
        Target: $1000.00
        Progress: 0.03%
        
2025-08-05 12:44:21,873 - FTMO - INFO - 
        Daily Loss Update:
        Current Loss: $0.32
        Maximum Allowed: $500.00
        Percentage Used: 0.06%
        
2025-08-05 12:44:21,874 - FTMO - INFO - 
        Profit Tracking Update:
        Current Profit: $0.32
        Target: $1000.00
        Progress: 0.03%
        
2025-08-05 12:44:23,502 - FTMO - INFO - 
        Daily Loss Update:
        Current Loss: $0.32
        Maximum Allowed: $500.00
        Percentage Used: 0.06%
        
2025-08-05 12:44:23,502 - FTMO - INFO - 
        Profit Tracking Update:
        Current Profit: $0.32
        Target: $1000.00
        Progress: 0.03%
        
2025-08-05 12:44:25,142 - FTMO - INFO - 
        Daily Loss Update:
        Current Loss: $0.33
        Maximum Allowed: $500.00
        Percentage Used: 0.07%
        
2025-08-05 12:44:25,142 - FTMO - INFO - 
        Profit Tracking Update:
        Current Profit: $0.33
        Target: $1000.00
        Progress: 0.03%
        
2025-08-05 12:44:26,966 - FTMO - INFO - 
        Daily Loss Update:
        Current Loss: $0.33
        Maximum Allowed: $500.00
        Percentage Used: 0.07%
        
2025-08-05 12:44:26,966 - FTMO - INFO - 
        Profit Tracking Update:
        Current Profit: $0.33
        Target: $1000.00
        Progress: 0.03%
        
2025-08-05 12:44:28,612 - FTMO - INFO - 
        Daily Loss Update:
        Current Loss: $0.33
        Maximum Allowed: $500.00
        Percentage Used: 0.07%
        
2025-08-05 12:44:28,612 - FTMO - INFO - 
        Profit Tracking Update:
        Current Profit: $0.33
        Target: $1000.00
        Progress: 0.03%
        
2025-08-05 12:44:30,247 - FTMO - INFO - 
        Daily Loss Update:
        Current Loss: $0.32
        Maximum Allowed: $500.00
        Percentage Used: 0.06%
        
2025-08-05 12:44:30,248 - FTMO - INFO - 
        Profit Tracking Update:
        Current Profit: $0.32
        Target: $1000.00
        Progress: 0.03%
        
2025-08-05 12:44:32,063 - FTMO - INFO - 
        Daily Loss Update:
        Current Loss: $0.32
        Maximum Allowed: $500.00
        Percentage Used: 0.06%
        
2025-08-05 12:44:32,064 - FTMO - INFO - 
        Profit Tracking Update:
        Current Profit: $0.32
        Target: $1000.00
        Progress: 0.03%
        
2025-08-05 12:44:33,678 - FTMO - INFO - 
        Daily Loss Update:
        Current Loss: $0.31
        Maximum Allowed: $500.00
        Percentage Used: 0.06%
        
2025-08-05 12:44:33,678 - FTMO - INFO - 
        Profit Tracking Update:
        Current Profit: $0.31
        Target: $1000.00
        Progress: 0.03%
        
2025-08-05 12:44:35,305 - FTMO - INFO - 
        Daily Loss Update:
        Current Loss: $0.31
        Maximum Allowed: $500.00
        Percentage Used: 0.06%
        
2025-08-05 12:44:35,305 - FTMO - INFO - 
        Profit Tracking Update:
        Current Profit: $0.31
        Target: $1000.00
        Progress: 0.03%
        
2025-08-05 12:44:37,210 - FTMO - INFO - 
        Daily Loss Update:
        Current Loss: $0.33
        Maximum Allowed: $500.00
        Percentage Used: 0.07%
        
2025-08-05 12:44:37,210 - FTMO - INFO - 
        Profit Tracking Update:
        Current Profit: $0.33
        Target: $1000.00
        Progress: 0.03%
        
2025-08-05 12:44:38,880 - FTMO - INFO - 
        Daily Loss Update:
        Current Loss: $0.33
        Maximum Allowed: $500.00
        Percentage Used: 0.07%
        
2025-08-05 12:44:38,880 - FTMO - INFO - 
        Profit Tracking Update:
        Current Profit: $0.33
        Target: $1000.00
        Progress: 0.03%
        
2025-08-05 12:44:40,513 - FTMO - INFO - 
        Daily Loss Update:
        Current Loss: $0.33
        Maximum Allowed: $500.00
        Percentage Used: 0.07%
        
2025-08-05 12:44:40,513 - FTMO - INFO - 
        Profit Tracking Update:
        Current Profit: $0.33
        Target: $1000.00
        Progress: 0.03%
        
2025-08-05 12:44:42,330 - FTMO - INFO - 
        Daily Loss Update:
        Current Loss: $0.33
        Maximum Allowed: $500.00
        Percentage Used: 0.07%
        
2025-08-05 12:44:42,330 - FTMO - INFO - 
        Profit Tracking Update:
        Current Profit: $0.33
        Target: $1000.00
        Progress: 0.03%
        
2025-08-05 12:44:43,983 - FTMO - INFO - 
        Daily Loss Update:
        Current Loss: $0.34
        Maximum Allowed: $500.00
        Percentage Used: 0.07%
        
2025-08-05 12:44:43,983 - FTMO - INFO - 
        Profit Tracking Update:
        Current Profit: $0.34
        Target: $1000.00
        Progress: 0.03%
        
2025-08-05 12:44:45,624 - FTMO - INFO - 
        Daily Loss Update:
        Current Loss: $0.33
        Maximum Allowed: $500.00
        Percentage Used: 0.07%
        
2025-08-05 12:44:45,624 - FTMO - INFO - 
        Profit Tracking Update:
        Current Profit: $0.33
        Target: $1000.00
        Progress: 0.03%
        
2025-08-05 12:44:47,481 - FTMO - INFO - 
        Daily Loss Update:
        Current Loss: $0.37
        Maximum Allowed: $500.00
        Percentage Used: 0.07%
        
2025-08-05 12:44:47,482 - FTMO - INFO - 
        Profit Tracking Update:
        Current Profit: $0.37
        Target: $1000.00
        Progress: 0.04%
        
2025-08-05 12:44:49,106 - FTMO - INFO - 
        Daily Loss Update:
        Current Loss: $0.37
        Maximum Allowed: $500.00
        Percentage Used: 0.07%
        
2025-08-05 12:44:49,107 - FTMO - INFO - 
        Profit Tracking Update:
        Current Profit: $0.37
        Target: $1000.00
        Progress: 0.04%
        
2025-08-05 12:44:50,732 - FTMO - INFO - 
        Daily Loss Update:
        Current Loss: $0.37
        Maximum Allowed: $500.00
        Percentage Used: 0.07%
        
2025-08-05 12:44:50,733 - FTMO - INFO - 
        Profit Tracking Update:
        Current Profit: $0.37
        Target: $1000.00
        Progress: 0.04%
        
2025-08-05 12:44:52,553 - FTMO - INFO - 
        Daily Loss Update:
        Current Loss: $0.37
        Maximum Allowed: $500.00
        Percentage Used: 0.07%
        
2025-08-05 12:44:52,554 - FTMO - INFO - 
        Profit Tracking Update:
        Current Profit: $0.37
        Target: $1000.00
        Progress: 0.04%
        
2025-08-05 12:44:54,199 - FTMO - INFO - 
        Daily Loss Update:
        Current Loss: $0.37
        Maximum Allowed: $500.00
        Percentage Used: 0.07%
        
2025-08-05 12:44:54,200 - FTMO - INFO - 
        Profit Tracking Update:
        Current Profit: $0.37
        Target: $1000.00
        Progress: 0.04%
        
2025-08-05 12:44:55,823 - FTMO - INFO - 
        Daily Loss Update:
        Current Loss: $0.35
        Maximum Allowed: $500.00
        Percentage Used: 0.07%
        
2025-08-05 12:44:55,823 - FTMO - INFO - 
        Profit Tracking Update:
        Current Profit: $0.35
        Target: $1000.00
        Progress: 0.03%
        
2025-08-05 12:44:57,646 - FTMO - INFO - 
        Daily Loss Update:
        Current Loss: $0.36
        Maximum Allowed: $500.00
        Percentage Used: 0.07%
        
2025-08-05 12:44:57,646 - FTMO - INFO - 
        Profit Tracking Update:
        Current Profit: $0.36
        Target: $1000.00
        Progress: 0.04%
        
2025-08-05 12:44:59,292 - FTMO - INFO - 
        Daily Loss Update:
        Current Loss: $0.37
        Maximum Allowed: $500.00
        Percentage Used: 0.07%
        
2025-08-05 12:44:59,293 - FTMO - INFO - 
        Profit Tracking Update:
        Current Profit: $0.37
        Target: $1000.00
        Progress: 0.04%
        
2025-08-05 12:45:00,974 - FTMO - INFO - 
        Daily Loss Update:
        Current Loss: $0.33
        Maximum Allowed: $500.00
        Percentage Used: 0.07%
        
2025-08-05 12:45:00,974 - FTMO - INFO - 
        Profit Tracking Update:
        Current Profit: $0.33
        Target: $1000.00
        Progress: 0.03%
        
2025-08-05 12:45:02,796 - FTMO - INFO - 
        Daily Loss Update:
        Current Loss: $0.31
        Maximum Allowed: $500.00
        Percentage Used: 0.06%
        
2025-08-05 12:45:02,797 - FTMO - INFO - 
        Profit Tracking Update:
        Current Profit: $0.31
        Target: $1000.00
        Progress: 0.03%
        
2025-08-05 12:45:04,481 - FTMO - INFO - 
        Daily Loss Update:
        Current Loss: $0.33
        Maximum Allowed: $500.00
        Percentage Used: 0.07%
        
2025-08-05 12:45:04,481 - FTMO - INFO - 
        Profit Tracking Update:
        Current Profit: $0.33
        Target: $1000.00
        Progress: 0.03%
        
2025-08-05 12:45:06,146 - FTMO - INFO - 
        Daily Loss Update:
        Current Loss: $0.32
        Maximum Allowed: $500.00
        Percentage Used: 0.06%
        
2025-08-05 12:45:06,147 - FTMO - INFO - 
        Profit Tracking Update:
        Current Profit: $0.32
        Target: $1000.00
        Progress: 0.03%
        
2025-08-05 12:45:07,990 - FTMO - INFO - 
        Daily Loss Update:
        Current Loss: $0.32
        Maximum Allowed: $500.00
        Percentage Used: 0.06%
        
2025-08-05 12:45:07,991 - FTMO - INFO - 
        Profit Tracking Update:
        Current Profit: $0.32
        Target: $1000.00
        Progress: 0.03%
        
2025-08-05 12:45:09,676 - FTMO - INFO - 
        Daily Loss Update:
        Current Loss: $0.32
        Maximum Allowed: $500.00
        Percentage Used: 0.06%
        
2025-08-05 12:45:09,676 - FTMO - INFO - 
        Profit Tracking Update:
        Current Profit: $0.32
        Target: $1000.00
        Progress: 0.03%
        
2025-08-05 12:45:11,398 - FTMO - INFO - 
        Daily Loss Update:
        Current Loss: $0.32
        Maximum Allowed: $500.00
        Percentage Used: 0.06%
        
2025-08-05 12:45:11,399 - FTMO - INFO - 
        Profit Tracking Update:
        Current Profit: $0.32
        Target: $1000.00
        Progress: 0.03%
        
2025-08-05 12:45:13,241 - FTMO - INFO - 
        Daily Loss Update:
        Current Loss: $0.31
        Maximum Allowed: $500.00
        Percentage Used: 0.06%
        
2025-08-05 12:45:13,242 - FTMO - INFO - 
        Profit Tracking Update:
        Current Profit: $0.31
        Target: $1000.00
        Progress: 0.03%
        
2025-08-05 12:45:14,902 - FTMO - INFO - 
        Daily Loss Update:
        Current Loss: $0.30
        Maximum Allowed: $500.00
        Percentage Used: 0.06%
        
2025-08-05 12:45:14,903 - FTMO - INFO - 
        Profit Tracking Update:
        Current Profit: $0.30
        Target: $1000.00
        Progress: 0.03%
        
2025-08-05 12:45:16,543 - FTMO - INFO - 
        Daily Loss Update:
        Current Loss: $0.30
        Maximum Allowed: $500.00
        Percentage Used: 0.06%
        
2025-08-05 12:45:16,543 - FTMO - INFO - 
        Profit Tracking Update:
        Current Profit: $0.30
        Target: $1000.00
        Progress: 0.03%
        
2025-08-05 12:45:18,390 - FTMO - INFO - 
        Daily Loss Update:
        Current Loss: $0.30
        Maximum Allowed: $500.00
        Percentage Used: 0.06%
        
2025-08-05 12:45:18,391 - FTMO - INFO - 
        Profit Tracking Update:
        Current Profit: $0.30
        Target: $1000.00
        Progress: 0.03%
        
2025-08-05 12:45:20,037 - FTMO - INFO - 
        Daily Loss Update:
        Current Loss: $0.30
        Maximum Allowed: $500.00
        Percentage Used: 0.06%
        
2025-08-05 12:45:20,037 - FTMO - INFO - 
        Profit Tracking Update:
        Current Profit: $0.30
        Target: $1000.00
        Progress: 0.03%
        
2025-08-05 12:45:21,708 - FTMO - INFO - 
        Daily Loss Update:
        Current Loss: $0.26
        Maximum Allowed: $500.00
        Percentage Used: 0.05%
        
2025-08-05 12:45:21,709 - FTMO - INFO - 
        Profit Tracking Update:
        Current Profit: $0.26
        Target: $1000.00
        Progress: 0.03%
        
2025-08-05 12:45:23,557 - FTMO - INFO - 
        Daily Loss Update:
        Current Loss: $0.26
        Maximum Allowed: $500.00
        Percentage Used: 0.05%
        
2025-08-05 12:45:23,558 - FTMO - INFO - 
        Profit Tracking Update:
        Current Profit: $0.26
        Target: $1000.00
        Progress: 0.03%
        
2025-08-05 12:45:25,208 - FTMO - INFO - 
        Daily Loss Update:
        Current Loss: $0.26
        Maximum Allowed: $500.00
        Percentage Used: 0.05%
        
2025-08-05 12:45:25,209 - FTMO - INFO - 
        Profit Tracking Update:
        Current Profit: $0.26
        Target: $1000.00
        Progress: 0.03%
        
2025-08-05 12:45:26,834 - FTMO - INFO - 
        Daily Loss Update:
        Current Loss: $0.26
        Maximum Allowed: $500.00
        Percentage Used: 0.05%
        
2025-08-05 12:45:26,835 - FTMO - INFO - 
        Profit Tracking Update:
        Current Profit: $0.26
        Target: $1000.00
        Progress: 0.03%
        
2025-08-05 12:45:28,626 - FTMO - INFO - 
        Daily Loss Update:
        Current Loss: $0.26
        Maximum Allowed: $500.00
        Percentage Used: 0.05%
        
2025-08-05 12:45:28,626 - FTMO - INFO - 
        Profit Tracking Update:
        Current Profit: $0.26
        Target: $1000.00
        Progress: 0.03%
        
2025-08-05 12:45:30,251 - FTMO - INFO - 
        Daily Loss Update:
        Current Loss: $0.26
        Maximum Allowed: $500.00
        Percentage Used: 0.05%
        
2025-08-05 12:45:30,251 - FTMO - INFO - 
        Profit Tracking Update:
        Current Profit: $0.26
        Target: $1000.00
        Progress: 0.03%
        
2025-08-05 12:45:31,886 - FTMO - INFO - 
        Daily Loss Update:
        Current Loss: $0.26
        Maximum Allowed: $500.00
        Percentage Used: 0.05%
        
2025-08-05 12:45:31,887 - FTMO - INFO - 
        Profit Tracking Update:
        Current Profit: $0.26
        Target: $1000.00
        Progress: 0.03%
        
2025-08-05 12:45:33,699 - FTMO - INFO - 
        Daily Loss Update:
        Current Loss: $0.26
        Maximum Allowed: $500.00
        Percentage Used: 0.05%
        
2025-08-05 12:45:33,699 - FTMO - INFO - 
        Profit Tracking Update:
        Current Profit: $0.26
        Target: $1000.00
        Progress: 0.03%
        
2025-08-05 12:45:35,337 - FTMO - INFO - 
        Daily Loss Update:
        Current Loss: $0.26
        Maximum Allowed: $500.00
        Percentage Used: 0.05%
        
2025-08-05 12:45:35,337 - FTMO - INFO - 
        Profit Tracking Update:
        Current Profit: $0.26
        Target: $1000.00
        Progress: 0.03%
        
2025-08-05 12:45:36,965 - FTMO - INFO - 
        Daily Loss Update:
        Current Loss: $0.27
        Maximum Allowed: $500.00
        Percentage Used: 0.05%
        
2025-08-05 12:45:36,965 - FTMO - INFO - 
        Profit Tracking Update:
        Current Profit: $0.27
        Target: $1000.00
        Progress: 0.03%
        
2025-08-05 12:45:38,950 - FTMO - INFO - 
        Daily Loss Update:
        Current Loss: $0.26
        Maximum Allowed: $500.00
        Percentage Used: 0.05%
        
2025-08-05 12:45:38,951 - FTMO - INFO - 
        Profit Tracking Update:
        Current Profit: $0.26
        Target: $1000.00
        Progress: 0.03%
        
2025-08-05 12:45:40,570 - FTMO - INFO - 
        Daily Loss Update:
        Current Loss: $0.23
        Maximum Allowed: $500.00
        Percentage Used: 0.05%
        
2025-08-05 12:45:40,571 - FTMO - INFO - 
        Profit Tracking Update:
        Current Profit: $0.23
        Target: $1000.00
        Progress: 0.02%
        
2025-08-05 12:45:42,187 - FTMO - INFO - 
        Daily Loss Update:
        Current Loss: $0.23
        Maximum Allowed: $500.00
        Percentage Used: 0.05%
        
2025-08-05 12:45:42,188 - FTMO - INFO - 
        Profit Tracking Update:
        Current Profit: $0.23
        Target: $1000.00
        Progress: 0.02%
        
2025-08-05 12:45:43,983 - FTMO - INFO - 
        Daily Loss Update:
        Current Loss: $0.26
        Maximum Allowed: $500.00
        Percentage Used: 0.05%
        
2025-08-05 12:45:43,983 - FTMO - INFO - 
        Profit Tracking Update:
        Current Profit: $0.26
        Target: $1000.00
        Progress: 0.03%
        
2025-08-05 12:45:45,603 - FTMO - INFO - 
        Daily Loss Update:
        Current Loss: $0.20
        Maximum Allowed: $500.00
        Percentage Used: 0.04%
        
2025-08-05 12:45:45,604 - FTMO - INFO - 
        Profit Tracking Update:
        Current Profit: $0.20
        Target: $1000.00
        Progress: 0.02%
        
2025-08-05 12:45:47,221 - FTMO - INFO - 
        Daily Loss Update:
        Current Loss: $0.20
        Maximum Allowed: $500.00
        Percentage Used: 0.04%
        
2025-08-05 12:45:47,221 - FTMO - INFO - 
        Profit Tracking Update:
        Current Profit: $0.20
        Target: $1000.00
        Progress: 0.02%
        
2025-08-05 12:45:49,013 - FTMO - INFO - 
        Daily Loss Update:
        Current Loss: $0.18
        Maximum Allowed: $500.00
        Percentage Used: 0.04%
        
2025-08-05 12:45:49,013 - FTMO - INFO - 
        Profit Tracking Update:
        Current Profit: $0.18
        Target: $1000.00
        Progress: 0.02%
        
2025-08-05 12:45:50,639 - FTMO - INFO - 
        Daily Loss Update:
        Current Loss: $0.18
        Maximum Allowed: $500.00
        Percentage Used: 0.04%
        
2025-08-05 12:45:50,640 - FTMO - INFO - 
        Profit Tracking Update:
        Current Profit: $0.18
        Target: $1000.00
        Progress: 0.02%
        
2025-08-05 12:45:52,267 - FTMO - INFO - 
        Daily Loss Update:
        Current Loss: $0.14
        Maximum Allowed: $500.00
        Percentage Used: 0.03%
        
2025-08-05 12:45:52,267 - FTMO - INFO - 
        Profit Tracking Update:
        Current Profit: $0.14
        Target: $1000.00
        Progress: 0.01%
        
2025-08-05 12:45:54,143 - FTMO - INFO - 
        Daily Loss Update:
        Current Loss: $0.12
        Maximum Allowed: $500.00
        Percentage Used: 0.02%
        
2025-08-05 12:45:54,143 - FTMO - INFO - 
        Profit Tracking Update:
        Current Profit: $0.12
        Target: $1000.00
        Progress: 0.01%
        
2025-08-05 12:45:55,773 - FTMO - INFO - 
        Daily Loss Update:
        Current Loss: $0.12
        Maximum Allowed: $500.00
        Percentage Used: 0.02%
        
2025-08-05 12:45:55,773 - FTMO - INFO - 
        Profit Tracking Update:
        Current Profit: $0.12
        Target: $1000.00
        Progress: 0.01%
        
2025-08-05 12:45:57,399 - FTMO - INFO - 
        Daily Loss Update:
        Current Loss: $0.12
        Maximum Allowed: $500.00
        Percentage Used: 0.02%
        
2025-08-05 12:45:57,399 - FTMO - INFO - 
        Profit Tracking Update:
        Current Profit: $0.12
        Target: $1000.00
        Progress: 0.01%
        
2025-08-05 12:45:59,272 - FTMO - INFO - 
        Daily Loss Update:
        Current Loss: $0.12
        Maximum Allowed: $500.00
        Percentage Used: 0.02%
        
2025-08-05 12:45:59,272 - FTMO - INFO - 
        Profit Tracking Update:
        Current Profit: $0.12
        Target: $1000.00
        Progress: 0.01%
        
2025-08-05 12:46:00,959 - FTMO - INFO - 
        Daily Loss Update:
        Current Loss: $0.08
        Maximum Allowed: $500.00
        Percentage Used: 0.02%
        
2025-08-05 12:46:00,959 - FTMO - INFO - 
        Profit Tracking Update:
        Current Profit: $0.08
        Target: $1000.00
        Progress: 0.01%
        
2025-08-05 12:46:02,598 - FTMO - INFO - 
        Daily Loss Update:
        Current Loss: $0.09
        Maximum Allowed: $500.00
        Percentage Used: 0.02%
        
2025-08-05 12:46:02,598 - FTMO - INFO - 
        Profit Tracking Update:
        Current Profit: $0.09
        Target: $1000.00
        Progress: 0.01%
        
2025-08-05 12:46:04,397 - FTMO - INFO - 
        Daily Loss Update:
        Current Loss: $0.09
        Maximum Allowed: $500.00
        Percentage Used: 0.02%
        
2025-08-05 12:46:04,397 - FTMO - INFO - 
        Profit Tracking Update:
        Current Profit: $0.09
        Target: $1000.00
        Progress: 0.01%
        
2025-08-05 12:46:06,018 - FTMO - INFO - 
        Daily Loss Update:
        Current Loss: $0.02
        Maximum Allowed: $500.00
        Percentage Used: 0.00%
        
2025-08-05 12:46:06,019 - FTMO - INFO - 
        Profit Tracking Update:
        Current Profit: $0.02
        Target: $1000.00
        Progress: 0.00%
        
2025-08-05 12:46:07,680 - FTMO - INFO - 
        Daily Loss Update:
        Current Loss: $0.02
        Maximum Allowed: $500.00
        Percentage Used: 0.00%
        
2025-08-05 12:46:07,681 - FTMO - INFO - 
        Profit Tracking Update:
        Current Profit: $0.02
        Target: $1000.00
        Progress: 0.00%
        
2025-08-05 12:46:09,510 - FTMO - INFO - 
        Daily Loss Update:
        Current Loss: $0.03
        Maximum Allowed: $500.00
        Percentage Used: 0.01%
        
2025-08-05 12:46:09,510 - FTMO - INFO - 
        Profit Tracking Update:
        Current Profit: $0.03
        Target: $1000.00
        Progress: 0.00%
        
2025-08-05 12:46:11,160 - FTMO - INFO - 
        Daily Loss Update:
        Current Loss: $0.06
        Maximum Allowed: $500.00
        Percentage Used: 0.01%
        
2025-08-05 12:46:11,160 - FTMO - INFO - 
        Profit Tracking Update:
        Current Profit: $0.06
        Target: $1000.00
        Progress: 0.01%
        
2025-08-05 12:46:12,817 - FTMO - INFO - 
        Daily Loss Update:
        Current Loss: $0.07
        Maximum Allowed: $500.00
        Percentage Used: 0.01%
        
2025-08-05 12:46:12,818 - FTMO - INFO - 
        Profit Tracking Update:
        Current Profit: $0.07
        Target: $1000.00
        Progress: 0.01%
        
2025-08-05 12:46:14,668 - FTMO - INFO - 
        Daily Loss Update:
        Current Loss: $0.05
        Maximum Allowed: $500.00
        Percentage Used: 0.01%
        
2025-08-05 12:46:14,669 - FTMO - INFO - 
        Profit Tracking Update:
        Current Profit: $0.05
        Target: $1000.00
        Progress: 0.01%
        
2025-08-05 12:46:16,297 - FTMO - INFO - 
        Daily Loss Update:
        Current Loss: $0.07
        Maximum Allowed: $500.00
        Percentage Used: 0.01%
        
2025-08-05 12:46:16,298 - FTMO - INFO - 
        Profit Tracking Update:
        Current Profit: $0.07
        Target: $1000.00
        Progress: 0.01%
        
2025-08-05 12:46:17,945 - FTMO - INFO - 
        Daily Loss Update:
        Current Loss: $0.13
        Maximum Allowed: $500.00
        Percentage Used: 0.03%
        
2025-08-05 12:46:17,945 - FTMO - INFO - 
        Profit Tracking Update:
        Current Profit: $0.13
        Target: $1000.00
        Progress: 0.01%
        
2025-08-05 12:46:19,782 - FTMO - INFO - 
        Daily Loss Update:
        Current Loss: $0.12
        Maximum Allowed: $500.00
        Percentage Used: 0.02%
        
2025-08-05 12:46:19,783 - FTMO - INFO - 
        Profit Tracking Update:
        Current Profit: $0.12
        Target: $1000.00
        Progress: 0.01%
        
2025-08-05 12:46:21,440 - FTMO - INFO - 
        Daily Loss Update:
        Current Loss: $0.12
        Maximum Allowed: $500.00
        Percentage Used: 0.02%
        
2025-08-05 12:46:21,440 - FTMO - INFO - 
        Profit Tracking Update:
        Current Profit: $0.12
        Target: $1000.00
        Progress: 0.01%
        
2025-08-05 12:46:23,110 - FTMO - INFO - 
        Daily Loss Update:
        Current Loss: $0.12
        Maximum Allowed: $500.00
        Percentage Used: 0.02%
        
2025-08-05 12:46:23,111 - FTMO - INFO - 
        Profit Tracking Update:
        Current Profit: $0.12
        Target: $1000.00
        Progress: 0.01%
        
2025-08-05 12:46:24,897 - FTMO - INFO - 
        Daily Loss Update:
        Current Loss: $0.03
        Maximum Allowed: $500.00
        Percentage Used: 0.01%
        
2025-08-05 12:46:24,898 - FTMO - INFO - 
        Profit Tracking Update:
        Current Profit: $0.03
        Target: $1000.00
        Progress: 0.00%
        
2025-08-05 12:46:26,543 - FTMO - INFO - 
        Daily Loss Update:
        Current Loss: $0.05
        Maximum Allowed: $500.00
        Percentage Used: 0.01%
        
2025-08-05 12:46:26,544 - FTMO - INFO - 
        Profit Tracking Update:
        Current Profit: $0.05
        Target: $1000.00
        Progress: 0.01%
        
2025-08-05 12:46:28,182 - FTMO - INFO - 
        Daily Loss Update:
        Current Loss: $0.05
        Maximum Allowed: $500.00
        Percentage Used: 0.01%
        
2025-08-05 12:46:28,182 - FTMO - INFO - 
        Profit Tracking Update:
        Current Profit: $0.05
        Target: $1000.00
        Progress: 0.01%
        
2025-08-05 12:46:29,975 - FTMO - INFO - 
        Daily Loss Update:
        Current Loss: $0.05
        Maximum Allowed: $500.00
        Percentage Used: 0.01%
        
2025-08-05 12:46:29,976 - FTMO - INFO - 
        Profit Tracking Update:
        Current Profit: $0.05
        Target: $1000.00
        Progress: 0.01%
        
2025-08-05 12:46:31,617 - FTMO - INFO - 
        Daily Loss Update:
        Current Loss: $0.09
        Maximum Allowed: $500.00
        Percentage Used: 0.02%
        
2025-08-05 12:46:31,617 - FTMO - INFO - 
        Profit Tracking Update:
        Current Profit: $0.09
        Target: $1000.00
        Progress: 0.01%
        
2025-08-05 12:46:33,249 - FTMO - INFO - 
        Daily Loss Update:
        Current Loss: $0.07
        Maximum Allowed: $500.00
        Percentage Used: 0.01%
        
2025-08-05 12:46:33,249 - FTMO - INFO - 
        Profit Tracking Update:
        Current Profit: $0.07
        Target: $1000.00
        Progress: 0.01%
        
2025-08-05 12:46:35,066 - FTMO - INFO - 
        Daily Loss Update:
        Current Loss: $0.06
        Maximum Allowed: $500.00
        Percentage Used: 0.01%
        
2025-08-05 12:46:35,066 - FTMO - INFO - 
        Profit Tracking Update:
        Current Profit: $0.06
        Target: $1000.00
        Progress: 0.01%
        
2025-08-05 12:46:36,714 - FTMO - INFO - 
        Daily Loss Update:
        Current Loss: $0.07
        Maximum Allowed: $500.00
        Percentage Used: 0.01%
        
2025-08-05 12:46:36,714 - FTMO - INFO - 
        Profit Tracking Update:
        Current Profit: $0.07
        Target: $1000.00
        Progress: 0.01%
        
2025-08-05 12:46:38,354 - FTMO - INFO - 
        Daily Loss Update:
        Current Loss: $0.07
        Maximum Allowed: $500.00
        Percentage Used: 0.01%
        
2025-08-05 12:46:38,355 - FTMO - INFO - 
        Profit Tracking Update:
        Current Profit: $0.07
        Target: $1000.00
        Progress: 0.01%
        
2025-08-05 12:46:40,342 - FTMO - INFO - 
        Daily Loss Update:
        Current Loss: $0.07
        Maximum Allowed: $500.00
        Percentage Used: 0.01%
        
2025-08-05 12:46:40,343 - FTMO - INFO - 
        Profit Tracking Update:
        Current Profit: $0.07
        Target: $1000.00
        Progress: 0.01%
        
2025-08-05 12:46:41,973 - FTMO - INFO - 
        Daily Loss Update:
        Current Loss: $0.08
        Maximum Allowed: $500.00
        Percentage Used: 0.02%
        
2025-08-05 12:46:41,973 - FTMO - INFO - 
        Profit Tracking Update:
        Current Profit: $0.08
        Target: $1000.00
        Progress: 0.01%
        
2025-08-05 12:46:43,616 - FTMO - INFO - 
        Daily Loss Update:
        Current Loss: $0.09
        Maximum Allowed: $500.00
        Percentage Used: 0.02%
        
2025-08-05 12:46:43,616 - FTMO - INFO - 
        Profit Tracking Update:
        Current Profit: $0.09
        Target: $1000.00
        Progress: 0.01%
        
2025-08-05 12:46:45,424 - FTMO - INFO - 
        Daily Loss Update:
        Current Loss: $0.12
        Maximum Allowed: $500.00
        Percentage Used: 0.02%
        
2025-08-05 12:46:45,425 - FTMO - INFO - 
        Profit Tracking Update:
        Current Profit: $0.12
        Target: $1000.00
        Progress: 0.01%
        
2025-08-05 12:46:47,048 - FTMO - INFO - 
        Daily Loss Update:
        Current Loss: $0.12
        Maximum Allowed: $500.00
        Percentage Used: 0.02%
        
2025-08-05 12:46:47,048 - FTMO - INFO - 
        Profit Tracking Update:
        Current Profit: $0.12
        Target: $1000.00
        Progress: 0.01%
        
2025-08-05 12:46:48,691 - FTMO - INFO - 
        Daily Loss Update:
        Current Loss: $0.12
        Maximum Allowed: $500.00
        Percentage Used: 0.02%
        
2025-08-05 12:46:48,692 - FTMO - INFO - 
        Profit Tracking Update:
        Current Profit: $0.12
        Target: $1000.00
        Progress: 0.01%
        
2025-08-05 12:46:50,498 - FTMO - INFO - 
        Daily Loss Update:
        Current Loss: $0.12
        Maximum Allowed: $500.00
        Percentage Used: 0.02%
        
2025-08-05 12:46:50,499 - FTMO - INFO - 
        Profit Tracking Update:
        Current Profit: $0.12
        Target: $1000.00
        Progress: 0.01%
        
2025-08-05 12:46:52,119 - FTMO - INFO - 
        Daily Loss Update:
        Current Loss: $0.13
        Maximum Allowed: $500.00
        Percentage Used: 0.03%
        
2025-08-05 12:46:52,119 - FTMO - INFO - 
        Profit Tracking Update:
        Current Profit: $0.13
        Target: $1000.00
        Progress: 0.01%
        
2025-08-05 12:46:53,761 - FTMO - INFO - 
        Daily Loss Update:
        Current Loss: $0.13
        Maximum Allowed: $500.00
        Percentage Used: 0.03%
        
2025-08-05 12:46:53,761 - FTMO - INFO - 
        Profit Tracking Update:
        Current Profit: $0.13
        Target: $1000.00
        Progress: 0.01%
        
2025-08-05 12:46:55,579 - FTMO - INFO - 
        Daily Loss Update:
        Current Loss: $0.13
        Maximum Allowed: $500.00
        Percentage Used: 0.03%
        
2025-08-05 12:46:55,579 - FTMO - INFO - 
        Profit Tracking Update:
        Current Profit: $0.13
        Target: $1000.00
        Progress: 0.01%
        
2025-08-05 12:46:57,229 - FTMO - INFO - 
        Daily Loss Update:
        Current Loss: $0.13
        Maximum Allowed: $500.00
        Percentage Used: 0.03%
        
2025-08-05 12:46:57,229 - FTMO - INFO - 
        Profit Tracking Update:
        Current Profit: $0.13
        Target: $1000.00
        Progress: 0.01%
        
