2025-06-26 08:49:47,291 - FTMO - INFO - 
        Daily Loss Update:
        Current Loss: $0.00
        Maximum Allowed: $500.00
        Percentage Used: 0.00%
        
2025-06-26 08:49:47,291 - FTMO - INFO - 
        Profit Tracking Update:
        Current Profit: $0.00
        Target: $1000.00
        Progress: 0.00%
        
2025-06-26 08:49:47,291 - FTMO - WARNING - 
        FTMO RULE WARNING:
        Type: Startup
        Details: FTMO Monitoring Started
                Balance: $12.82
                Equity: $12.82
                Profit Target: $1000.00
                Daily Loss Limit: $500.00
                Total Loss Limit: $1000.00
                
        Time: 2025-06-26 08:49:47
        
2025-06-26 08:50:11,176 - FTMO - INFO - 
        Daily Loss Update:
        Current Loss: $0.00
        Maximum Allowed: $500.00
        Percentage Used: 0.00%
        
2025-06-26 08:50:11,176 - FTMO - INFO - 
        Profit Tracking Update:
        Current Profit: $0.00
        Target: $1000.00
        Progress: 0.00%
        
2025-06-26 08:50:13,214 - FTMO - INFO - 
        Daily Loss Update:
        Current Loss: $0.14
        Maximum Allowed: $500.00
        Percentage Used: 0.03%
        
2025-06-26 08:50:13,214 - FTMO - INFO - 
        Profit Tracking Update:
        Current Profit: $-0.14
        Target: $1000.00
        Progress: -0.01%
        
2025-06-26 08:50:14,686 - FTMO - INFO - 
        Daily Loss Update:
        Current Loss: $0.14
        Maximum Allowed: $500.00
        Percentage Used: 0.03%
        
2025-06-26 08:50:14,687 - FTMO - INFO - 
        Profit Tracking Update:
        Current Profit: $-0.14
        Target: $1000.00
        Progress: -0.01%
        
2025-06-26 08:50:16,157 - FTMO - INFO - 
        Daily Loss Update:
        Current Loss: $0.14
        Maximum Allowed: $500.00
        Percentage Used: 0.03%
        
2025-06-26 08:50:16,157 - FTMO - INFO - 
        Profit Tracking Update:
        Current Profit: $-0.14
        Target: $1000.00
        Progress: -0.01%
        
2025-06-26 08:50:17,779 - FTMO - INFO - 
        Daily Loss Update:
        Current Loss: $0.13
        Maximum Allowed: $500.00
        Percentage Used: 0.03%
        
2025-06-26 08:50:17,779 - FTMO - INFO - 
        Profit Tracking Update:
        Current Profit: $-0.13
        Target: $1000.00
        Progress: -0.01%
        
2025-06-26 08:50:19,224 - FTMO - INFO - 
        Daily Loss Update:
        Current Loss: $0.13
        Maximum Allowed: $500.00
        Percentage Used: 0.03%
        
2025-06-26 08:50:19,224 - FTMO - INFO - 
        Profit Tracking Update:
        Current Profit: $-0.13
        Target: $1000.00
        Progress: -0.01%
        
2025-06-26 08:50:20,691 - FTMO - INFO - 
        Daily Loss Update:
        Current Loss: $0.13
        Maximum Allowed: $500.00
        Percentage Used: 0.03%
        
2025-06-26 08:50:20,691 - FTMO - INFO - 
        Profit Tracking Update:
        Current Profit: $-0.13
        Target: $1000.00
        Progress: -0.01%
        
2025-06-26 08:50:22,195 - FTMO - INFO - 
        Daily Loss Update:
        Current Loss: $0.13
        Maximum Allowed: $500.00
        Percentage Used: 0.03%
        
2025-06-26 08:50:22,195 - FTMO - INFO - 
        Profit Tracking Update:
        Current Profit: $-0.13
        Target: $1000.00
        Progress: -0.01%
        
2025-06-26 08:50:23,826 - FTMO - INFO - 
        Daily Loss Update:
        Current Loss: $0.12
        Maximum Allowed: $500.00
        Percentage Used: 0.02%
        
2025-06-26 08:50:23,826 - FTMO - INFO - 
        Profit Tracking Update:
        Current Profit: $-0.12
        Target: $1000.00
        Progress: -0.01%
        
