2025-06-30 10:03:07,522 - FTMO - INFO - 
        Daily Loss Update:
        Current Loss: $0.00
        Maximum Allowed: $500.00
        Percentage Used: 0.00%
        
2025-06-30 10:03:07,523 - FTMO - INFO - 
        Profit Tracking Update:
        Current Profit: $0.00
        Target: $1000.00
        Progress: 0.00%
        
2025-06-30 10:03:07,523 - FTMO - WARNING - 
        FTMO RULE WARNING:
        Type: Startup
        Details: FTMO Monitoring Started
                Balance: $12.52
                Equity: $12.52
                Profit Target: $1000.00
                Daily Loss Limit: $500.00
                Total Loss Limit: $1000.00
                
        Time: 2025-06-30 10:03:07
        
2025-06-30 10:03:09,264 - FTMO - INFO - 
        Daily Loss Update:
        Current Loss: $0.00
        Maximum Allowed: $500.00
        Percentage Used: 0.00%
        
2025-06-30 10:03:09,264 - FTMO - INFO - 
        Profit Tracking Update:
        Current Profit: $0.00
        Target: $1000.00
        Progress: 0.00%
        
2025-06-30 10:03:13,248 - FTMO - INFO - 
        Daily Loss Update:
        Current Loss: $0.11
        Maximum Allowed: $500.00
        Percentage Used: 0.02%
        
2025-06-30 10:03:13,248 - FTMO - INFO - 
        Profit Tracking Update:
        Current Profit: $-0.11
        Target: $1000.00
        Progress: -0.01%
        
2025-06-30 10:03:15,494 - FTMO - INFO - 
        Daily Loss Update:
        Current Loss: $0.17
        Maximum Allowed: $500.00
        Percentage Used: 0.03%
        
2025-06-30 10:03:15,494 - FTMO - INFO - 
        Profit Tracking Update:
        Current Profit: $-0.17
        Target: $1000.00
        Progress: -0.02%
        
2025-06-30 10:03:17,609 - FTMO - INFO - 
        Daily Loss Update:
        Current Loss: $0.13
        Maximum Allowed: $500.00
        Percentage Used: 0.03%
        
2025-06-30 10:03:17,610 - FTMO - INFO - 
        Profit Tracking Update:
        Current Profit: $-0.13
        Target: $1000.00
        Progress: -0.01%
        
2025-06-30 10:03:19,331 - FTMO - INFO - 
        Daily Loss Update:
        Current Loss: $0.10
        Maximum Allowed: $500.00
        Percentage Used: 0.02%
        
2025-06-30 10:03:19,331 - FTMO - INFO - 
        Profit Tracking Update:
        Current Profit: $-0.10
        Target: $1000.00
        Progress: -0.01%
        
2025-06-30 10:03:21,067 - FTMO - INFO - 
        Daily Loss Update:
        Current Loss: $0.09
        Maximum Allowed: $500.00
        Percentage Used: 0.02%
        
2025-06-30 10:03:21,067 - FTMO - INFO - 
        Profit Tracking Update:
        Current Profit: $-0.09
        Target: $1000.00
        Progress: -0.01%
        
2025-06-30 10:03:23,301 - FTMO - INFO - 
        Daily Loss Update:
        Current Loss: $0.10
        Maximum Allowed: $500.00
        Percentage Used: 0.02%
        
2025-06-30 10:03:23,302 - FTMO - INFO - 
        Profit Tracking Update:
        Current Profit: $-0.10
        Target: $1000.00
        Progress: -0.01%
        
2025-06-30 10:03:24,899 - FTMO - INFO - 
        Daily Loss Update:
        Current Loss: $0.13
        Maximum Allowed: $500.00
        Percentage Used: 0.03%
        
2025-06-30 10:03:24,899 - FTMO - INFO - 
        Profit Tracking Update:
        Current Profit: $-0.13
        Target: $1000.00
        Progress: -0.01%
        
2025-06-30 10:03:26,562 - FTMO - INFO - 
        Daily Loss Update:
        Current Loss: $0.13
        Maximum Allowed: $500.00
        Percentage Used: 0.03%
        
2025-06-30 10:03:26,563 - FTMO - INFO - 
        Profit Tracking Update:
        Current Profit: $-0.13
        Target: $1000.00
        Progress: -0.01%
        
2025-06-30 10:03:28,309 - FTMO - INFO - 
        Daily Loss Update:
        Current Loss: $0.11
        Maximum Allowed: $500.00
        Percentage Used: 0.02%
        
2025-06-30 10:03:28,310 - FTMO - INFO - 
        Profit Tracking Update:
        Current Profit: $-0.11
        Target: $1000.00
        Progress: -0.01%
        
