2025-03-21 11:18:34,868 - ForexBot - INFO - === New Trading Session Started ===
2025-03-21 11:18:34,870 - ForexBot - INFO - Session ID: 20250321_111834
2025-03-21 11:18:34,871 - ForexBot - INFO - Log File: trading_logs/trading_session_20250321_111834.log
2025-03-21 11:18:34,872 - ForexBot - INFO - Configuration manager initialized
2025-03-21 11:18:34,885 - ForexBot - INFO - FTMO rule manager initialized
2025-03-21 11:18:34,887 - ForexBot - INFO - Status manager initialized
2025-03-21 11:18:41,607 - ForexBot - INFO - MT5 trader initialized and connected
2025-03-21 11:18:41,610 - ForexBot - INFO - Position manager initialized
2025-03-21 11:18:41,612 - ForexBot - INFO - Signal manager initialized
2025-03-21 11:18:41,614 - ForexBot - INFO - Trading logic initialized
2025-03-21 11:18:41,616 - ForexBot - INFO - Menu manager initialized with all dependencies
2025-03-21 11:18:41,618 - ForexBot - INFO - System auditor initialized
2025-03-21 11:18:41,621 - ForexBot - INFO - ForexBot initialization completed successfully
2025-03-21 11:18:41,622 - ForexBot - INFO - Starting bot startup sequence...
2025-03-21 11:18:41,624 - ForexBot - INFO - Running system audit...
2025-03-21 11:18:49,789 - ForexBot - WARNING - Warning: Phase 1 audit completed
2025-03-21 11:18:49,790 - ForexBot - INFO - Audit OK: MarketWatcher
2025-03-21 11:18:49,791 - ForexBot - INFO - Audit OK: PositionManager
2025-03-21 11:18:49,792 - ForexBot - INFO - Audit OK: SignalManager
2025-03-21 11:18:49,793 - ForexBot - INFO - Audit OK: ConfigManager
2025-03-21 11:18:49,795 - ForexBot - INFO - Audit OK: MenuManager
2025-03-21 11:18:49,852 - ForexBot - INFO - FTMO monitoring initialized successfully
2025-03-21 11:18:49,852 - ForexBot - WARNING - Startup warnings found
2025-03-21 11:20:07,772 - ForexBot - INFO - User chose to continue despite warnings
2025-03-21 11:20:07,777 - ForexBot - INFO - Startup sequence completed successfully
2025-03-21 11:20:08,622 - ForexBot - ERROR - Failed to execute trade: Trade failed. Error code: 10016 - Market closed or invalid trade parameters
2025-03-21 11:20:08,829 - ForexBot - ERROR - Failed to execute trade: Trade failed. Error code: 10016 - Market closed or invalid trade parameters
2025-03-21 11:20:10,345 - ForexBot - ERROR - Failed to execute trade: Trade failed. Error code: 10016 - Market closed or invalid trade parameters
2025-03-21 11:20:10,367 - ForexBot - ERROR - Failed to execute trade: Trade failed. Error code: 10016 - Market closed or invalid trade parameters
2025-03-21 11:20:11,854 - ForexBot - ERROR - Failed to execute trade: Trade failed. Error code: 10016 - Market closed or invalid trade parameters
2025-03-21 11:20:11,876 - ForexBot - ERROR - Failed to execute trade: Trade failed. Error code: 10016 - Market closed or invalid trade parameters
2025-03-21 11:20:13,379 - ForexBot - ERROR - Failed to execute trade: Trade failed. Error code: 10016 - Market closed or invalid trade parameters
2025-03-21 11:20:13,402 - ForexBot - ERROR - Failed to execute trade: Trade failed. Error code: 10016 - Market closed or invalid trade parameters
2025-03-21 11:20:15,012 - ForexBot - ERROR - Failed to execute trade: Trade failed. Error code: 10016 - Market closed or invalid trade parameters
2025-03-21 11:20:15,039 - ForexBot - ERROR - Failed to execute trade: Trade failed. Error code: 10016 - Market closed or invalid trade parameters
2025-03-21 11:20:16,519 - ForexBot - ERROR - Failed to execute trade: Trade failed. Error code: 10016 - Market closed or invalid trade parameters
2025-03-21 11:20:16,540 - ForexBot - ERROR - Failed to execute trade: Trade failed. Error code: 10016 - Market closed or invalid trade parameters
2025-03-21 11:20:18,014 - ForexBot - ERROR - Failed to execute trade: Trade failed. Error code: 10016 - Market closed or invalid trade parameters
2025-03-21 11:20:18,033 - ForexBot - ERROR - Failed to execute trade: Trade failed. Error code: 10016 - Market closed or invalid trade parameters
2025-03-21 11:20:19,539 - ForexBot - ERROR - Failed to execute trade: Trade failed. Error code: 10016 - Market closed or invalid trade parameters
2025-03-21 11:20:19,560 - ForexBot - ERROR - Failed to execute trade: Trade failed. Error code: 10016 - Market closed or invalid trade parameters
2025-03-21 11:20:21,151 - ForexBot - ERROR - Failed to execute trade: Trade failed. Error code: 10016 - Market closed or invalid trade parameters
2025-03-21 11:20:21,177 - ForexBot - ERROR - Failed to execute trade: Trade failed. Error code: 10016 - Market closed or invalid trade parameters
2025-03-21 11:20:22,653 - ForexBot - ERROR - Failed to execute trade: Trade failed. Error code: 10016 - Market closed or invalid trade parameters
2025-03-21 11:20:22,678 - ForexBot - ERROR - Failed to execute trade: Trade failed. Error code: 10016 - Market closed or invalid trade parameters
2025-03-21 11:20:24,152 - ForexBot - ERROR - Failed to execute trade: Trade failed. Error code: 10016 - Market closed or invalid trade parameters
2025-03-21 11:20:24,174 - ForexBot - ERROR - Failed to execute trade: Trade failed. Error code: 10016 - Market closed or invalid trade parameters
2025-03-21 11:20:25,692 - ForexBot - ERROR - Failed to execute trade: Trade failed. Error code: 10016 - Market closed or invalid trade parameters
2025-03-21 11:20:25,721 - ForexBot - ERROR - Failed to execute trade: Trade failed. Error code: 10016 - Market closed or invalid trade parameters
2025-03-21 11:20:27,412 - ForexBot - ERROR - Failed to execute trade: Trade failed. Error code: 10016 - Market closed or invalid trade parameters
2025-03-21 11:20:27,437 - ForexBot - ERROR - Failed to execute trade: Trade failed. Error code: 10016 - Market closed or invalid trade parameters
2025-03-21 11:20:28,953 - ForexBot - ERROR - Failed to execute trade: Trade failed. Error code: 10016 - Market closed or invalid trade parameters
2025-03-21 11:20:28,977 - ForexBot - ERROR - Failed to execute trade: Trade failed. Error code: 10016 - Market closed or invalid trade parameters
2025-03-21 11:20:30,566 - ForexBot - ERROR - Failed to execute trade: Trade failed. Error code: 10016 - Market closed or invalid trade parameters
2025-03-21 11:20:30,603 - ForexBot - ERROR - Failed to execute trade: Trade failed. Error code: 10016 - Market closed or invalid trade parameters
2025-03-21 11:20:32,199 - ForexBot - ERROR - Failed to execute trade: Trade failed. Error code: 10016 - Market closed or invalid trade parameters
2025-03-21 11:20:32,218 - ForexBot - ERROR - Failed to execute trade: Trade failed. Error code: 10016 - Market closed or invalid trade parameters
2025-03-21 11:20:33,788 - ForexBot - ERROR - Failed to execute trade: Trade failed. Error code: 10016 - Market closed or invalid trade parameters
2025-03-21 11:20:33,809 - ForexBot - ERROR - Failed to execute trade: Trade failed. Error code: 10016 - Market closed or invalid trade parameters
2025-03-21 11:20:35,295 - ForexBot - ERROR - Failed to execute trade: Trade failed. Error code: 10016 - Market closed or invalid trade parameters
2025-03-21 11:20:35,315 - ForexBot - ERROR - Failed to execute trade: Trade failed. Error code: 10016 - Market closed or invalid trade parameters
2025-03-21 11:20:37,066 - ForexBot - ERROR - Failed to execute trade: Trade failed. Error code: 10016 - Market closed or invalid trade parameters
2025-03-21 11:20:37,091 - ForexBot - ERROR - Failed to execute trade: Trade failed. Error code: 10016 - Market closed or invalid trade parameters
2025-03-21 11:20:38,780 - ForexBot - ERROR - Failed to execute trade: Trade failed. Error code: 10016 - Market closed or invalid trade parameters
2025-03-21 11:20:38,821 - ForexBot - ERROR - Failed to execute trade: Trade failed. Error code: 10016 - Market closed or invalid trade parameters
2025-03-21 11:20:40,803 - ForexBot - ERROR - Failed to execute trade: Trade failed. Error code: 10016 - Market closed or invalid trade parameters
2025-03-21 11:20:40,825 - ForexBot - ERROR - Failed to execute trade: Trade failed. Error code: 10016 - Market closed or invalid trade parameters
2025-03-21 11:20:42,365 - ForexBot - ERROR - Failed to execute trade: Trade failed. Error code: 10016 - Market closed or invalid trade parameters
2025-03-21 11:20:42,385 - ForexBot - ERROR - Failed to execute trade: Trade failed. Error code: 10016 - Market closed or invalid trade parameters
2025-03-21 11:20:43,914 - ForexBot - ERROR - Failed to execute trade: Trade failed. Error code: 10016 - Market closed or invalid trade parameters
2025-03-21 11:20:43,937 - ForexBot - ERROR - Failed to execute trade: Trade failed. Error code: 10016 - Market closed or invalid trade parameters
2025-03-21 11:20:45,551 - ForexBot - ERROR - Failed to execute trade: Trade failed. Error code: 10016 - Market closed or invalid trade parameters
2025-03-21 11:20:45,572 - ForexBot - ERROR - Failed to execute trade: Trade failed. Error code: 10016 - Market closed or invalid trade parameters
2025-03-21 11:20:47,138 - ForexBot - ERROR - Failed to execute trade: Trade failed. Error code: 10016 - Market closed or invalid trade parameters
2025-03-21 11:20:47,164 - ForexBot - ERROR - Failed to execute trade: Trade failed. Error code: 10016 - Market closed or invalid trade parameters
2025-03-21 11:20:48,708 - ForexBot - ERROR - Failed to execute trade: Trade failed. Error code: 10016 - Market closed or invalid trade parameters
2025-03-21 11:20:48,738 - ForexBot - ERROR - Failed to execute trade: Trade failed. Error code: 10016 - Market closed or invalid trade parameters
2025-03-21 11:20:50,286 - ForexBot - ERROR - Failed to execute trade: Trade failed. Error code: 10016 - Market closed or invalid trade parameters
2025-03-21 11:20:50,319 - ForexBot - ERROR - Failed to execute trade: Trade failed. Error code: 10016 - Market closed or invalid trade parameters
2025-03-21 11:20:51,921 - ForexBot - ERROR - Failed to execute trade: Trade failed. Error code: 10016 - Market closed or invalid trade parameters
2025-03-21 11:20:51,941 - ForexBot - ERROR - Failed to execute trade: Trade failed. Error code: 10016 - Market closed or invalid trade parameters
2025-03-21 11:20:53,464 - ForexBot - ERROR - Failed to execute trade: Trade failed. Error code: 10016 - Market closed or invalid trade parameters
2025-03-21 11:20:53,485 - ForexBot - ERROR - Failed to execute trade: Trade failed. Error code: 10016 - Market closed or invalid trade parameters
2025-03-21 11:20:54,980 - ForexBot - ERROR - Failed to execute trade: Trade failed. Error code: 10016 - Market closed or invalid trade parameters
2025-03-21 11:20:54,999 - ForexBot - ERROR - Failed to execute trade: Trade failed. Error code: 10016 - Market closed or invalid trade parameters
2025-03-21 11:20:56,492 - ForexBot - ERROR - Failed to execute trade: Trade failed. Error code: 10016 - Market closed or invalid trade parameters
2025-03-21 11:20:56,514 - ForexBot - ERROR - Failed to execute trade: Trade failed. Error code: 10016 - Market closed or invalid trade parameters
2025-03-21 11:20:58,104 - ForexBot - ERROR - Failed to execute trade: Trade failed. Error code: 10016 - Market closed or invalid trade parameters
2025-03-21 11:20:58,125 - ForexBot - ERROR - Failed to execute trade: Trade failed. Error code: 10016 - Market closed or invalid trade parameters
2025-03-21 11:20:59,618 - ForexBot - ERROR - Failed to execute trade: Trade failed. Error code: 10016 - Market closed or invalid trade parameters
2025-03-21 11:20:59,638 - ForexBot - ERROR - Failed to execute trade: Trade failed. Error code: 10016 - Market closed or invalid trade parameters
2025-03-21 11:21:01,129 - ForexBot - ERROR - Failed to execute trade: Trade failed. Error code: 10016 - Market closed or invalid trade parameters
2025-03-21 11:21:01,150 - ForexBot - ERROR - Failed to execute trade: Trade failed. Error code: 10016 - Market closed or invalid trade parameters
2025-03-21 11:21:02,643 - ForexBot - ERROR - Failed to execute trade: Trade failed. Error code: 10016 - Market closed or invalid trade parameters
2025-03-21 11:21:02,662 - ForexBot - ERROR - Failed to execute trade: Trade failed. Error code: 10016 - Market closed or invalid trade parameters
2025-03-21 11:21:04,303 - ForexBot - ERROR - Failed to execute trade: Trade failed. Error code: 10016 - Market closed or invalid trade parameters
2025-03-21 11:21:04,327 - ForexBot - ERROR - Failed to execute trade: Trade failed. Error code: 10016 - Market closed or invalid trade parameters
2025-03-21 11:21:05,849 - ForexBot - ERROR - Failed to execute trade: Trade failed. Error code: 10016 - Market closed or invalid trade parameters
2025-03-21 11:21:05,873 - ForexBot - ERROR - Failed to execute trade: Trade failed. Error code: 10016 - Market closed or invalid trade parameters
2025-03-21 11:21:07,394 - ForexBot - ERROR - Failed to execute trade: Trade failed. Error code: 10016 - Market closed or invalid trade parameters
2025-03-21 11:21:07,415 - ForexBot - ERROR - Failed to execute trade: Trade failed. Error code: 10016 - Market closed or invalid trade parameters
2025-03-21 13:35:22,942 - ForexBot - ERROR - Failed to execute trade: Trade failed. Error code: 10016 - Market closed or invalid trade parameters
2025-03-21 13:35:24,651 - ForexBot - ERROR - Failed to execute trade: Trade failed. Error code: 10016 - Market closed or invalid trade parameters
2025-03-21 13:35:30,684 - ForexBot - ERROR - Failed to execute trade: Trade failed. Error code: 10016 - Market closed or invalid trade parameters
2025-03-21 13:35:32,365 - ForexBot - ERROR - Failed to execute trade: Trade failed. Error code: 10016 - Market closed or invalid trade parameters
2025-03-21 13:35:34,191 - ForexBot - ERROR - Failed to execute trade: Trade failed. Error code: 10016 - Market closed or invalid trade parameters
2025-03-21 13:35:36,033 - ForexBot - ERROR - Failed to execute trade: Trade failed. Error code: 10016 - Market closed or invalid trade parameters
2025-03-21 13:35:37,998 - ForexBot - ERROR - Failed to execute trade: Trade failed. Error code: 10016 - Market closed or invalid trade parameters
2025-03-21 13:35:39,967 - ForexBot - ERROR - Failed to execute trade: Trade failed. Error code: 10016 - Market closed or invalid trade parameters
2025-03-21 13:35:41,712 - ForexBot - ERROR - Failed to execute trade: Trade failed. Error code: 10016 - Market closed or invalid trade parameters
2025-03-21 13:35:43,443 - ForexBot - ERROR - Failed to execute trade: Trade failed. Error code: 10016 - Market closed or invalid trade parameters
2025-03-21 13:35:45,236 - ForexBot - ERROR - Failed to execute trade: Trade failed. Error code: 10016 - Market closed or invalid trade parameters
2025-03-21 13:35:46,992 - ForexBot - ERROR - Failed to execute trade: Trade failed. Error code: 10016 - Market closed or invalid trade parameters
2025-03-21 13:35:58,967 - ForexBot - ERROR - Failed to execute trade: Trade failed. Error code: 10016 - Market closed or invalid trade parameters
2025-03-21 13:36:00,734 - ForexBot - ERROR - Failed to execute trade: Trade failed. Error code: 10016 - Market closed or invalid trade parameters
2025-03-21 13:36:02,647 - ForexBot - ERROR - Failed to execute trade: Trade failed. Error code: 10016 - Market closed or invalid trade parameters
2025-03-21 13:36:04,490 - ForexBot - ERROR - Failed to execute trade: Trade failed. Error code: 10016 - Market closed or invalid trade parameters
2025-03-21 13:36:06,174 - ForexBot - ERROR - Failed to execute trade: Trade failed. Error code: 10016 - Market closed or invalid trade parameters
2025-03-21 13:36:07,919 - ForexBot - ERROR - Failed to execute trade: Trade failed. Error code: 10016 - Market closed or invalid trade parameters
2025-03-21 13:36:09,628 - ForexBot - ERROR - Failed to execute trade: Trade failed. Error code: 10016 - Market closed or invalid trade parameters
2025-03-21 13:36:11,303 - ForexBot - ERROR - Failed to execute trade: Trade failed. Error code: 10016 - Market closed or invalid trade parameters
2025-03-21 13:36:13,059 - ForexBot - ERROR - Failed to execute trade: Trade failed. Error code: 10016 - Market closed or invalid trade parameters
2025-03-21 13:36:14,741 - ForexBot - ERROR - Failed to execute trade: Trade failed. Error code: 10016 - Market closed or invalid trade parameters
2025-03-21 13:36:16,502 - ForexBot - ERROR - Failed to execute trade: Trade failed. Error code: 10016 - Market closed or invalid trade parameters
2025-03-21 13:36:18,311 - ForexBot - ERROR - Failed to execute trade: Trade failed. Error code: 10016 - Market closed or invalid trade parameters
2025-03-21 13:36:19,973 - ForexBot - ERROR - Failed to execute trade: Trade failed. Error code: 10016 - Market closed or invalid trade parameters
2025-03-21 13:36:21,628 - ForexBot - ERROR - Failed to execute trade: Trade failed. Error code: 10016 - Market closed or invalid trade parameters
2025-03-21 13:36:23,404 - ForexBot - ERROR - Failed to execute trade: Trade failed. Error code: 10016 - Market closed or invalid trade parameters
2025-03-21 13:36:25,063 - ForexBot - ERROR - Failed to execute trade: Trade failed. Error code: 10016 - Market closed or invalid trade parameters
2025-03-21 13:36:26,727 - ForexBot - ERROR - Failed to execute trade: Trade failed. Error code: 10016 - Market closed or invalid trade parameters
2025-03-21 13:36:28,524 - ForexBot - ERROR - Failed to execute trade: Trade failed. Error code: 10016 - Market closed or invalid trade parameters
2025-03-21 13:36:30,232 - ForexBot - ERROR - Failed to execute trade: Trade failed. Error code: 10016 - Market closed or invalid trade parameters
2025-03-21 13:36:31,884 - ForexBot - ERROR - Failed to execute trade: Trade failed. Error code: 10016 - Market closed or invalid trade parameters
2025-03-21 13:36:35,791 - ForexBot - ERROR - Failed to execute trade: Trade failed. Error code: 10016 - Market closed or invalid trade parameters
2025-03-21 13:36:37,433 - ForexBot - ERROR - Failed to execute trade: Trade failed. Error code: 10016 - Market closed or invalid trade parameters
2025-03-21 13:36:45,050 - ForexBot - ERROR - Failed to execute trade: Trade failed. Error code: 10016 - Market closed or invalid trade parameters
2025-03-21 13:36:46,742 - ForexBot - ERROR - Failed to execute trade: Trade failed. Error code: 10016 - Market closed or invalid trade parameters
2025-03-21 13:36:48,437 - ForexBot - ERROR - Failed to execute trade: Trade failed. Error code: 10016 - Market closed or invalid trade parameters
2025-03-21 13:37:02,031 - ForexBot - ERROR - Failed to execute trade: Trade failed. Error code: 10016 - Market closed or invalid trade parameters
2025-03-21 13:38:43,174 - ForexBot - ERROR - Failed to execute trade: Trade failed. Error code: 10016 - Market closed or invalid trade parameters
2025-03-21 13:38:44,958 - ForexBot - ERROR - Failed to execute trade: Trade failed. Error code: 10016 - Market closed or invalid trade parameters
2025-03-21 13:38:46,628 - ForexBot - ERROR - Failed to execute trade: Trade failed. Error code: 10016 - Market closed or invalid trade parameters
2025-03-21 13:38:48,294 - ForexBot - ERROR - Failed to execute trade: Trade failed. Error code: 10016 - Market closed or invalid trade parameters
2025-03-21 13:38:50,066 - ForexBot - ERROR - Failed to execute trade: Trade failed. Error code: 10016 - Market closed or invalid trade parameters
2025-03-21 13:39:00,143 - ForexBot - ERROR - Failed to execute trade: Trade failed. Error code: 10016 - Market closed or invalid trade parameters
2025-03-21 13:39:02,406 - ForexBot - ERROR - Failed to execute trade: Trade failed. Error code: 10016 - Market closed or invalid trade parameters
2025-03-21 13:39:17,445 - ForexBot - ERROR - Failed to execute trade: Trade failed. Error code: 10016 - Market closed or invalid trade parameters
2025-03-21 13:39:19,616 - ForexBot - ERROR - Failed to execute trade: Trade failed. Error code: 10016 - Market closed or invalid trade parameters
2025-03-21 13:39:25,421 - ForexBot - ERROR - Failed to execute trade: Trade failed. Error code: 10016 - Market closed or invalid trade parameters
2025-03-21 13:39:27,201 - ForexBot - ERROR - Failed to execute trade: Trade failed. Error code: 10016 - Market closed or invalid trade parameters
2025-03-21 13:39:28,876 - ForexBot - ERROR - Failed to execute trade: Trade failed. Error code: 10016 - Market closed or invalid trade parameters
2025-03-21 13:39:30,525 - ForexBot - ERROR - Failed to execute trade: Trade failed. Error code: 10016 - Market closed or invalid trade parameters
2025-03-21 13:39:32,272 - ForexBot - ERROR - Failed to execute trade: Trade failed. Error code: 10016 - Market closed or invalid trade parameters
2025-03-21 13:39:34,027 - ForexBot - ERROR - Failed to execute trade: Trade failed. Error code: 10016 - Market closed or invalid trade parameters
2025-03-21 13:39:35,721 - ForexBot - ERROR - Failed to execute trade: Trade failed. Error code: 10016 - Market closed or invalid trade parameters
2025-03-21 13:39:37,528 - ForexBot - ERROR - Failed to execute trade: Trade failed. Error code: 10016 - Market closed or invalid trade parameters
2025-03-21 13:39:45,392 - ForexBot - ERROR - Failed to execute trade: Trade failed. Error code: 10016 - Market closed or invalid trade parameters
2025-03-21 13:39:47,115 - ForexBot - ERROR - Failed to execute trade: Trade failed. Error code: 10016 - Market closed or invalid trade parameters
2025-03-21 13:39:48,896 - ForexBot - ERROR - Failed to execute trade: Trade failed. Error code: 10016 - Market closed or invalid trade parameters
2025-03-21 13:41:25,651 - ForexBot - ERROR - Failed to execute trade: Trade failed. Error code: 10016 - Market closed or invalid trade parameters
2025-03-21 13:56:50,870 - ForexBot - ERROR - Failed to execute trade: Trade failed. Error code: 10016 - Market closed or invalid trade parameters
2025-03-21 13:56:52,654 - ForexBot - ERROR - Failed to execute trade: Trade failed. Error code: 10016 - Market closed or invalid trade parameters
2025-03-21 13:56:54,539 - ForexBot - ERROR - Failed to execute trade: Trade failed. Error code: 10016 - Market closed or invalid trade parameters
2025-03-21 13:56:56,318 - ForexBot - ERROR - Failed to execute trade: Trade failed. Error code: 10016 - Market closed or invalid trade parameters
2025-03-21 13:56:57,989 - ForexBot - ERROR - Failed to execute trade: Trade failed. Error code: 10016 - Market closed or invalid trade parameters
2025-03-21 13:57:01,756 - ForexBot - ERROR - Failed to execute trade: Trade failed. Error code: 10016 - Market closed or invalid trade parameters
2025-03-21 13:57:03,481 - ForexBot - ERROR - Failed to execute trade: Trade failed. Error code: 10016 - Market closed or invalid trade parameters
2025-03-21 13:57:05,149 - ForexBot - ERROR - Failed to execute trade: Trade failed. Error code: 10016 - Market closed or invalid trade parameters
2025-03-21 13:57:06,940 - ForexBot - ERROR - Failed to execute trade: Trade failed. Error code: 10016 - Market closed or invalid trade parameters
2025-03-21 13:57:08,634 - ForexBot - ERROR - Failed to execute trade: Trade failed. Error code: 10016 - Market closed or invalid trade parameters
2025-03-21 13:57:10,398 - ForexBot - ERROR - Failed to execute trade: Trade failed. Error code: 10016 - Market closed or invalid trade parameters
2025-03-21 13:57:29,404 - ForexBot - ERROR - Failed to execute trade: Trade failed. Error code: 10016 - Market closed or invalid trade parameters
2025-03-21 13:58:49,183 - ForexBot - ERROR - Failed to execute trade: Trade failed. Error code: 10016 - Market closed or invalid trade parameters
2025-03-21 13:58:50,830 - ForexBot - ERROR - Failed to execute trade: Trade failed. Error code: 10016 - Market closed or invalid trade parameters
2025-03-21 13:58:58,329 - ForexBot - ERROR - Failed to execute trade: Trade failed. Error code: 10016 - Market closed or invalid trade parameters
2025-03-21 13:59:13,922 - ForexBot - ERROR - Failed to execute trade: Trade failed. Error code: 10016 - Market closed or invalid trade parameters
2025-03-21 13:59:25,909 - ForexBot - ERROR - Failed to execute trade: Trade failed. Error code: 10016 - Market closed or invalid trade parameters
2025-03-21 13:59:27,863 - ForexBot - ERROR - Failed to execute trade: Trade failed. Error code: 10016 - Market closed or invalid trade parameters
2025-03-21 13:59:29,738 - ForexBot - ERROR - Failed to execute trade: Trade failed. Error code: 10016 - Market closed or invalid trade parameters
2025-03-21 13:59:31,400 - ForexBot - ERROR - Failed to execute trade: Trade failed. Error code: 10016 - Market closed or invalid trade parameters
2025-03-21 13:59:33,052 - ForexBot - ERROR - Failed to execute trade: Trade failed. Error code: 10016 - Market closed or invalid trade parameters
2025-03-21 13:59:34,816 - ForexBot - ERROR - Failed to execute trade: Trade failed. Error code: 10016 - Market closed or invalid trade parameters
2025-03-21 13:59:36,541 - ForexBot - ERROR - Failed to execute trade: Trade failed. Error code: 10016 - Market closed or invalid trade parameters
2025-03-21 13:59:44,316 - ForexBot - ERROR - Failed to execute trade: Trade failed. Error code: 10016 - Market closed or invalid trade parameters
2025-03-21 13:59:49,921 - ForexBot - ERROR - Failed to execute trade: Trade failed. Error code: 10016 - Market closed or invalid trade parameters
2025-03-21 13:59:51,711 - ForexBot - ERROR - Failed to execute trade: Trade failed. Error code: 10016 - Market closed or invalid trade parameters
2025-03-21 13:59:53,439 - ForexBot - ERROR - Failed to execute trade: Trade failed. Error code: 10016 - Market closed or invalid trade parameters
2025-03-21 13:59:55,189 - ForexBot - ERROR - Failed to execute trade: Trade failed. Error code: 10016 - Market closed or invalid trade parameters
2025-03-21 13:59:56,970 - ForexBot - ERROR - Failed to execute trade: Trade failed. Error code: 10016 - Market closed or invalid trade parameters
2025-03-21 13:59:58,762 - ForexBot - ERROR - Failed to execute trade: Trade failed. Error code: 10016 - Market closed or invalid trade parameters
2025-03-21 14:00:00,495 - ForexBot - ERROR - Failed to execute trade: Trade failed. Error code: 10016 - Market closed or invalid trade parameters
2025-03-21 14:00:02,355 - ForexBot - ERROR - Failed to execute trade: Trade failed. Error code: 10016 - Market closed or invalid trade parameters
2025-03-21 14:00:04,064 - ForexBot - ERROR - Failed to execute trade: Trade failed. Error code: 10016 - Market closed or invalid trade parameters
2025-03-21 14:00:07,943 - ForexBot - ERROR - Failed to execute trade: Trade failed. Error code: 10016 - Market closed or invalid trade parameters
2025-03-21 14:00:11,758 - ForexBot - ERROR - Failed to execute trade: Trade failed. Error code: 10016 - Market closed or invalid trade parameters
2025-03-21 14:00:13,590 - ForexBot - ERROR - Failed to execute trade: Trade failed. Error code: 10016 - Market closed or invalid trade parameters
2025-03-21 14:00:15,279 - ForexBot - ERROR - Failed to execute trade: Trade failed. Error code: 10016 - Market closed or invalid trade parameters
2025-03-21 14:00:34,491 - ForexBot - ERROR - Failed to execute trade: Trade failed. Error code: 10019 - Invalid trade order filling type
2025-03-21 14:00:36,263 - ForexBot - ERROR - Failed to execute trade: Trade failed. Error code: 10016 - Market closed or invalid trade parameters
2025-03-21 14:00:38,076 - ForexBot - ERROR - Failed to execute trade: Trade failed. Error code: 10019 - Invalid trade order filling type
2025-03-21 14:00:39,828 - ForexBot - ERROR - Failed to execute trade: Trade failed. Error code: 10019 - Invalid trade order filling type
2025-03-21 14:00:41,610 - ForexBot - ERROR - Failed to execute trade: Trade failed. Error code: 10019 - Invalid trade order filling type
2025-03-21 14:00:43,324 - ForexBot - ERROR - Failed to execute trade: Trade failed. Error code: 10019 - Invalid trade order filling type
2025-03-21 14:00:45,043 - ForexBot - ERROR - Failed to execute trade: Trade failed. Error code: 10019 - Invalid trade order filling type
2025-03-21 14:00:46,845 - ForexBot - ERROR - Failed to execute trade: Trade failed. Error code: 10019 - Invalid trade order filling type
2025-03-21 14:00:48,556 - ForexBot - ERROR - Failed to execute trade: Trade failed. Error code: 10019 - Invalid trade order filling type
2025-03-21 14:00:56,213 - ForexBot - ERROR - Failed to execute trade: Trade failed. Error code: 10016 - Market closed or invalid trade parameters
2025-03-21 14:00:57,967 - ForexBot - ERROR - Failed to execute trade: Trade failed. Error code: 10019 - Invalid trade order filling type
2025-03-21 14:00:59,635 - ForexBot - ERROR - Failed to execute trade: Trade failed. Error code: 10019 - Invalid trade order filling type
2025-03-21 14:01:01,320 - ForexBot - ERROR - Failed to execute trade: Trade failed. Error code: 10016 - Market closed or invalid trade parameters
2025-03-21 14:01:03,087 - ForexBot - ERROR - Failed to execute trade: Trade failed. Error code: 10019 - Invalid trade order filling type
2025-03-21 14:01:04,791 - ForexBot - ERROR - Failed to execute trade: Trade failed. Error code: 10019 - Invalid trade order filling type
2025-03-21 14:01:06,504 - ForexBot - ERROR - Failed to execute trade: Trade failed. Error code: 10019 - Invalid trade order filling type
2025-03-21 14:01:08,301 - ForexBot - ERROR - Failed to execute trade: Trade failed. Error code: 10019 - Invalid trade order filling type
2025-03-21 14:01:10,042 - ForexBot - ERROR - Failed to execute trade: Trade failed. Error code: 10019 - Invalid trade order filling type
2025-03-21 14:01:11,737 - ForexBot - ERROR - Failed to execute trade: Trade failed. Error code: 10019 - Invalid trade order filling type
2025-03-21 14:01:13,503 - ForexBot - ERROR - Failed to execute trade: Trade failed. Error code: 10019 - Invalid trade order filling type
2025-03-21 14:01:15,224 - ForexBot - ERROR - Failed to execute trade: Trade failed. Error code: 10019 - Invalid trade order filling type
2025-03-21 14:01:16,981 - ForexBot - ERROR - Failed to execute trade: Trade failed. Error code: 10019 - Invalid trade order filling type
2025-03-21 14:01:18,800 - ForexBot - ERROR - Failed to execute trade: Trade failed. Error code: 10019 - Invalid trade order filling type
2025-03-21 14:01:20,462 - ForexBot - ERROR - Failed to execute trade: Trade failed. Error code: 10019 - Invalid trade order filling type
2025-03-21 14:01:22,164 - ForexBot - ERROR - Failed to execute trade: Trade failed. Error code: 10019 - Invalid trade order filling type
2025-03-21 14:01:23,922 - ForexBot - ERROR - Failed to execute trade: Trade failed. Error code: 10019 - Invalid trade order filling type
2025-03-21 14:01:25,640 - ForexBot - ERROR - Failed to execute trade: Trade failed. Error code: 10019 - Invalid trade order filling type
2025-03-21 14:01:27,339 - ForexBot - ERROR - Failed to execute trade: Trade failed. Error code: 10019 - Invalid trade order filling type
2025-03-21 14:01:29,142 - ForexBot - ERROR - Failed to execute trade: Trade failed. Error code: 10019 - Invalid trade order filling type
2025-03-21 14:01:30,811 - ForexBot - ERROR - Failed to execute trade: Trade failed. Error code: 10019 - Invalid trade order filling type
2025-03-21 14:01:32,511 - ForexBot - ERROR - Failed to execute trade: Trade failed. Error code: 10019 - Invalid trade order filling type
2025-03-21 14:01:34,275 - ForexBot - ERROR - Failed to execute trade: Trade failed. Error code: 10019 - Invalid trade order filling type
2025-03-21 14:01:35,927 - ForexBot - ERROR - Failed to execute trade: Trade failed. Error code: 10019 - Invalid trade order filling type
2025-03-21 14:01:37,624 - ForexBot - ERROR - Failed to execute trade: Trade failed. Error code: 10019 - Invalid trade order filling type
2025-03-21 14:01:39,690 - ForexBot - ERROR - Failed to execute trade: Trade failed. Error code: 10019 - Invalid trade order filling type
2025-03-21 14:01:41,388 - ForexBot - ERROR - Failed to execute trade: Trade failed. Error code: 10019 - Invalid trade order filling type
2025-03-21 14:01:43,106 - ForexBot - ERROR - Failed to execute trade: Trade failed. Error code: 10019 - Invalid trade order filling type
2025-03-21 14:01:44,916 - ForexBot - ERROR - Failed to execute trade: Trade failed. Error code: 10019 - Invalid trade order filling type
2025-03-21 14:01:46,632 - ForexBot - ERROR - Failed to execute trade: Trade failed. Error code: 10019 - Invalid trade order filling type
2025-03-21 14:01:48,325 - ForexBot - ERROR - Failed to execute trade: Trade failed. Error code: 10019 - Invalid trade order filling type
2025-03-21 14:01:50,143 - ForexBot - ERROR - Failed to execute trade: Trade failed. Error code: 10019 - Invalid trade order filling type
2025-03-21 14:01:51,894 - ForexBot - ERROR - Failed to execute trade: Trade failed. Error code: 10019 - Invalid trade order filling type
2025-03-21 14:01:53,550 - ForexBot - ERROR - Failed to execute trade: Trade failed. Error code: 10019 - Invalid trade order filling type
2025-03-21 14:01:55,415 - ForexBot - ERROR - Failed to execute trade: Trade failed. Error code: 10016 - Market closed or invalid trade parameters
2025-03-21 14:01:57,141 - ForexBot - ERROR - Failed to execute trade: Trade failed. Error code: 10016 - Market closed or invalid trade parameters
2025-03-21 14:01:58,812 - ForexBot - ERROR - Failed to execute trade: Trade failed. Error code: 10016 - Market closed or invalid trade parameters
2025-03-21 14:02:00,588 - ForexBot - ERROR - Failed to execute trade: Trade failed. Error code: 10016 - Market closed or invalid trade parameters
2025-03-21 14:02:02,391 - ForexBot - ERROR - Failed to execute trade: Trade failed. Error code: 10016 - Market closed or invalid trade parameters
2025-03-21 14:02:04,089 - ForexBot - ERROR - Failed to execute trade: Trade failed. Error code: 10016 - Market closed or invalid trade parameters
2025-03-21 14:02:05,922 - ForexBot - ERROR - Failed to execute trade: Trade failed. Error code: 10016 - Market closed or invalid trade parameters
2025-03-21 14:02:07,621 - ForexBot - ERROR - Failed to execute trade: Trade failed. Error code: 10016 - Market closed or invalid trade parameters
2025-03-21 14:02:09,299 - ForexBot - ERROR - Failed to execute trade: Trade failed. Error code: 10016 - Market closed or invalid trade parameters
2025-03-21 14:02:11,183 - ForexBot - ERROR - Failed to execute trade: Trade failed. Error code: 10016 - Market closed or invalid trade parameters
2025-03-21 14:02:12,919 - ForexBot - ERROR - Failed to execute trade: Trade failed. Error code: 10016 - Market closed or invalid trade parameters
2025-03-21 14:02:14,611 - ForexBot - ERROR - Failed to execute trade: Trade failed. Error code: 10016 - Market closed or invalid trade parameters
2025-03-21 14:02:16,423 - ForexBot - ERROR - Failed to execute trade: Trade failed. Error code: 10016 - Market closed or invalid trade parameters
2025-03-21 14:02:18,176 - ForexBot - ERROR - Failed to execute trade: Trade failed. Error code: 10016 - Market closed or invalid trade parameters
2025-03-21 14:02:19,857 - ForexBot - ERROR - Failed to execute trade: Trade failed. Error code: 10016 - Market closed or invalid trade parameters
2025-03-21 14:02:21,622 - ForexBot - ERROR - Failed to execute trade: Trade failed. Error code: 10016 - Market closed or invalid trade parameters
2025-03-21 14:02:23,338 - ForexBot - ERROR - Failed to execute trade: Trade failed. Error code: 10016 - Market closed or invalid trade parameters
2025-03-21 14:02:25,031 - ForexBot - ERROR - Failed to execute trade: Trade failed. Error code: 10016 - Market closed or invalid trade parameters
2025-03-21 14:02:26,878 - ForexBot - ERROR - Failed to execute trade: Trade failed. Error code: 10016 - Market closed or invalid trade parameters
2025-03-21 14:02:28,611 - ForexBot - ERROR - Failed to execute trade: Trade failed. Error code: 10016 - Market closed or invalid trade parameters
2025-03-21 14:02:30,288 - ForexBot - ERROR - Failed to execute trade: Trade failed. Error code: 10016 - Market closed or invalid trade parameters
2025-03-21 14:02:32,139 - ForexBot - ERROR - Failed to execute trade: Trade failed. Error code: 10016 - Market closed or invalid trade parameters
2025-03-21 14:02:33,801 - ForexBot - ERROR - Failed to execute trade: Trade failed. Error code: 10016 - Market closed or invalid trade parameters
2025-03-21 14:02:35,526 - ForexBot - ERROR - Failed to execute trade: Trade failed. Error code: 10016 - Market closed or invalid trade parameters
2025-03-21 14:02:37,347 - ForexBot - ERROR - Failed to execute trade: Trade failed. Error code: 10016 - Market closed or invalid trade parameters
2025-03-21 14:02:39,099 - ForexBot - ERROR - Failed to execute trade: Trade failed. Error code: 10016 - Market closed or invalid trade parameters
2025-03-21 14:02:40,937 - ForexBot - ERROR - Failed to execute trade: Trade failed. Error code: 10019 - Invalid trade order filling type
2025-03-21 14:02:42,825 - ForexBot - ERROR - Failed to execute trade: Trade failed. Error code: 10019 - Invalid trade order filling type
2025-03-21 14:02:44,494 - ForexBot - ERROR - Failed to execute trade: Trade failed. Error code: 10019 - Invalid trade order filling type
2025-03-21 14:02:46,184 - ForexBot - ERROR - Failed to execute trade: Trade failed. Error code: 10019 - Invalid trade order filling type
2025-03-21 14:02:47,933 - ForexBot - ERROR - Failed to execute trade: Trade failed. Error code: 10019 - Invalid trade order filling type
2025-03-21 14:02:49,612 - ForexBot - ERROR - Failed to execute trade: Trade failed. Error code: 10019 - Invalid trade order filling type
2025-03-21 14:02:51,299 - ForexBot - ERROR - Failed to execute trade: Trade failed. Error code: 10019 - Invalid trade order filling type
2025-03-21 14:02:53,120 - ForexBot - ERROR - Failed to execute trade: Trade failed. Error code: 10019 - Invalid trade order filling type
2025-03-21 14:02:54,847 - ForexBot - ERROR - Failed to execute trade: Trade failed. Error code: 10019 - Invalid trade order filling type
2025-03-21 14:02:57,023 - ForexBot - ERROR - Failed to execute trade: Trade failed. Error code: 10019 - Invalid trade order filling type
