
==================================================
SYSTEM STATE UPDATE - 2025-06-03 15:34:59
==================================================

MARKET INFORMATION:
Current Session: London-NY Overlap
Market Status: Open

SYMBOL PRICES:
EURUSD:
  Bid: 1.13803
  Ask: 1.13821
  Spread: 0.00017999999999984695
  Last Update: 18:34:55
GBPUSD:
  Bid: 1.3495300000000001
  Ask: 1.34972
  Spread: 0.00018999999999991246
  Last Update: 18:34:59
USDJPY:
  Bid: 143.336
  Ask: 143.353
  Spread: 0.016999999999995907
  Last Update: 18:34:59

ACCOUNT INFORMATION:
Balance: $0.85
Equity: $0.85
Profit: $0.00
Margin Level: 0.0%

OPEN POSITIONS:
No open positions

==================================================

==================================================
SYSTEM STATE UPDATE - 2025-06-03 15:35:01
==================================================

MARKET INFORMATION:
Current Session: London-NY Overlap
Market Status: Open

SYMBOL PRICES:
EURUSD:
  Bid: 1.13803
  Ask: 1.13821
  Spread: 0.00017999999999984695
  Last Update: 18:35:00
GBPUSD:
  Bid: 1.3495300000000001
  Ask: 1.34972
  Spread: 0.00018999999999991246
  Last Update: 18:34:59
USDJPY:
  Bid: 143.336
  Ask: 143.352
  Spread: 0.015999999999991132
  Last Update: 18:34:59

ACCOUNT INFORMATION:
Balance: $0.85
Equity: $0.85
Profit: $0.00
Margin Level: 0.0%

OPEN POSITIONS:
No open positions

==================================================

==================================================
SYSTEM STATE UPDATE - 2025-06-03 15:35:02
==================================================

MARKET INFORMATION:
Current Session: London-NY Overlap
Market Status: Open

SYMBOL PRICES:
EURUSD:
  Bid: 1.13801
  Ask: 1.13819
  Spread: 0.000180000000000069
  Last Update: 18:35:00
GBPUSD:
  Bid: 1.34952
  Ask: 1.34972
  Spread: 0.00019999999999997797
  Last Update: 18:35:00
USDJPY:
  Bid: 143.336
  Ask: 143.353
  Spread: 0.016999999999995907
  Last Update: 18:35:01

ACCOUNT INFORMATION:
Balance: $0.85
Equity: $0.85
Profit: $0.00
Margin Level: 0.0%

OPEN POSITIONS:
No open positions

==================================================

==================================================
SYSTEM STATE UPDATE - 2025-06-03 15:35:04
==================================================

MARKET INFORMATION:
Current Session: London-NY Overlap
Market Status: Open

SYMBOL PRICES:
EURUSD:
  Bid: 1.13801
  Ask: 1.13819
  Spread: 0.000180000000000069
  Last Update: 18:35:00
GBPUSD:
  Bid: 1.34952
  Ask: 1.34972
  Spread: 0.00019999999999997797
  Last Update: 18:35:00
USDJPY:
  Bid: 143.338
  Ask: 143.355
  Spread: 0.016999999999995907
  Last Update: 18:35:03

ACCOUNT INFORMATION:
Balance: $0.85
Equity: $0.85
Profit: $0.00
Margin Level: 0.0%

OPEN POSITIONS:
No open positions

==================================================

==================================================
SYSTEM STATE UPDATE - 2025-06-03 15:35:06
==================================================

MARKET INFORMATION:
Current Session: London-NY Overlap
Market Status: Open

SYMBOL PRICES:
EURUSD:
  Bid: 1.13801
  Ask: 1.13819
  Spread: 0.000180000000000069
  Last Update: 18:35:00
GBPUSD:
  Bid: 1.34952
  Ask: 1.34972
  Spread: 0.00019999999999997797
  Last Update: 18:35:00
USDJPY:
  Bid: 143.339
  Ask: 143.355
  Spread: 0.015999999999991132
  Last Update: 18:35:04

ACCOUNT INFORMATION:
Balance: $0.85
Equity: $0.85
Profit: $0.00
Margin Level: 0.0%

OPEN POSITIONS:
No open positions

==================================================

==================================================
SYSTEM STATE UPDATE - 2025-06-03 15:35:07
==================================================

MARKET INFORMATION:
Current Session: London-NY Overlap
Market Status: Open

SYMBOL PRICES:
EURUSD:
  Bid: 1.13801
  Ask: 1.13819
  Spread: 0.000180000000000069
  Last Update: 18:35:05
GBPUSD:
  Bid: 1.34952
  Ask: 1.34972
  Spread: 0.00019999999999997797
  Last Update: 18:35:00
USDJPY:
  Bid: 143.338
  Ask: 143.354
  Spread: 0.016000000000019554
  Last Update: 18:35:06

ACCOUNT INFORMATION:
Balance: $0.85
Equity: $0.85
Profit: $0.00
Margin Level: 0.0%

OPEN POSITIONS:
No open positions

==================================================

==================================================
SYSTEM STATE UPDATE - 2025-06-03 15:35:09
==================================================

MARKET INFORMATION:
Current Session: London-NY Overlap
Market Status: Open

SYMBOL PRICES:
EURUSD:
  Bid: 1.13801
  Ask: 1.13819
  Spread: 0.000180000000000069
  Last Update: 18:35:05
GBPUSD:
  Bid: 1.34952
  Ask: 1.34972
  Spread: 0.00019999999999997797
  Last Update: 18:35:00
USDJPY:
  Bid: 143.338
  Ask: 143.357
  Spread: 0.019000000000005457
  Last Update: 18:35:08

ACCOUNT INFORMATION:
Balance: $0.85
Equity: $0.85
Profit: $0.00
Margin Level: 0.0%

OPEN POSITIONS:
No open positions

==================================================

==================================================
SYSTEM STATE UPDATE - 2025-06-03 15:35:10
==================================================

MARKET INFORMATION:
Current Session: London-NY Overlap
Market Status: Open

SYMBOL PRICES:
EURUSD:
  Bid: 1.13805
  Ask: 1.13823
  Spread: 0.000180000000000069
  Last Update: 18:35:09
GBPUSD:
  Bid: 1.34961
  Ask: 1.34982
  Spread: 0.00021000000000004349
  Last Update: 18:35:09
USDJPY:
  Bid: 143.333
  Ask: 143.349
  Spread: 0.015999999999991132
  Last Update: 18:35:10

ACCOUNT INFORMATION:
Balance: $0.85
Equity: $0.85
Profit: $0.00
Margin Level: 0.0%

OPEN POSITIONS:
No open positions

==================================================

==================================================
SYSTEM STATE UPDATE - 2025-06-03 15:35:12
==================================================

MARKET INFORMATION:
Current Session: London-NY Overlap
Market Status: Open

SYMBOL PRICES:
EURUSD:
  Bid: 1.13806
  Ask: 1.13824
  Spread: 0.00017999999999984695
  Last Update: 18:35:11
GBPUSD:
  Bid: 1.34962
  Ask: 1.34982
  Spread: 0.00019999999999997797
  Last Update: 18:35:11
USDJPY:
  Bid: 143.332
  Ask: 143.349
  Spread: 0.016999999999995907
  Last Update: 18:35:11

ACCOUNT INFORMATION:
Balance: $0.85
Equity: $0.85
Profit: $0.00
Margin Level: 0.0%

OPEN POSITIONS:
No open positions

==================================================

==================================================
SYSTEM STATE UPDATE - 2025-06-03 15:35:14
==================================================

MARKET INFORMATION:
Current Session: London-NY Overlap
Market Status: Open

SYMBOL PRICES:
EURUSD:
  Bid: 1.13806
  Ask: 1.13824
  Spread: 0.00017999999999984695
  Last Update: 18:35:11
GBPUSD:
  Bid: 1.34962
  Ask: 1.34982
  Spread: 0.00019999999999997797
  Last Update: 18:35:11
USDJPY:
  Bid: 143.332
  Ask: 143.349
  Spread: 0.016999999999995907
  Last Update: 18:35:11

ACCOUNT INFORMATION:
Balance: $0.85
Equity: $0.85
Profit: $0.00
Margin Level: 0.0%

OPEN POSITIONS:
No open positions

==================================================

==================================================
SYSTEM STATE UPDATE - 2025-06-03 15:35:15
==================================================

MARKET INFORMATION:
Current Session: London-NY Overlap
Market Status: Open

SYMBOL PRICES:
EURUSD:
  Bid: 1.1381000000000001
  Ask: 1.13828
  Spread: 0.00017999999999984695
  Last Update: 18:35:14
GBPUSD:
  Bid: 1.3496299999999999
  Ask: 1.3498299999999999
  Spread: 0.00019999999999997797
  Last Update: 18:35:14
USDJPY:
  Bid: 143.325
  Ask: 143.343
  Spread: 0.018000000000000682
  Last Update: 18:35:14

ACCOUNT INFORMATION:
Balance: $0.85
Equity: $0.85
Profit: $0.00
Margin Level: 0.0%

OPEN POSITIONS:
No open positions

==================================================

==================================================
SYSTEM STATE UPDATE - 2025-06-03 15:35:17
==================================================

MARKET INFORMATION:
Current Session: London-NY Overlap
Market Status: Open

SYMBOL PRICES:
EURUSD:
  Bid: 1.1381000000000001
  Ask: 1.13828
  Spread: 0.00017999999999984695
  Last Update: 18:35:14
GBPUSD:
  Bid: 1.34964
  Ask: 1.3498299999999999
  Spread: 0.00018999999999991246
  Last Update: 18:35:16
USDJPY:
  Bid: 143.32
  Ask: 143.337
  Spread: 0.016999999999995907
  Last Update: 18:35:16

ACCOUNT INFORMATION:
Balance: $0.85
Equity: $0.85
Profit: $0.00
Margin Level: 0.0%

OPEN POSITIONS:
No open positions

==================================================

==================================================
SYSTEM STATE UPDATE - 2025-06-03 15:35:19
==================================================

MARKET INFORMATION:
Current Session: London-NY Overlap
Market Status: Open

SYMBOL PRICES:
EURUSD:
  Bid: 1.13814
  Ask: 1.13832
  Spread: 0.000180000000000069
  Last Update: 18:35:18
GBPUSD:
  Bid: 1.34959
  Ask: 1.3498
  Spread: 0.00021000000000004349
  Last Update: 18:35:18
USDJPY:
  Bid: 143.319
  Ask: 143.335
  Spread: 0.016000000000019554
  Last Update: 18:35:18

ACCOUNT INFORMATION:
Balance: $0.85
Equity: $0.85
Profit: $0.00
Margin Level: 0.0%

OPEN POSITIONS:
No open positions

==================================================

==================================================
SYSTEM STATE UPDATE - 2025-06-03 15:35:20
==================================================

MARKET INFORMATION:
Current Session: London-NY Overlap
Market Status: Open

SYMBOL PRICES:
EURUSD:
  Bid: 1.13812
  Ask: 1.1383
  Spread: 0.000180000000000069
  Last Update: 18:35:18
GBPUSD:
  Bid: 1.34959
  Ask: 1.3498
  Spread: 0.00021000000000004349
  Last Update: 18:35:18
USDJPY:
  Bid: 143.319
  Ask: 143.335
  Spread: 0.016000000000019554
  Last Update: 18:35:18

ACCOUNT INFORMATION:
Balance: $0.85
Equity: $0.85
Profit: $0.00
Margin Level: 0.0%

OPEN POSITIONS:
No open positions

==================================================

==================================================
SYSTEM STATE UPDATE - 2025-06-03 15:35:21
==================================================

MARKET INFORMATION:
Current Session: London-NY Overlap
Market Status: Open

SYMBOL PRICES:
EURUSD:
  Bid: 1.13812
  Ask: 1.1383
  Spread: 0.000180000000000069
  Last Update: 18:35:18
GBPUSD:
  Bid: 1.3496000000000001
  Ask: 1.34981
  Spread: 0.00020999999999982144
  Last Update: 18:35:20
USDJPY:
  Bid: 143.32
  Ask: 143.335
  Spread: 0.01500000000001478
  Last Update: 18:35:21

ACCOUNT INFORMATION:
Balance: $0.85
Equity: $0.85
Profit: $0.00
Margin Level: 0.0%

OPEN POSITIONS:
No open positions

==================================================

==================================================
SYSTEM STATE UPDATE - 2025-06-03 15:35:23
==================================================

MARKET INFORMATION:
Current Session: London-NY Overlap
Market Status: Open

SYMBOL PRICES:
EURUSD:
  Bid: 1.13812
  Ask: 1.1383
  Spread: 0.000180000000000069
  Last Update: 18:35:18
GBPUSD:
  Bid: 1.3496000000000001
  Ask: 1.34981
  Spread: 0.00020999999999982144
  Last Update: 18:35:20
USDJPY:
  Bid: 143.32
  Ask: 143.335
  Spread: 0.01500000000001478
  Last Update: 18:35:22

ACCOUNT INFORMATION:
Balance: $0.85
Equity: $0.85
Profit: $0.00
Margin Level: 0.0%

OPEN POSITIONS:
No open positions

==================================================

==================================================
SYSTEM STATE UPDATE - 2025-06-03 15:35:25
==================================================

MARKET INFORMATION:
Current Session: London-NY Overlap
Market Status: Open

SYMBOL PRICES:
EURUSD:
  Bid: 1.13812
  Ask: 1.1383
  Spread: 0.000180000000000069
  Last Update: 18:35:18
GBPUSD:
  Bid: 1.3496000000000001
  Ask: 1.34981
  Spread: 0.00020999999999982144
  Last Update: 18:35:20
USDJPY:
  Bid: 143.32
  Ask: 143.335
  Spread: 0.01500000000001478
  Last Update: 18:35:22

ACCOUNT INFORMATION:
Balance: $0.85
Equity: $0.85
Profit: $0.00
Margin Level: 0.0%

OPEN POSITIONS:
No open positions

==================================================
