
==================================================
SYSTEM STATE UPDATE - 2025-06-11 16:14:47
==================================================

MARKET INFORMATION:
Current Session: London-NY Overlap
Market Status: Open

SYMBOL PRICES:
EURUSD:
  Bid: 1.14675
  Ask: 1.14693
  Spread: 0.000180000000000069
  Last Update: 19:14:46
GBPUSD:
  Bid: 1.35269
  Ask: 1.35284
  Spread: 0.0001500000000000945
  Last Update: 19:14:48
USDJPY:
  Bid: 144.634
  Ask: 144.652
  Spread: 0.018000000000000682
  Last Update: 19:14:47

ACCOUNT INFORMATION:
Balance: $0.85
Equity: $0.85
Profit: $0.00
Margin Level: 0.0%

OPEN POSITIONS:
No open positions

==================================================

==================================================
SYSTEM STATE UPDATE - 2025-06-11 16:14:48
==================================================

MARKET INFORMATION:
Current Session: London-NY Overlap
Market Status: Open

SYMBOL PRICES:
EURUSD:
  Bid: 1.14666
  Ask: 1.14684
  Spread: 0.000180000000000069
  Last Update: 19:14:48
GBPUSD:
  Bid: 1.3526
  Ask: 1.35279
  Spread: 0.00018999999999991246
  Last Update: 19:14:49
USDJPY:
  Bid: 144.639
  Ask: 144.656
  Spread: 0.016999999999995907
  Last Update: 19:14:49

ACCOUNT INFORMATION:
Balance: $0.85
Equity: $0.85
Profit: $0.00
Margin Level: 0.0%

OPEN POSITIONS:
No open positions

==================================================

==================================================
SYSTEM STATE UPDATE - 2025-06-11 16:14:50
==================================================

MARKET INFORMATION:
Current Session: London-NY Overlap
Market Status: Open

SYMBOL PRICES:
EURUSD:
  Bid: 1.14666
  Ask: 1.14684
  Spread: 0.000180000000000069
  Last Update: 19:14:50
GBPUSD:
  Bid: 1.3526
  Ask: 1.35279
  Spread: 0.00018999999999991246
  Last Update: 19:14:50
USDJPY:
  Bid: 144.639
  Ask: 144.657
  Spread: 0.018000000000000682
  Last Update: 19:14:50

ACCOUNT INFORMATION:
Balance: $0.85
Equity: $0.85
Profit: $0.00
Margin Level: 0.0%

OPEN POSITIONS:
No open positions

==================================================

==================================================
SYSTEM STATE UPDATE - 2025-06-11 16:14:51
==================================================

MARKET INFORMATION:
Current Session: London-NY Overlap
Market Status: Open

SYMBOL PRICES:
EURUSD:
  Bid: 1.14666
  Ask: 1.14685
  Spread: 0.00018999999999991246
  Last Update: 19:14:52
GBPUSD:
  Bid: 1.3526
  Ask: 1.35279
  Spread: 0.00018999999999991246
  Last Update: 19:14:52
USDJPY:
  Bid: 144.641
  Ask: 144.657
  Spread: 0.016000000000019554
  Last Update: 19:14:52

ACCOUNT INFORMATION:
Balance: $0.85
Equity: $0.85
Profit: $0.00
Margin Level: 0.0%

OPEN POSITIONS:
No open positions

==================================================

==================================================
SYSTEM STATE UPDATE - 2025-06-11 16:14:52
==================================================

MARKET INFORMATION:
Current Session: London-NY Overlap
Market Status: Open

SYMBOL PRICES:
EURUSD:
  Bid: 1.14666
  Ask: 1.14685
  Spread: 0.00018999999999991246
  Last Update: 19:14:52
GBPUSD:
  Bid: 1.3526099999999999
  Ask: 1.35279
  Spread: 0.000180000000000069
  Last Update: 19:14:52
USDJPY:
  Bid: 144.641
  Ask: 144.657
  Spread: 0.016000000000019554
  Last Update: 19:14:53

ACCOUNT INFORMATION:
Balance: $0.85
Equity: $0.85
Profit: $0.00
Margin Level: 0.0%

OPEN POSITIONS:
No open positions

==================================================

==================================================
SYSTEM STATE UPDATE - 2025-06-11 16:14:54
==================================================

MARKET INFORMATION:
Current Session: London-NY Overlap
Market Status: Open

SYMBOL PRICES:
EURUSD:
  Bid: 1.14667
  Ask: 1.14686
  Spread: 0.00018999999999991246
  Last Update: 19:14:54
GBPUSD:
  Bid: 1.3526500000000001
  Ask: 1.35282
  Spread: 0.00016999999999978144
  Last Update: 19:14:54
USDJPY:
  Bid: 144.634
  Ask: 144.653
  Spread: 0.019000000000005457
  Last Update: 19:14:55

ACCOUNT INFORMATION:
Balance: $0.85
Equity: $0.85
Profit: $0.00
Margin Level: 0.0%

OPEN POSITIONS:
No open positions

==================================================

==================================================
SYSTEM STATE UPDATE - 2025-06-11 16:14:55
==================================================

MARKET INFORMATION:
Current Session: London-NY Overlap
Market Status: Open

SYMBOL PRICES:
EURUSD:
  Bid: 1.1468
  Ask: 1.14698
  Spread: 0.000180000000000069
  Last Update: 19:14:56
GBPUSD:
  Bid: 1.35272
  Ask: 1.35291
  Spread: 0.0001900000000001345
  Last Update: 19:14:56
USDJPY:
  Bid: 144.625
  Ask: 144.639
  Spread: 0.014000000000010004
  Last Update: 19:14:56

ACCOUNT INFORMATION:
Balance: $0.85
Equity: $0.85
Profit: $0.00
Margin Level: 0.0%

OPEN POSITIONS:
No open positions

==================================================

==================================================
SYSTEM STATE UPDATE - 2025-06-11 16:14:57
==================================================

MARKET INFORMATION:
Current Session: London-NY Overlap
Market Status: Open

SYMBOL PRICES:
EURUSD:
  Bid: 1.14688
  Ask: 1.14706
  Spread: 0.000180000000000069
  Last Update: 19:14:57
GBPUSD:
  Bid: 1.35281
  Ask: 1.3529900000000001
  Spread: 0.000180000000000069
  Last Update: 19:14:57
USDJPY:
  Bid: 144.61
  Ask: 144.627
  Spread: 0.016999999999995907
  Last Update: 19:14:56

ACCOUNT INFORMATION:
Balance: $0.85
Equity: $0.85
Profit: $0.00
Margin Level: 0.0%

OPEN POSITIONS:
No open positions

==================================================

==================================================
SYSTEM STATE UPDATE - 2025-06-11 16:14:58
==================================================

MARKET INFORMATION:
Current Session: London-NY Overlap
Market Status: Open

SYMBOL PRICES:
EURUSD:
  Bid: 1.14688
  Ask: 1.14707
  Spread: 0.0001900000000001345
  Last Update: 19:14:59
GBPUSD:
  Bid: 1.35283
  Ask: 1.353
  Spread: 0.00017000000000000348
  Last Update: 19:14:59
USDJPY:
  Bid: 144.61
  Ask: 144.628
  Spread: 0.01799999999997226
  Last Update: 19:14:58

ACCOUNT INFORMATION:
Balance: $0.85
Equity: $0.85
Profit: $0.00
Margin Level: 0.0%

OPEN POSITIONS:
No open positions

==================================================

==================================================
SYSTEM STATE UPDATE - 2025-06-11 16:15:00
==================================================

MARKET INFORMATION:
Current Session: London-NY Overlap
Market Status: Open

SYMBOL PRICES:
EURUSD:
  Bid: 1.14691
  Ask: 1.14709
  Spread: 0.00017999999999984695
  Last Update: 19:15:00
GBPUSD:
  Bid: 1.35283
  Ask: 1.35302
  Spread: 0.00018999999999991246
  Last Update: 19:14:59
USDJPY:
  Bid: 144.607
  Ask: 144.624
  Spread: 0.016999999999995907
  Last Update: 19:15:00

ACCOUNT INFORMATION:
Balance: $0.85
Equity: $0.85
Profit: $0.00
Margin Level: 0.0%

OPEN POSITIONS:
No open positions

==================================================

==================================================
SYSTEM STATE UPDATE - 2025-06-11 16:15:01
==================================================

MARKET INFORMATION:
Current Session: London-NY Overlap
Market Status: Open

SYMBOL PRICES:
EURUSD:
  Bid: 1.14687
  Ask: 1.14705
  Spread: 0.00017999999999984695
  Last Update: 19:15:01
GBPUSD:
  Bid: 1.35274
  Ask: 1.3529200000000001
  Spread: 0.000180000000000069
  Last Update: 19:15:01
USDJPY:
  Bid: 144.613
  Ask: 144.63
  Spread: 0.016999999999995907
  Last Update: 19:15:01

ACCOUNT INFORMATION:
Balance: $0.85
Equity: $0.85
Profit: $0.00
Margin Level: 0.0%

OPEN POSITIONS:
No open positions

==================================================

==================================================
SYSTEM STATE UPDATE - 2025-06-11 16:15:02
==================================================

MARKET INFORMATION:
Current Session: London-NY Overlap
Market Status: Open

SYMBOL PRICES:
EURUSD:
  Bid: 1.14686
  Ask: 1.14704
  Spread: 0.000180000000000069
  Last Update: 19:15:03
GBPUSD:
  Bid: 1.35267
  Ask: 1.35284
  Spread: 0.00017000000000000348
  Last Update: 19:15:03
USDJPY:
  Bid: 144.622
  Ask: 144.639
  Spread: 0.016999999999995907
  Last Update: 19:15:03

ACCOUNT INFORMATION:
Balance: $0.85
Equity: $0.85
Profit: $0.00
Margin Level: 0.0%

OPEN POSITIONS:
No open positions

==================================================

==================================================
SYSTEM STATE UPDATE - 2025-06-11 16:15:04
==================================================

MARKET INFORMATION:
Current Session: London-NY Overlap
Market Status: Open

SYMBOL PRICES:
EURUSD:
  Bid: 1.14686
  Ask: 1.14704
  Spread: 0.000180000000000069
  Last Update: 19:15:04
GBPUSD:
  Bid: 1.3526500000000001
  Ask: 1.35283
  Spread: 0.00017999999999984695
  Last Update: 19:15:04
USDJPY:
  Bid: 144.623
  Ask: 144.64
  Spread: 0.016999999999995907
  Last Update: 19:15:04

ACCOUNT INFORMATION:
Balance: $0.85
Equity: $0.85
Profit: $0.00
Margin Level: 0.0%

OPEN POSITIONS:
No open positions

==================================================

==================================================
SYSTEM STATE UPDATE - 2025-06-11 16:15:05
==================================================

MARKET INFORMATION:
Current Session: London-NY Overlap
Market Status: Open

SYMBOL PRICES:
EURUSD:
  Bid: 1.14686
  Ask: 1.14704
  Spread: 0.000180000000000069
  Last Update: 19:15:04
GBPUSD:
  Bid: 1.35267
  Ask: 1.35284
  Spread: 0.00017000000000000348
  Last Update: 19:15:06
USDJPY:
  Bid: 144.624
  Ask: 144.64
  Spread: 0.015999999999991132
  Last Update: 19:15:06

ACCOUNT INFORMATION:
Balance: $0.85
Equity: $0.85
Profit: $0.00
Margin Level: 0.0%

OPEN POSITIONS:
No open positions

==================================================

==================================================
SYSTEM STATE UPDATE - 2025-06-11 16:15:07
==================================================

MARKET INFORMATION:
Current Session: London-NY Overlap
Market Status: Open

SYMBOL PRICES:
EURUSD:
  Bid: 1.14676
  Ask: 1.14695
  Spread: 0.00018999999999991246
  Last Update: 19:15:08
GBPUSD:
  Bid: 1.3525800000000001
  Ask: 1.35276
  Spread: 0.00017999999999984695
  Last Update: 19:15:08
USDJPY:
  Bid: 144.643
  Ask: 144.654
  Spread: 0.01099999999999568
  Last Update: 19:15:08

ACCOUNT INFORMATION:
Balance: $0.85
Equity: $0.85
Profit: $0.00
Margin Level: 0.0%

OPEN POSITIONS:
No open positions

==================================================

==================================================
SYSTEM STATE UPDATE - 2025-06-11 16:15:09
==================================================

MARKET INFORMATION:
Current Session: London-NY Overlap
Market Status: Open

SYMBOL PRICES:
EURUSD:
  Bid: 1.14674
  Ask: 1.14692
  Spread: 0.00017999999999984695
  Last Update: 19:15:09
GBPUSD:
  Bid: 1.35257
  Ask: 1.35275
  Spread: 0.00017999999999984695
  Last Update: 19:15:09
USDJPY:
  Bid: 144.651
  Ask: 144.667
  Spread: 0.015999999999991132
  Last Update: 19:15:10

ACCOUNT INFORMATION:
Balance: $0.85
Equity: $0.85
Profit: $0.00
Margin Level: 0.0%

OPEN POSITIONS:
No open positions

==================================================

==================================================
SYSTEM STATE UPDATE - 2025-06-11 16:15:11
==================================================

MARKET INFORMATION:
Current Session: London-NY Overlap
Market Status: Open

SYMBOL PRICES:
EURUSD:
  Bid: 1.14672
  Ask: 1.1469
  Spread: 0.000180000000000069
  Last Update: 19:15:10
GBPUSD:
  Bid: 1.35251
  Ask: 1.3527
  Spread: 0.00018999999999991246
  Last Update: 19:15:11
USDJPY:
  Bid: 144.648
  Ask: 144.666
  Spread: 0.018000000000000682
  Last Update: 19:15:11

ACCOUNT INFORMATION:
Balance: $0.85
Equity: $0.85
Profit: $0.00
Margin Level: 0.0%

OPEN POSITIONS:
No open positions

==================================================

==================================================
SYSTEM STATE UPDATE - 2025-06-11 16:15:12
==================================================

MARKET INFORMATION:
Current Session: London-NY Overlap
Market Status: Open

SYMBOL PRICES:
EURUSD:
  Bid: 1.1467100000000001
  Ask: 1.14689
  Spread: 0.00017999999999984695
  Last Update: 19:15:13
GBPUSD:
  Bid: 1.35248
  Ask: 1.35267
  Spread: 0.0001900000000001345
  Last Update: 19:15:12
USDJPY:
  Bid: 144.645
  Ask: 144.662
  Spread: 0.016999999999995907
  Last Update: 19:15:11

ACCOUNT INFORMATION:
Balance: $0.85
Equity: $0.85
Profit: $0.00
Margin Level: 0.0%

OPEN POSITIONS:
No open positions

==================================================

==================================================
SYSTEM STATE UPDATE - 2025-06-11 16:15:14
==================================================

MARKET INFORMATION:
Current Session: London-NY Overlap
Market Status: Open

SYMBOL PRICES:
EURUSD:
  Bid: 1.14674
  Ask: 1.14692
  Spread: 0.00017999999999984695
  Last Update: 19:15:14
GBPUSD:
  Bid: 1.35253
  Ask: 1.35271
  Spread: 0.000180000000000069
  Last Update: 19:15:14
USDJPY:
  Bid: 144.641
  Ask: 144.658
  Spread: 0.016999999999995907
  Last Update: 19:15:14

ACCOUNT INFORMATION:
Balance: $0.85
Equity: $0.85
Profit: $0.00
Margin Level: 0.0%

OPEN POSITIONS:
No open positions

==================================================

==================================================
SYSTEM STATE UPDATE - 2025-06-11 16:15:15
==================================================

MARKET INFORMATION:
Current Session: London-NY Overlap
Market Status: Open

SYMBOL PRICES:
EURUSD:
  Bid: 1.14673
  Ask: 1.14691
  Spread: 0.000180000000000069
  Last Update: 19:15:16
GBPUSD:
  Bid: 1.35251
  Ask: 1.35269
  Spread: 0.00017999999999984695
  Last Update: 19:15:16
USDJPY:
  Bid: 144.641
  Ask: 144.658
  Spread: 0.016999999999995907
  Last Update: 19:15:14

ACCOUNT INFORMATION:
Balance: $0.85
Equity: $0.85
Profit: $0.00
Margin Level: 0.0%

OPEN POSITIONS:
No open positions

==================================================

==================================================
SYSTEM STATE UPDATE - 2025-06-11 16:15:17
==================================================

MARKET INFORMATION:
Current Session: London-NY Overlap
Market Status: Open

SYMBOL PRICES:
EURUSD:
  Bid: 1.14672
  Ask: 1.1469
  Spread: 0.000180000000000069
  Last Update: 19:15:17
GBPUSD:
  Bid: 1.35251
  Ask: 1.35269
  Spread: 0.00017999999999984695
  Last Update: 19:15:16
USDJPY:
  Bid: 144.64
  Ask: 144.657
  Spread: 0.01700000000002433
  Last Update: 19:15:18

ACCOUNT INFORMATION:
Balance: $0.85
Equity: $0.85
Profit: $0.00
Margin Level: 0.0%

OPEN POSITIONS:
No open positions

==================================================

==================================================
SYSTEM STATE UPDATE - 2025-06-11 16:15:24
==================================================

MARKET INFORMATION:
Current Session: London-NY Overlap
Market Status: Open

SYMBOL PRICES:
EURUSD:
  Bid: 1.14668
  Ask: 1.14686
  Spread: 0.000180000000000069
  Last Update: 19:15:24
GBPUSD:
  Bid: 1.35254
  Ask: 1.3527
  Spread: 0.00015999999999993797
  Last Update: 19:15:24
USDJPY:
  Bid: 144.625
  Ask: 144.642
  Spread: 0.016999999999995907
  Last Update: 19:15:24

ACCOUNT INFORMATION:
Balance: $0.85
Equity: $0.85
Profit: $0.00
Margin Level: 0.0%

OPEN POSITIONS:
No open positions

==================================================

==================================================
SYSTEM STATE UPDATE - 2025-06-11 16:15:25
==================================================

MARKET INFORMATION:
Current Session: London-NY Overlap
Market Status: Open

SYMBOL PRICES:
EURUSD:
  Bid: 1.14667
  Ask: 1.14685
  Spread: 0.00017999999999984695
  Last Update: 19:15:25
GBPUSD:
  Bid: 1.35254
  Ask: 1.35271
  Spread: 0.00017000000000000348
  Last Update: 19:15:25
USDJPY:
  Bid: 144.626
  Ask: 144.643
  Spread: 0.016999999999995907
  Last Update: 19:15:25

ACCOUNT INFORMATION:
Balance: $0.85
Equity: $0.85
Profit: $0.00
Margin Level: 0.0%

OPEN POSITIONS:
No open positions

==================================================

==================================================
SYSTEM STATE UPDATE - 2025-06-11 16:15:27
==================================================

MARKET INFORMATION:
Current Session: London-NY Overlap
Market Status: Open

SYMBOL PRICES:
EURUSD:
  Bid: 1.14664
  Ask: 1.14682
  Spread: 0.00017999999999984695
  Last Update: 19:15:27
GBPUSD:
  Bid: 1.35239
  Ask: 1.35257
  Spread: 0.000180000000000069
  Last Update: 19:15:27
USDJPY:
  Bid: 144.627
  Ask: 144.644
  Spread: 0.016999999999995907
  Last Update: 19:15:26

ACCOUNT INFORMATION:
Balance: $0.85
Equity: $0.85
Profit: $0.00
Margin Level: 0.0%

OPEN POSITIONS:
No open positions

==================================================

==================================================
SYSTEM STATE UPDATE - 2025-06-11 16:15:29
==================================================

MARKET INFORMATION:
Current Session: London-NY Overlap
Market Status: Open

SYMBOL PRICES:
EURUSD:
  Bid: 1.14662
  Ask: 1.1468
  Spread: 0.000180000000000069
  Last Update: 19:15:29
GBPUSD:
  Bid: 1.35239
  Ask: 1.35255
  Spread: 0.00015999999999993797
  Last Update: 19:15:29
USDJPY:
  Bid: 144.633
  Ask: 144.65
  Spread: 0.016999999999995907
  Last Update: 19:15:29

ACCOUNT INFORMATION:
Balance: $0.85
Equity: $0.85
Profit: $0.00
Margin Level: 0.0%

OPEN POSITIONS:
No open positions

==================================================

==================================================
SYSTEM STATE UPDATE - 2025-06-11 16:15:30
==================================================

MARKET INFORMATION:
Current Session: London-NY Overlap
Market Status: Open

SYMBOL PRICES:
EURUSD:
  Bid: 1.14662
  Ask: 1.1468
  Spread: 0.000180000000000069
  Last Update: 19:15:29
GBPUSD:
  Bid: 1.35239
  Ask: 1.35255
  Spread: 0.00015999999999993797
  Last Update: 19:15:29
USDJPY:
  Bid: 144.632
  Ask: 144.649
  Spread: 0.016999999999995907
  Last Update: 19:15:29

ACCOUNT INFORMATION:
Balance: $0.85
Equity: $0.85
Profit: $0.00
Margin Level: 0.0%

OPEN POSITIONS:
No open positions

==================================================

==================================================
SYSTEM STATE UPDATE - 2025-06-11 16:15:32
==================================================

MARKET INFORMATION:
Current Session: London-NY Overlap
Market Status: Open

SYMBOL PRICES:
EURUSD:
  Bid: 1.1467100000000001
  Ask: 1.14689
  Spread: 0.00017999999999984695
  Last Update: 19:15:32
GBPUSD:
  Bid: 1.35239
  Ask: 1.35257
  Spread: 0.000180000000000069
  Last Update: 19:15:32
USDJPY:
  Bid: 144.63
  Ask: 144.648
  Spread: 0.018000000000000682
  Last Update: 19:15:33

ACCOUNT INFORMATION:
Balance: $0.85
Equity: $0.85
Profit: $0.00
Margin Level: 0.0%

OPEN POSITIONS:
No open positions

==================================================

==================================================
SYSTEM STATE UPDATE - 2025-06-11 16:15:33
==================================================

MARKET INFORMATION:
Current Session: London-NY Overlap
Market Status: Open

SYMBOL PRICES:
EURUSD:
  Bid: 1.14673
  Ask: 1.14691
  Spread: 0.000180000000000069
  Last Update: 19:15:33
GBPUSD:
  Bid: 1.35239
  Ask: 1.35257
  Spread: 0.000180000000000069
  Last Update: 19:15:33
USDJPY:
  Bid: 144.631
  Ask: 144.648
  Spread: 0.016999999999995907
  Last Update: 19:15:33

ACCOUNT INFORMATION:
Balance: $0.85
Equity: $0.85
Profit: $0.00
Margin Level: 0.0%

OPEN POSITIONS:
No open positions

==================================================

==================================================
SYSTEM STATE UPDATE - 2025-06-11 16:15:35
==================================================

MARKET INFORMATION:
Current Session: London-NY Overlap
Market Status: Open

SYMBOL PRICES:
EURUSD:
  Bid: 1.14667
  Ask: 1.14685
  Spread: 0.00017999999999984695
  Last Update: 19:15:35
GBPUSD:
  Bid: 1.35236
  Ask: 1.35252
  Spread: 0.00015999999999993797
  Last Update: 19:15:35
USDJPY:
  Bid: 144.636
  Ask: 144.653
  Spread: 0.016999999999995907
  Last Update: 19:15:35

ACCOUNT INFORMATION:
Balance: $0.85
Equity: $0.85
Profit: $0.00
Margin Level: 0.0%

OPEN POSITIONS:
No open positions

==================================================

==================================================
SYSTEM STATE UPDATE - 2025-06-11 16:15:36
==================================================

MARKET INFORMATION:
Current Session: London-NY Overlap
Market Status: Open

SYMBOL PRICES:
EURUSD:
  Bid: 1.14667
  Ask: 1.14685
  Spread: 0.00017999999999984695
  Last Update: 19:15:35
GBPUSD:
  Bid: 1.35236
  Ask: 1.35254
  Spread: 0.000180000000000069
  Last Update: 19:15:37
USDJPY:
  Bid: 144.635
  Ask: 144.652
  Spread: 0.016999999999995907
  Last Update: 19:15:37

ACCOUNT INFORMATION:
Balance: $0.85
Equity: $0.85
Profit: $0.00
Margin Level: 0.0%

OPEN POSITIONS:
No open positions

==================================================

==================================================
SYSTEM STATE UPDATE - 2025-06-11 16:15:38
==================================================

MARKET INFORMATION:
Current Session: London-NY Overlap
Market Status: Open

SYMBOL PRICES:
EURUSD:
  Bid: 1.14669
  Ask: 1.14687
  Spread: 0.000180000000000069
  Last Update: 19:15:38
GBPUSD:
  Bid: 1.3523800000000001
  Ask: 1.35257
  Spread: 0.00018999999999991246
  Last Update: 19:15:38
USDJPY:
  Bid: 144.635
  Ask: 144.652
  Spread: 0.016999999999995907
  Last Update: 19:15:37

ACCOUNT INFORMATION:
Balance: $0.85
Equity: $0.85
Profit: $0.00
Margin Level: 0.0%

OPEN POSITIONS:
No open positions

==================================================

==================================================
SYSTEM STATE UPDATE - 2025-06-11 16:15:40
==================================================

MARKET INFORMATION:
Current Session: London-NY Overlap
Market Status: Open

SYMBOL PRICES:
EURUSD:
  Bid: 1.1467
  Ask: 1.14688
  Spread: 0.00017999999999984695
  Last Update: 19:15:41
GBPUSD:
  Bid: 1.35243
  Ask: 1.35262
  Spread: 0.00018999999999991246
  Last Update: 19:15:41
USDJPY:
  Bid: 144.636
  Ask: 144.653
  Spread: 0.016999999999995907
  Last Update: 19:15:40

ACCOUNT INFORMATION:
Balance: $0.85
Equity: $0.85
Profit: $0.00
Margin Level: 0.0%

OPEN POSITIONS:
No open positions

==================================================

==================================================
SYSTEM STATE UPDATE - 2025-06-11 16:15:42
==================================================

MARKET INFORMATION:
Current Session: London-NY Overlap
Market Status: Open

SYMBOL PRICES:
EURUSD:
  Bid: 1.1467
  Ask: 1.14688
  Spread: 0.00017999999999984695
  Last Update: 19:15:42
GBPUSD:
  Bid: 1.35239
  Ask: 1.35257
  Spread: 0.000180000000000069
  Last Update: 19:15:41
USDJPY:
  Bid: 144.637
  Ask: 144.653
  Spread: 0.015999999999991132
  Last Update: 19:15:42

ACCOUNT INFORMATION:
Balance: $0.85
Equity: $0.85
Profit: $0.00
Margin Level: 0.0%

OPEN POSITIONS:
No open positions

==================================================

==================================================
SYSTEM STATE UPDATE - 2025-06-11 16:15:44
==================================================

MARKET INFORMATION:
Current Session: London-NY Overlap
Market Status: Open

SYMBOL PRICES:
EURUSD:
  Bid: 1.14661
  Ask: 1.14679
  Spread: 0.000180000000000069
  Last Update: 19:15:44
GBPUSD:
  Bid: 1.3523100000000001
  Ask: 1.3525
  Spread: 0.00018999999999991246
  Last Update: 19:15:44
USDJPY:
  Bid: 144.644
  Ask: 144.661
  Spread: 0.016999999999995907
  Last Update: 19:15:44

ACCOUNT INFORMATION:
Balance: $0.85
Equity: $0.85
Profit: $0.00
Margin Level: 0.0%

OPEN POSITIONS:
No open positions

==================================================

==================================================
SYSTEM STATE UPDATE - 2025-06-11 16:15:46
==================================================

MARKET INFORMATION:
Current Session: London-NY Overlap
Market Status: Open

SYMBOL PRICES:
EURUSD:
  Bid: 1.14662
  Ask: 1.1468
  Spread: 0.000180000000000069
  Last Update: 19:15:47
GBPUSD:
  Bid: 1.3523399999999999
  Ask: 1.3525
  Spread: 0.00016000000000016001
  Last Update: 19:15:45
USDJPY:
  Bid: 144.639
  Ask: 144.657
  Spread: 0.018000000000000682
  Last Update: 19:15:46

ACCOUNT INFORMATION:
Balance: $0.85
Equity: $0.85
Profit: $0.00
Margin Level: 0.0%

OPEN POSITIONS:
No open positions

==================================================

==================================================
SYSTEM STATE UPDATE - 2025-06-11 16:15:48
==================================================

MARKET INFORMATION:
Current Session: London-NY Overlap
Market Status: Open

SYMBOL PRICES:
EURUSD:
  Bid: 1.14659
  Ask: 1.14677
  Spread: 0.000180000000000069
  Last Update: 19:15:49
GBPUSD:
  Bid: 1.35223
  Ask: 1.35241
  Spread: 0.00017999999999984695
  Last Update: 19:15:49
USDJPY:
  Bid: 144.652
  Ask: 144.669
  Spread: 0.01700000000002433
  Last Update: 19:15:48

ACCOUNT INFORMATION:
Balance: $0.85
Equity: $0.85
Profit: $0.00
Margin Level: 0.0%

OPEN POSITIONS:
No open positions

==================================================

==================================================
SYSTEM STATE UPDATE - 2025-06-11 16:15:51
==================================================

MARKET INFORMATION:
Current Session: London-NY Overlap
Market Status: Open

SYMBOL PRICES:
EURUSD:
  Bid: 1.14663
  Ask: 1.1468099999999999
  Spread: 0.00017999999999984695
  Last Update: 19:15:52
GBPUSD:
  Bid: 1.3523399999999999
  Ask: 1.35252
  Spread: 0.000180000000000069
  Last Update: 19:15:52
USDJPY:
  Bid: 144.648
  Ask: 144.664
  Spread: 0.015999999999991132
  Last Update: 19:15:52

ACCOUNT INFORMATION:
Balance: $0.85
Equity: $0.85
Profit: $0.00
Margin Level: 0.0%

OPEN POSITIONS:
No open positions

==================================================

==================================================
SYSTEM STATE UPDATE - 2025-06-11 16:15:54
==================================================

MARKET INFORMATION:
Current Session: London-NY Overlap
Market Status: Open

SYMBOL PRICES:
EURUSD:
  Bid: 1.14656
  Ask: 1.14674
  Spread: 0.000180000000000069
  Last Update: 19:15:55
GBPUSD:
  Bid: 1.35226
  Ask: 1.35244
  Spread: 0.000180000000000069
  Last Update: 19:15:55
USDJPY:
  Bid: 144.652
  Ask: 144.669
  Spread: 0.01700000000002433
  Last Update: 19:15:55

ACCOUNT INFORMATION:
Balance: $0.85
Equity: $0.85
Profit: $0.00
Margin Level: 0.0%

OPEN POSITIONS:
No open positions

==================================================

==================================================
SYSTEM STATE UPDATE - 2025-06-11 16:15:56
==================================================

MARKET INFORMATION:
Current Session: London-NY Overlap
Market Status: Open

SYMBOL PRICES:
EURUSD:
  Bid: 1.14656
  Ask: 1.14674
  Spread: 0.000180000000000069
  Last Update: 19:15:57
GBPUSD:
  Bid: 1.35224
  Ask: 1.35241
  Spread: 0.00016999999999978144
  Last Update: 19:15:57
USDJPY:
  Bid: 144.65
  Ask: 144.667
  Spread: 0.016999999999995907
  Last Update: 19:15:56

ACCOUNT INFORMATION:
Balance: $0.85
Equity: $0.85
Profit: $0.00
Margin Level: 0.0%

OPEN POSITIONS:
No open positions

==================================================

==================================================
SYSTEM STATE UPDATE - 2025-06-11 16:15:59
==================================================

MARKET INFORMATION:
Current Session: London-NY Overlap
Market Status: Open

SYMBOL PRICES:
EURUSD:
  Bid: 1.14658
  Ask: 1.14676
  Spread: 0.000180000000000069
  Last Update: 19:15:58
GBPUSD:
  Bid: 1.3523100000000001
  Ask: 1.35249
  Spread: 0.00017999999999984695
  Last Update: 19:15:59
USDJPY:
  Bid: 144.646
  Ask: 144.664
  Spread: 0.018000000000000682
  Last Update: 19:15:59

ACCOUNT INFORMATION:
Balance: $0.85
Equity: $0.85
Profit: $0.00
Margin Level: 0.0%

OPEN POSITIONS:
No open positions

==================================================

==================================================
SYSTEM STATE UPDATE - 2025-06-11 16:16:00
==================================================

MARKET INFORMATION:
Current Session: London-NY Overlap
Market Status: Open

SYMBOL PRICES:
EURUSD:
  Bid: 1.14657
  Ask: 1.14675
  Spread: 0.00017999999999984695
  Last Update: 19:16:00
GBPUSD:
  Bid: 1.3523100000000001
  Ask: 1.35249
  Spread: 0.00017999999999984695
  Last Update: 19:15:59
USDJPY:
  Bid: 144.647
  Ask: 144.665
  Spread: 0.018000000000000682
  Last Update: 19:16:00

ACCOUNT INFORMATION:
Balance: $0.85
Equity: $0.85
Profit: $0.00
Margin Level: 0.0%

OPEN POSITIONS:
No open positions

==================================================

==================================================
SYSTEM STATE UPDATE - 2025-06-11 16:16:02
==================================================

MARKET INFORMATION:
Current Session: London-NY Overlap
Market Status: Open

SYMBOL PRICES:
EURUSD:
  Bid: 1.14658
  Ask: 1.14676
  Spread: 0.000180000000000069
  Last Update: 19:16:02
GBPUSD:
  Bid: 1.35236
  Ask: 1.35253
  Spread: 0.00017000000000000348
  Last Update: 19:16:03
USDJPY:
  Bid: 144.648
  Ask: 144.665
  Spread: 0.016999999999995907
  Last Update: 19:16:03

ACCOUNT INFORMATION:
Balance: $0.85
Equity: $0.85
Profit: $0.00
Margin Level: 0.0%

OPEN POSITIONS:
No open positions

==================================================

==================================================
SYSTEM STATE UPDATE - 2025-06-11 16:16:06
==================================================

MARKET INFORMATION:
Current Session: London-NY Overlap
Market Status: Open

SYMBOL PRICES:
EURUSD:
  Bid: 1.14657
  Ask: 1.14675
  Spread: 0.00017999999999984695
  Last Update: 19:16:06
GBPUSD:
  Bid: 1.35223
  Ask: 1.35241
  Spread: 0.00017999999999984695
  Last Update: 19:16:06
USDJPY:
  Bid: 144.651
  Ask: 144.668
  Spread: 0.016999999999995907
  Last Update: 19:16:06

ACCOUNT INFORMATION:
Balance: $0.85
Equity: $0.85
Profit: $0.00
Margin Level: 0.0%

OPEN POSITIONS:
No open positions

==================================================

==================================================
SYSTEM STATE UPDATE - 2025-06-11 16:16:07
==================================================

MARKET INFORMATION:
Current Session: London-NY Overlap
Market Status: Open

SYMBOL PRICES:
EURUSD:
  Bid: 1.14657
  Ask: 1.14676
  Spread: 0.00018999999999991246
  Last Update: 19:16:07
GBPUSD:
  Bid: 1.35227
  Ask: 1.35245
  Spread: 0.00017999999999984695
  Last Update: 19:16:07
USDJPY:
  Bid: 144.654
  Ask: 144.671
  Spread: 0.016999999999995907
  Last Update: 19:16:08

ACCOUNT INFORMATION:
Balance: $0.85
Equity: $0.85
Profit: $0.00
Margin Level: 0.0%

OPEN POSITIONS:
No open positions

==================================================

==================================================
SYSTEM STATE UPDATE - 2025-06-11 16:16:09
==================================================

MARKET INFORMATION:
Current Session: London-NY Overlap
Market Status: Open

SYMBOL PRICES:
EURUSD:
  Bid: 1.14654
  Ask: 1.14672
  Spread: 0.000180000000000069
  Last Update: 19:16:10
GBPUSD:
  Bid: 1.35219
  Ask: 1.35237
  Spread: 0.000180000000000069
  Last Update: 19:16:10
USDJPY:
  Bid: 144.657
  Ask: 144.675
  Spread: 0.018000000000000682
  Last Update: 19:16:10

ACCOUNT INFORMATION:
Balance: $0.85
Equity: $0.85
Profit: $0.00
Margin Level: 0.0%

OPEN POSITIONS:
No open positions

==================================================

==================================================
SYSTEM STATE UPDATE - 2025-06-11 16:16:11
==================================================

MARKET INFORMATION:
Current Session: London-NY Overlap
Market Status: Open

SYMBOL PRICES:
EURUSD:
  Bid: 1.14652
  Ask: 1.1467
  Spread: 0.000180000000000069
  Last Update: 19:16:12
GBPUSD:
  Bid: 1.35216
  Ask: 1.35235
  Spread: 0.00018999999999991246
  Last Update: 19:16:12
USDJPY:
  Bid: 144.663
  Ask: 144.679
  Spread: 0.015999999999991132
  Last Update: 19:16:12

ACCOUNT INFORMATION:
Balance: $0.85
Equity: $0.85
Profit: $0.00
Margin Level: 0.0%

OPEN POSITIONS:
No open positions

==================================================

==================================================
SYSTEM STATE UPDATE - 2025-06-11 16:16:12
==================================================

MARKET INFORMATION:
Current Session: London-NY Overlap
Market Status: Open

SYMBOL PRICES:
EURUSD:
  Bid: 1.14656
  Ask: 1.14675
  Spread: 0.00018999999999991246
  Last Update: 19:16:13
GBPUSD:
  Bid: 1.35218
  Ask: 1.3523800000000001
  Spread: 0.00020000000000020002
  Last Update: 19:16:13
USDJPY:
  Bid: 144.665
  Ask: 144.682
  Spread: 0.016999999999995907
  Last Update: 19:16:13

ACCOUNT INFORMATION:
Balance: $0.85
Equity: $0.85
Profit: $0.00
Margin Level: 0.0%

OPEN POSITIONS:
No open positions

==================================================

==================================================
SYSTEM STATE UPDATE - 2025-06-11 16:16:14
==================================================

MARKET INFORMATION:
Current Session: London-NY Overlap
Market Status: Open

SYMBOL PRICES:
EURUSD:
  Bid: 1.14642
  Ask: 1.1466
  Spread: 0.000180000000000069
  Last Update: 19:16:15
GBPUSD:
  Bid: 1.35202
  Ask: 1.3522
  Spread: 0.000180000000000069
  Last Update: 19:16:15
USDJPY:
  Bid: 144.677
  Ask: 144.691
  Spread: 0.014000000000010004
  Last Update: 19:16:15

ACCOUNT INFORMATION:
Balance: $0.85
Equity: $0.85
Profit: $0.00
Margin Level: 0.0%

OPEN POSITIONS:
No open positions

==================================================

==================================================
SYSTEM STATE UPDATE - 2025-06-11 16:16:16
==================================================

MARKET INFORMATION:
Current Session: London-NY Overlap
Market Status: Open

SYMBOL PRICES:
EURUSD:
  Bid: 1.14641
  Ask: 1.14659
  Spread: 0.000180000000000069
  Last Update: 19:16:17
GBPUSD:
  Bid: 1.35205
  Ask: 1.35223
  Spread: 0.000180000000000069
  Last Update: 19:16:17
USDJPY:
  Bid: 144.678
  Ask: 144.694
  Spread: 0.015999999999991132
  Last Update: 19:16:16

ACCOUNT INFORMATION:
Balance: $0.85
Equity: $0.85
Profit: $0.00
Margin Level: 0.0%

OPEN POSITIONS:
No open positions

==================================================

==================================================
SYSTEM STATE UPDATE - 2025-06-11 16:16:18
==================================================

MARKET INFORMATION:
Current Session: London-NY Overlap
Market Status: Open

SYMBOL PRICES:
EURUSD:
  Bid: 1.14642
  Ask: 1.1466
  Spread: 0.000180000000000069
  Last Update: 19:16:18
GBPUSD:
  Bid: 1.35202
  Ask: 1.35221
  Spread: 0.00018999999999991246
  Last Update: 19:16:18
USDJPY:
  Bid: 144.674
  Ask: 144.691
  Spread: 0.016999999999995907
  Last Update: 19:16:18

ACCOUNT INFORMATION:
Balance: $0.85
Equity: $0.85
Profit: $0.00
Margin Level: 0.0%

OPEN POSITIONS:
No open positions

==================================================

==================================================
SYSTEM STATE UPDATE - 2025-06-11 16:16:20
==================================================

MARKET INFORMATION:
Current Session: London-NY Overlap
Market Status: Open

SYMBOL PRICES:
EURUSD:
  Bid: 1.14642
  Ask: 1.1466
  Spread: 0.000180000000000069
  Last Update: 19:16:21
GBPUSD:
  Bid: 1.3520400000000001
  Ask: 1.35225
  Spread: 0.00020999999999982144
  Last Update: 19:16:21
USDJPY:
  Bid: 144.675
  Ask: 144.691
  Spread: 0.015999999999991132
  Last Update: 19:16:21

ACCOUNT INFORMATION:
Balance: $0.85
Equity: $0.85
Profit: $0.00
Margin Level: 0.0%

OPEN POSITIONS:
No open positions

==================================================

==================================================
SYSTEM STATE UPDATE - 2025-06-11 16:16:22
==================================================

MARKET INFORMATION:
Current Session: London-NY Overlap
Market Status: Open

SYMBOL PRICES:
EURUSD:
  Bid: 1.14641
  Ask: 1.14659
  Spread: 0.000180000000000069
  Last Update: 19:16:22
GBPUSD:
  Bid: 1.35206
  Ask: 1.35225
  Spread: 0.00018999999999991246
  Last Update: 19:16:23
USDJPY:
  Bid: 144.673
  Ask: 144.69
  Spread: 0.016999999999995907
  Last Update: 19:16:23

ACCOUNT INFORMATION:
Balance: $0.85
Equity: $0.85
Profit: $0.00
Margin Level: 0.0%

OPEN POSITIONS:
No open positions

==================================================

==================================================
SYSTEM STATE UPDATE - 2025-06-11 16:16:24
==================================================

MARKET INFORMATION:
Current Session: London-NY Overlap
Market Status: Open

SYMBOL PRICES:
EURUSD:
  Bid: 1.14639
  Ask: 1.14658
  Spread: 0.00018999999999991246
  Last Update: 19:16:24
GBPUSD:
  Bid: 1.35206
  Ask: 1.35223
  Spread: 0.00017000000000000348
  Last Update: 19:16:24
USDJPY:
  Bid: 144.672
  Ask: 144.688
  Spread: 0.015999999999991132
  Last Update: 19:16:24

ACCOUNT INFORMATION:
Balance: $0.85
Equity: $0.85
Profit: $0.00
Margin Level: 0.0%

OPEN POSITIONS:
No open positions

==================================================

==================================================
SYSTEM STATE UPDATE - 2025-06-11 16:16:26
==================================================

MARKET INFORMATION:
Current Session: London-NY Overlap
Market Status: Open

SYMBOL PRICES:
EURUSD:
  Bid: 1.14641
  Ask: 1.1466
  Spread: 0.0001900000000001345
  Last Update: 19:16:27
GBPUSD:
  Bid: 1.35206
  Ask: 1.35227
  Spread: 0.00021000000000004349
  Last Update: 19:16:25
USDJPY:
  Bid: 144.671
  Ask: 144.688
  Spread: 0.016999999999995907
  Last Update: 19:16:25

ACCOUNT INFORMATION:
Balance: $0.85
Equity: $0.85
Profit: $0.00
Margin Level: 0.0%

OPEN POSITIONS:
No open positions

==================================================

==================================================
SYSTEM STATE UPDATE - 2025-06-11 16:16:28
==================================================

MARKET INFORMATION:
Current Session: London-NY Overlap
Market Status: Open

SYMBOL PRICES:
EURUSD:
  Bid: 1.14648
  Ask: 1.14666
  Spread: 0.000180000000000069
  Last Update: 19:16:27
GBPUSD:
  Bid: 1.35215
  Ask: 1.35233
  Spread: 0.000180000000000069
  Last Update: 19:16:28
USDJPY:
  Bid: 144.667
  Ask: 144.684
  Spread: 0.016999999999995907
  Last Update: 19:16:27

ACCOUNT INFORMATION:
Balance: $0.85
Equity: $0.85
Profit: $0.00
Margin Level: 0.0%

OPEN POSITIONS:
No open positions

==================================================

==================================================
SYSTEM STATE UPDATE - 2025-06-11 16:16:29
==================================================

MARKET INFORMATION:
Current Session: London-NY Overlap
Market Status: Open

SYMBOL PRICES:
EURUSD:
  Bid: 1.1465
  Ask: 1.14668
  Spread: 0.00017999999999984695
  Last Update: 19:16:30
GBPUSD:
  Bid: 1.35216
  Ask: 1.35237
  Spread: 0.00021000000000004349
  Last Update: 19:16:30
USDJPY:
  Bid: 144.667
  Ask: 144.683
  Spread: 0.015999999999991132
  Last Update: 19:16:30

ACCOUNT INFORMATION:
Balance: $0.85
Equity: $0.85
Profit: $0.00
Margin Level: 0.0%

OPEN POSITIONS:
No open positions

==================================================

==================================================
SYSTEM STATE UPDATE - 2025-06-11 16:16:31
==================================================

MARKET INFORMATION:
Current Session: London-NY Overlap
Market Status: Open

SYMBOL PRICES:
EURUSD:
  Bid: 1.14648
  Ask: 1.14666
  Spread: 0.000180000000000069
  Last Update: 19:16:30
GBPUSD:
  Bid: 1.35215
  Ask: 1.35236
  Spread: 0.00021000000000004349
  Last Update: 19:16:30
USDJPY:
  Bid: 144.668
  Ask: 144.685
  Spread: 0.016999999999995907
  Last Update: 19:16:31

ACCOUNT INFORMATION:
Balance: $0.85
Equity: $0.85
Profit: $0.00
Margin Level: 0.0%

OPEN POSITIONS:
No open positions

==================================================

==================================================
SYSTEM STATE UPDATE - 2025-06-11 16:16:33
==================================================

MARKET INFORMATION:
Current Session: London-NY Overlap
Market Status: Open

SYMBOL PRICES:
EURUSD:
  Bid: 1.14648
  Ask: 1.14666
  Spread: 0.000180000000000069
  Last Update: 19:16:32
GBPUSD:
  Bid: 1.35215
  Ask: 1.35236
  Spread: 0.00021000000000004349
  Last Update: 19:16:32
USDJPY:
  Bid: 144.667
  Ask: 144.684
  Spread: 0.016999999999995907
  Last Update: 19:16:32

ACCOUNT INFORMATION:
Balance: $0.85
Equity: $0.85
Profit: $0.00
Margin Level: 0.0%

OPEN POSITIONS:
No open positions

==================================================

==================================================
SYSTEM STATE UPDATE - 2025-06-11 16:16:34
==================================================

MARKET INFORMATION:
Current Session: London-NY Overlap
Market Status: Open

SYMBOL PRICES:
EURUSD:
  Bid: 1.14648
  Ask: 1.14666
  Spread: 0.000180000000000069
  Last Update: 19:16:35
GBPUSD:
  Bid: 1.35215
  Ask: 1.3523399999999999
  Spread: 0.00018999999999991246
  Last Update: 19:16:34
USDJPY:
  Bid: 144.667
  Ask: 144.683
  Spread: 0.015999999999991132
  Last Update: 19:16:34

ACCOUNT INFORMATION:
Balance: $0.85
Equity: $0.85
Profit: $0.00
Margin Level: 0.0%

OPEN POSITIONS:
No open positions

==================================================

==================================================
SYSTEM STATE UPDATE - 2025-06-11 16:16:35
==================================================

MARKET INFORMATION:
Current Session: London-NY Overlap
Market Status: Open

SYMBOL PRICES:
EURUSD:
  Bid: 1.1464699999999999
  Ask: 1.14666
  Spread: 0.0001900000000001345
  Last Update: 19:16:36
GBPUSD:
  Bid: 1.35215
  Ask: 1.35233
  Spread: 0.000180000000000069
  Last Update: 19:16:36
USDJPY:
  Bid: 144.667
  Ask: 144.684
  Spread: 0.016999999999995907
  Last Update: 19:16:36

ACCOUNT INFORMATION:
Balance: $0.85
Equity: $0.85
Profit: $0.00
Margin Level: 0.0%

OPEN POSITIONS:
No open positions

==================================================

==================================================
SYSTEM STATE UPDATE - 2025-06-11 16:16:37
==================================================

MARKET INFORMATION:
Current Session: London-NY Overlap
Market Status: Open

SYMBOL PRICES:
EURUSD:
  Bid: 1.14648
  Ask: 1.14666
  Spread: 0.000180000000000069
  Last Update: 19:16:38
GBPUSD:
  Bid: 1.35217
  Ask: 1.35235
  Spread: 0.00017999999999984695
  Last Update: 19:16:37
USDJPY:
  Bid: 144.656
  Ask: 144.673
  Spread: 0.016999999999995907
  Last Update: 19:16:38

ACCOUNT INFORMATION:
Balance: $0.85
Equity: $0.85
Profit: $0.00
Margin Level: 0.0%

OPEN POSITIONS:
No open positions

==================================================

==================================================
SYSTEM STATE UPDATE - 2025-06-11 16:16:39
==================================================

MARKET INFORMATION:
Current Session: London-NY Overlap
Market Status: Open

SYMBOL PRICES:
EURUSD:
  Bid: 1.14649
  Ask: 1.14667
  Spread: 0.000180000000000069
  Last Update: 19:16:40
GBPUSD:
  Bid: 1.35217
  Ask: 1.35235
  Spread: 0.00017999999999984695
  Last Update: 19:16:40
USDJPY:
  Bid: 144.655
  Ask: 144.672
  Spread: 0.016999999999995907
  Last Update: 19:16:40

ACCOUNT INFORMATION:
Balance: $0.85
Equity: $0.85
Profit: $0.00
Margin Level: 0.0%

OPEN POSITIONS:
No open positions

==================================================

==================================================
SYSTEM STATE UPDATE - 2025-06-11 16:16:41
==================================================

MARKET INFORMATION:
Current Session: London-NY Overlap
Market Status: Open

SYMBOL PRICES:
EURUSD:
  Bid: 1.14648
  Ask: 1.14666
  Spread: 0.000180000000000069
  Last Update: 19:16:40
GBPUSD:
  Bid: 1.35217
  Ask: 1.35235
  Spread: 0.00017999999999984695
  Last Update: 19:16:40
USDJPY:
  Bid: 144.655
  Ask: 144.672
  Spread: 0.016999999999995907
  Last Update: 19:16:40

ACCOUNT INFORMATION:
Balance: $0.85
Equity: $0.85
Profit: $0.00
Margin Level: 0.0%

OPEN POSITIONS:
No open positions

==================================================

==================================================
SYSTEM STATE UPDATE - 2025-06-11 16:16:42
==================================================

MARKET INFORMATION:
Current Session: London-NY Overlap
Market Status: Open

SYMBOL PRICES:
EURUSD:
  Bid: 1.14649
  Ask: 1.14667
  Spread: 0.000180000000000069
  Last Update: 19:16:42
GBPUSD:
  Bid: 1.35217
  Ask: 1.35236
  Spread: 0.00018999999999991246
  Last Update: 19:16:42
USDJPY:
  Bid: 144.656
  Ask: 144.672
  Spread: 0.015999999999991132
  Last Update: 19:16:41

ACCOUNT INFORMATION:
Balance: $0.85
Equity: $0.85
Profit: $0.00
Margin Level: 0.0%

OPEN POSITIONS:
No open positions

==================================================

==================================================
SYSTEM STATE UPDATE - 2025-06-11 16:16:44
==================================================

MARKET INFORMATION:
Current Session: London-NY Overlap
Market Status: Open

SYMBOL PRICES:
EURUSD:
  Bid: 1.14646
  Ask: 1.14664
  Spread: 0.000180000000000069
  Last Update: 19:16:45
GBPUSD:
  Bid: 1.35212
  Ask: 1.35227
  Spread: 0.0001500000000000945
  Last Update: 19:16:45
USDJPY:
  Bid: 144.658
  Ask: 144.674
  Spread: 0.016000000000019554
  Last Update: 19:16:45

ACCOUNT INFORMATION:
Balance: $0.85
Equity: $0.85
Profit: $0.00
Margin Level: 0.0%

OPEN POSITIONS:
No open positions

==================================================

==================================================
SYSTEM STATE UPDATE - 2025-06-11 16:16:46
==================================================

MARKET INFORMATION:
Current Session: London-NY Overlap
Market Status: Open

SYMBOL PRICES:
EURUSD:
  Bid: 1.14645
  Ask: 1.14664
  Spread: 0.0001900000000001345
  Last Update: 19:16:46
GBPUSD:
  Bid: 1.3520699999999999
  Ask: 1.35224
  Spread: 0.00017000000000022553
  Last Update: 19:16:45
USDJPY:
  Bid: 144.662
  Ask: 144.679
  Spread: 0.016999999999995907
  Last Update: 19:16:46

ACCOUNT INFORMATION:
Balance: $0.85
Equity: $0.85
Profit: $0.00
Margin Level: 0.0%

OPEN POSITIONS:
No open positions

==================================================

==================================================
SYSTEM STATE UPDATE - 2025-06-11 16:16:50
==================================================

MARKET INFORMATION:
Current Session: London-NY Overlap
Market Status: Open

SYMBOL PRICES:
EURUSD:
  Bid: 1.14654
  Ask: 1.14672
  Spread: 0.000180000000000069
  Last Update: 19:16:51
GBPUSD:
  Bid: 1.35214
  Ask: 1.35233
  Spread: 0.0001900000000001345
  Last Update: 19:16:51
USDJPY:
  Bid: 144.657
  Ask: 144.673
  Spread: 0.015999999999991132
  Last Update: 19:16:51

ACCOUNT INFORMATION:
Balance: $0.85
Equity: $0.85
Profit: $0.00
Margin Level: 0.0%

OPEN POSITIONS:
No open positions

==================================================

==================================================
SYSTEM STATE UPDATE - 2025-06-11 16:16:52
==================================================

MARKET INFORMATION:
Current Session: London-NY Overlap
Market Status: Open

SYMBOL PRICES:
EURUSD:
  Bid: 1.14655
  Ask: 1.14673
  Spread: 0.000180000000000069
  Last Update: 19:16:51
GBPUSD:
  Bid: 1.35217
  Ask: 1.35236
  Spread: 0.00018999999999991246
  Last Update: 19:16:53
USDJPY:
  Bid: 144.652
  Ask: 144.668
  Spread: 0.016000000000019554
  Last Update: 19:16:52

ACCOUNT INFORMATION:
Balance: $0.85
Equity: $0.85
Profit: $0.00
Margin Level: 0.0%

OPEN POSITIONS:
No open positions

==================================================

==================================================
SYSTEM STATE UPDATE - 2025-06-11 16:16:55
==================================================

MARKET INFORMATION:
Current Session: London-NY Overlap
Market Status: Open

SYMBOL PRICES:
EURUSD:
  Bid: 1.14659
  Ask: 1.14677
  Spread: 0.000180000000000069
  Last Update: 19:16:55
GBPUSD:
  Bid: 1.35223
  Ask: 1.3524
  Spread: 0.00017000000000000348
  Last Update: 19:16:55
USDJPY:
  Bid: 144.651
  Ask: 144.667
  Spread: 0.015999999999991132
  Last Update: 19:16:55

ACCOUNT INFORMATION:
Balance: $0.85
Equity: $0.85
Profit: $0.00
Margin Level: 0.0%

OPEN POSITIONS:
No open positions

==================================================

==================================================
SYSTEM STATE UPDATE - 2025-06-11 16:16:56
==================================================

MARKET INFORMATION:
Current Session: London-NY Overlap
Market Status: Open

SYMBOL PRICES:
EURUSD:
  Bid: 1.14662
  Ask: 1.1468
  Spread: 0.000180000000000069
  Last Update: 19:16:56
GBPUSD:
  Bid: 1.35225
  Ask: 1.35243
  Spread: 0.000180000000000069
  Last Update: 19:16:57
USDJPY:
  Bid: 144.652
  Ask: 144.667
  Spread: 0.01500000000001478
  Last Update: 19:16:57

ACCOUNT INFORMATION:
Balance: $0.85
Equity: $0.85
Profit: $0.00
Margin Level: 0.0%

OPEN POSITIONS:
No open positions

==================================================

==================================================
SYSTEM STATE UPDATE - 2025-06-11 16:16:58
==================================================

MARKET INFORMATION:
Current Session: London-NY Overlap
Market Status: Open

SYMBOL PRICES:
EURUSD:
  Bid: 1.14662
  Ask: 1.1468
  Spread: 0.000180000000000069
  Last Update: 19:16:56
GBPUSD:
  Bid: 1.35225
  Ask: 1.35243
  Spread: 0.000180000000000069
  Last Update: 19:16:57
USDJPY:
  Bid: 144.653
  Ask: 144.669
  Spread: 0.016000000000019554
  Last Update: 19:16:58

ACCOUNT INFORMATION:
Balance: $0.85
Equity: $0.85
Profit: $0.00
Margin Level: 0.0%

OPEN POSITIONS:
No open positions

==================================================
