
==================================================
SYSTEM STATE UPDATE - 2025-06-03 12:27:14
==================================================

MARKET INFORMATION:
Current Session: London Session
Market Status: Open

SYMBOL PRICES:
EURUSD:
  Bid: 1.14126
  Ask: 1.14144
  Spread: 0.000180000000000069
  Last Update: 15:27:11
GBPUSD:
  Bid: 1.35198
  Ask: 1.35219
  Spread: 0.00021000000000004349
  Last Update: 15:27:13
USDJPY:
  Bid: 142.886
  Ask: 142.904
  Spread: 0.018000000000000682
  Last Update: 15:27:11

ACCOUNT INFORMATION:
Balance: $0.85
Equity: $0.85
Profit: $0.00
Margin Level: 0.0%

OPEN POSITIONS:
No open positions

==================================================

==================================================
SYSTEM STATE UPDATE - 2025-06-03 12:27:16
==================================================

MARKET INFORMATION:
Current Session: London Session
Market Status: Open

SYMBOL PRICES:
EURUSD:
  Bid: 1.14128
  Ask: 1.14147
  Spread: 0.00018999999999991246
  Last Update: 15:27:14
GBPUSD:
  Bid: 1.35203
  Ask: 1.35224
  Spread: 0.00021000000000004349
  Last Update: 15:27:14
USDJPY:
  Bid: 142.885
  Ask: 142.901
  Spread: 0.016000000000019554
  Last Update: 15:27:14

ACCOUNT INFORMATION:
Balance: $0.85
Equity: $0.85
Profit: $0.00
Margin Level: 0.0%

OPEN POSITIONS:
No open positions

==================================================

==================================================
SYSTEM STATE UPDATE - 2025-06-03 12:27:17
==================================================

MARKET INFORMATION:
Current Session: London Session
Market Status: Open

SYMBOL PRICES:
EURUSD:
  Bid: 1.14131
  Ask: 1.1414900000000001
  Spread: 0.000180000000000069
  Last Update: 15:27:14
GBPUSD:
  Bid: 1.35205
  Ask: 1.35225
  Spread: 0.00019999999999997797
  Last Update: 15:27:14
USDJPY:
  Bid: 142.88
  Ask: 142.897
  Spread: 0.016999999999995907
  Last Update: 15:27:16

ACCOUNT INFORMATION:
Balance: $0.85
Equity: $0.85
Profit: $0.00
Margin Level: 0.0%

OPEN POSITIONS:
No open positions

==================================================

==================================================
SYSTEM STATE UPDATE - 2025-06-03 12:27:18
==================================================

MARKET INFORMATION:
Current Session: London Session
Market Status: Open

SYMBOL PRICES:
EURUSD:
  Bid: 1.14131
  Ask: 1.1414900000000001
  Spread: 0.000180000000000069
  Last Update: 15:27:14
GBPUSD:
  Bid: 1.35205
  Ask: 1.35225
  Spread: 0.00019999999999997797
  Last Update: 15:27:14
USDJPY:
  Bid: 142.88
  Ask: 142.897
  Spread: 0.016999999999995907
  Last Update: 15:27:16

ACCOUNT INFORMATION:
Balance: $0.85
Equity: $0.85
Profit: $0.00
Margin Level: 0.0%

OPEN POSITIONS:
No open positions

==================================================

==================================================
SYSTEM STATE UPDATE - 2025-06-03 12:27:20
==================================================

MARKET INFORMATION:
Current Session: London Session
Market Status: Open

SYMBOL PRICES:
EURUSD:
  Bid: 1.14131
  Ask: 1.1414900000000001
  Spread: 0.000180000000000069
  Last Update: 15:27:14
GBPUSD:
  Bid: 1.35205
  Ask: 1.35225
  Spread: 0.00019999999999997797
  Last Update: 15:27:14
USDJPY:
  Bid: 142.88
  Ask: 142.897
  Spread: 0.016999999999995907
  Last Update: 15:27:16

ACCOUNT INFORMATION:
Balance: $0.85
Equity: $0.85
Profit: $0.00
Margin Level: 0.0%

OPEN POSITIONS:
No open positions

==================================================

==================================================
SYSTEM STATE UPDATE - 2025-06-03 12:27:21
==================================================

MARKET INFORMATION:
Current Session: London Session
Market Status: Open

SYMBOL PRICES:
EURUSD:
  Bid: 1.1413
  Ask: 1.14148
  Spread: 0.000180000000000069
  Last Update: 15:27:20
GBPUSD:
  Bid: 1.3521
  Ask: 1.35232
  Spread: 0.00021999999999988695
  Last Update: 15:27:21
USDJPY:
  Bid: 142.886
  Ask: 142.903
  Spread: 0.016999999999995907
  Last Update: 15:27:20

ACCOUNT INFORMATION:
Balance: $0.85
Equity: $0.85
Profit: $0.00
Margin Level: 0.0%

OPEN POSITIONS:
No open positions

==================================================

==================================================
SYSTEM STATE UPDATE - 2025-06-03 12:27:23
==================================================

MARKET INFORMATION:
Current Session: London Session
Market Status: Open

SYMBOL PRICES:
EURUSD:
  Bid: 1.14129
  Ask: 1.14147
  Spread: 0.000180000000000069
  Last Update: 15:27:22
GBPUSD:
  Bid: 1.3520699999999999
  Ask: 1.35227
  Spread: 0.00020000000000020002
  Last Update: 15:27:22
USDJPY:
  Bid: 142.886
  Ask: 142.903
  Spread: 0.016999999999995907
  Last Update: 15:27:20

ACCOUNT INFORMATION:
Balance: $0.85
Equity: $0.85
Profit: $0.00
Margin Level: 0.0%

OPEN POSITIONS:
No open positions

==================================================

==================================================
SYSTEM STATE UPDATE - 2025-06-03 12:27:24
==================================================

MARKET INFORMATION:
Current Session: London Session
Market Status: Open

SYMBOL PRICES:
EURUSD:
  Bid: 1.14129
  Ask: 1.14147
  Spread: 0.000180000000000069
  Last Update: 15:27:22
GBPUSD:
  Bid: 1.3520699999999999
  Ask: 1.35227
  Spread: 0.00020000000000020002
  Last Update: 15:27:22
USDJPY:
  Bid: 142.886
  Ask: 142.902
  Spread: 0.015999999999991132
  Last Update: 15:27:24

ACCOUNT INFORMATION:
Balance: $0.85
Equity: $0.85
Profit: $0.00
Margin Level: 0.0%

OPEN POSITIONS:
No open positions

==================================================

==================================================
SYSTEM STATE UPDATE - 2025-06-03 12:27:25
==================================================

MARKET INFORMATION:
Current Session: London Session
Market Status: Open

SYMBOL PRICES:
EURUSD:
  Bid: 1.14129
  Ask: 1.14147
  Spread: 0.000180000000000069
  Last Update: 15:27:25
GBPUSD:
  Bid: 1.3520699999999999
  Ask: 1.35227
  Spread: 0.00020000000000020002
  Last Update: 15:27:25
USDJPY:
  Bid: 142.886
  Ask: 142.903
  Spread: 0.016999999999995907
  Last Update: 15:27:25

ACCOUNT INFORMATION:
Balance: $0.85
Equity: $0.85
Profit: $0.00
Margin Level: 0.0%

OPEN POSITIONS:
No open positions

==================================================

==================================================
SYSTEM STATE UPDATE - 2025-06-03 12:27:27
==================================================

MARKET INFORMATION:
Current Session: London Session
Market Status: Open

SYMBOL PRICES:
EURUSD:
  Bid: 1.14129
  Ask: 1.14147
  Spread: 0.000180000000000069
  Last Update: 15:27:25
GBPUSD:
  Bid: 1.3520699999999999
  Ask: 1.35227
  Spread: 0.00020000000000020002
  Last Update: 15:27:25
USDJPY:
  Bid: 142.886
  Ask: 142.903
  Spread: 0.016999999999995907
  Last Update: 15:27:25

ACCOUNT INFORMATION:
Balance: $0.85
Equity: $0.85
Profit: $0.00
Margin Level: 0.0%

OPEN POSITIONS:
No open positions

==================================================

==================================================
SYSTEM STATE UPDATE - 2025-06-03 12:27:28
==================================================

MARKET INFORMATION:
Current Session: London Session
Market Status: Open

SYMBOL PRICES:
EURUSD:
  Bid: 1.14129
  Ask: 1.14147
  Spread: 0.000180000000000069
  Last Update: 15:27:28
GBPUSD:
  Bid: 1.3520400000000001
  Ask: 1.35226
  Spread: 0.00021999999999988695
  Last Update: 15:27:28
USDJPY:
  Bid: 142.886
  Ask: 142.903
  Spread: 0.016999999999995907
  Last Update: 15:27:25

ACCOUNT INFORMATION:
Balance: $0.85
Equity: $0.85
Profit: $0.00
Margin Level: 0.0%

OPEN POSITIONS:
No open positions

==================================================

==================================================
SYSTEM STATE UPDATE - 2025-06-03 12:27:29
==================================================

MARKET INFORMATION:
Current Session: London Session
Market Status: Open

SYMBOL PRICES:
EURUSD:
  Bid: 1.14133
  Ask: 1.14151
  Spread: 0.000180000000000069
  Last Update: 15:27:29
GBPUSD:
  Bid: 1.3520699999999999
  Ask: 1.35227
  Spread: 0.00020000000000020002
  Last Update: 15:27:29
USDJPY:
  Bid: 142.884
  Ask: 142.901
  Spread: 0.01700000000002433
  Last Update: 15:27:28

ACCOUNT INFORMATION:
Balance: $0.85
Equity: $0.85
Profit: $0.00
Margin Level: 0.0%

OPEN POSITIONS:
No open positions

==================================================

==================================================
SYSTEM STATE UPDATE - 2025-06-03 12:27:31
==================================================

MARKET INFORMATION:
Current Session: London Session
Market Status: Open

SYMBOL PRICES:
EURUSD:
  Bid: 1.14133
  Ask: 1.14151
  Spread: 0.000180000000000069
  Last Update: 15:27:29
GBPUSD:
  Bid: 1.35206
  Ask: 1.35227
  Spread: 0.00021000000000004349
  Last Update: 15:27:30
USDJPY:
  Bid: 142.886
  Ask: 142.902
  Spread: 0.015999999999991132
  Last Update: 15:27:30

ACCOUNT INFORMATION:
Balance: $0.85
Equity: $0.85
Profit: $0.00
Margin Level: 0.0%

OPEN POSITIONS:
No open positions

==================================================

==================================================
SYSTEM STATE UPDATE - 2025-06-03 12:27:32
==================================================

MARKET INFORMATION:
Current Session: London Session
Market Status: Open

SYMBOL PRICES:
EURUSD:
  Bid: 1.14133
  Ask: 1.14151
  Spread: 0.000180000000000069
  Last Update: 15:27:29
GBPUSD:
  Bid: 1.35206
  Ask: 1.35227
  Spread: 0.00021000000000004349
  Last Update: 15:27:30
USDJPY:
  Bid: 142.886
  Ask: 142.903
  Spread: 0.016999999999995907
  Last Update: 15:27:32

ACCOUNT INFORMATION:
Balance: $0.85
Equity: $0.85
Profit: $0.00
Margin Level: 0.0%

OPEN POSITIONS:
No open positions

==================================================

==================================================
SYSTEM STATE UPDATE - 2025-06-03 12:27:33
==================================================

MARKET INFORMATION:
Current Session: London Session
Market Status: Open

SYMBOL PRICES:
EURUSD:
  Bid: 1.14132
  Ask: 1.1415
  Spread: 0.000180000000000069
  Last Update: 15:27:33
GBPUSD:
  Bid: 1.35205
  Ask: 1.35227
  Spread: 0.000220000000000109
  Last Update: 15:27:33
USDJPY:
  Bid: 142.887
  Ask: 142.903
  Spread: 0.015999999999991132
  Last Update: 15:27:33

ACCOUNT INFORMATION:
Balance: $0.85
Equity: $0.85
Profit: $0.00
Margin Level: 0.0%

OPEN POSITIONS:
No open positions

==================================================

==================================================
SYSTEM STATE UPDATE - 2025-06-03 12:27:35
==================================================

MARKET INFORMATION:
Current Session: London Session
Market Status: Open

SYMBOL PRICES:
EURUSD:
  Bid: 1.14128
  Ask: 1.14146
  Spread: 0.00017999999999984695
  Last Update: 15:27:34
GBPUSD:
  Bid: 1.35202
  Ask: 1.35222
  Spread: 0.00019999999999997797
  Last Update: 15:27:34
USDJPY:
  Bid: 142.886
  Ask: 142.902
  Spread: 0.015999999999991132
  Last Update: 15:27:34

ACCOUNT INFORMATION:
Balance: $0.85
Equity: $0.85
Profit: $0.00
Margin Level: 0.0%

OPEN POSITIONS:
No open positions

==================================================

==================================================
SYSTEM STATE UPDATE - 2025-06-03 12:27:36
==================================================

MARKET INFORMATION:
Current Session: London Session
Market Status: Open

SYMBOL PRICES:
EURUSD:
  Bid: 1.14128
  Ask: 1.14147
  Spread: 0.00018999999999991246
  Last Update: 15:27:35
GBPUSD:
  Bid: 1.35201
  Ask: 1.35222
  Spread: 0.00021000000000004349
  Last Update: 15:27:35
USDJPY:
  Bid: 142.886
  Ask: 142.902
  Spread: 0.015999999999991132
  Last Update: 15:27:34

ACCOUNT INFORMATION:
Balance: $0.85
Equity: $0.85
Profit: $0.00
Margin Level: 0.0%

OPEN POSITIONS:
No open positions

==================================================

==================================================
SYSTEM STATE UPDATE - 2025-06-03 12:27:37
==================================================

MARKET INFORMATION:
Current Session: London Session
Market Status: Open

SYMBOL PRICES:
EURUSD:
  Bid: 1.14129
  Ask: 1.14147
  Spread: 0.000180000000000069
  Last Update: 15:27:37
GBPUSD:
  Bid: 1.35201
  Ask: 1.35222
  Spread: 0.00021000000000004349
  Last Update: 15:27:37
USDJPY:
  Bid: 142.884
  Ask: 142.901
  Spread: 0.01700000000002433
  Last Update: 15:27:37

ACCOUNT INFORMATION:
Balance: $0.85
Equity: $0.85
Profit: $0.00
Margin Level: 0.0%

OPEN POSITIONS:
No open positions

==================================================

==================================================
SYSTEM STATE UPDATE - 2025-06-03 12:27:39
==================================================

MARKET INFORMATION:
Current Session: London Session
Market Status: Open

SYMBOL PRICES:
EURUSD:
  Bid: 1.14129
  Ask: 1.14147
  Spread: 0.000180000000000069
  Last Update: 15:27:38
GBPUSD:
  Bid: 1.35196
  Ask: 1.35218
  Spread: 0.00021999999999988695
  Last Update: 15:27:38
USDJPY:
  Bid: 142.891
  Ask: 142.907
  Spread: 0.016000000000019554
  Last Update: 15:27:38

ACCOUNT INFORMATION:
Balance: $0.85
Equity: $0.85
Profit: $0.00
Margin Level: 0.0%

OPEN POSITIONS:
No open positions

==================================================

==================================================
SYSTEM STATE UPDATE - 2025-06-03 12:27:40
==================================================

MARKET INFORMATION:
Current Session: London Session
Market Status: Open

SYMBOL PRICES:
EURUSD:
  Bid: 1.14126
  Ask: 1.14144
  Spread: 0.000180000000000069
  Last Update: 15:27:39
GBPUSD:
  Bid: 1.3519700000000001
  Ask: 1.35217
  Spread: 0.00019999999999997797
  Last Update: 15:27:40
USDJPY:
  Bid: 142.891
  Ask: 142.907
  Spread: 0.016000000000019554
  Last Update: 15:27:38

ACCOUNT INFORMATION:
Balance: $0.85
Equity: $0.85
Profit: $0.00
Margin Level: 0.0%

OPEN POSITIONS:
No open positions

==================================================

==================================================
SYSTEM STATE UPDATE - 2025-06-03 12:27:41
==================================================

MARKET INFORMATION:
Current Session: London Session
Market Status: Open

SYMBOL PRICES:
EURUSD:
  Bid: 1.14126
  Ask: 1.14144
  Spread: 0.000180000000000069
  Last Update: 15:27:39
GBPUSD:
  Bid: 1.3519700000000001
  Ask: 1.35217
  Spread: 0.00019999999999997797
  Last Update: 15:27:40
USDJPY:
  Bid: 142.891
  Ask: 142.907
  Spread: 0.016000000000019554
  Last Update: 15:27:38

ACCOUNT INFORMATION:
Balance: $0.85
Equity: $0.85
Profit: $0.00
Margin Level: 0.0%

OPEN POSITIONS:
No open positions

==================================================

==================================================
SYSTEM STATE UPDATE - 2025-06-03 12:27:43
==================================================

MARKET INFORMATION:
Current Session: London Session
Market Status: Open

SYMBOL PRICES:
EURUSD:
  Bid: 1.14126
  Ask: 1.14144
  Spread: 0.000180000000000069
  Last Update: 15:27:39
GBPUSD:
  Bid: 1.3519700000000001
  Ask: 1.35217
  Spread: 0.00019999999999997797
  Last Update: 15:27:40
USDJPY:
  Bid: 142.89
  Ask: 142.907
  Spread: 0.01700000000002433
  Last Update: 15:27:42

ACCOUNT INFORMATION:
Balance: $0.85
Equity: $0.85
Profit: $0.00
Margin Level: 0.0%

OPEN POSITIONS:
No open positions

==================================================

==================================================
SYSTEM STATE UPDATE - 2025-06-03 12:27:44
==================================================

MARKET INFORMATION:
Current Session: London Session
Market Status: Open

SYMBOL PRICES:
EURUSD:
  Bid: 1.14129
  Ask: 1.14147
  Spread: 0.000180000000000069
  Last Update: 15:27:44
GBPUSD:
  Bid: 1.3519700000000001
  Ask: 1.35218
  Spread: 0.00020999999999982144
  Last Update: 15:27:44
USDJPY:
  Bid: 142.886
  Ask: 142.903
  Spread: 0.016999999999995907
  Last Update: 15:27:43

ACCOUNT INFORMATION:
Balance: $0.85
Equity: $0.85
Profit: $0.00
Margin Level: 0.0%

OPEN POSITIONS:
No open positions

==================================================

==================================================
SYSTEM STATE UPDATE - 2025-06-03 12:27:45
==================================================

MARKET INFORMATION:
Current Session: London Session
Market Status: Open

SYMBOL PRICES:
EURUSD:
  Bid: 1.14129
  Ask: 1.14147
  Spread: 0.000180000000000069
  Last Update: 15:27:45
GBPUSD:
  Bid: 1.3519700000000001
  Ask: 1.35218
  Spread: 0.00020999999999982144
  Last Update: 15:27:45
USDJPY:
  Bid: 142.883
  Ask: 142.9
  Spread: 0.016999999999995907
  Last Update: 15:27:45

ACCOUNT INFORMATION:
Balance: $0.85
Equity: $0.85
Profit: $0.00
Margin Level: 0.0%

OPEN POSITIONS:
No open positions

==================================================

==================================================
SYSTEM STATE UPDATE - 2025-06-03 12:27:47
==================================================

MARKET INFORMATION:
Current Session: London Session
Market Status: Open

SYMBOL PRICES:
EURUSD:
  Bid: 1.14129
  Ask: 1.14147
  Spread: 0.000180000000000069
  Last Update: 15:27:45
GBPUSD:
  Bid: 1.3519700000000001
  Ask: 1.35217
  Spread: 0.00019999999999997797
  Last Update: 15:27:46
USDJPY:
  Bid: 142.886
  Ask: 142.903
  Spread: 0.016999999999995907
  Last Update: 15:27:46

ACCOUNT INFORMATION:
Balance: $0.85
Equity: $0.85
Profit: $0.00
Margin Level: 0.0%

OPEN POSITIONS:
No open positions

==================================================

==================================================
SYSTEM STATE UPDATE - 2025-06-03 12:27:48
==================================================

MARKET INFORMATION:
Current Session: London Session
Market Status: Open

SYMBOL PRICES:
EURUSD:
  Bid: 1.14129
  Ask: 1.14147
  Spread: 0.000180000000000069
  Last Update: 15:27:45
GBPUSD:
  Bid: 1.3519700000000001
  Ask: 1.35217
  Spread: 0.00019999999999997797
  Last Update: 15:27:46
USDJPY:
  Bid: 142.885
  Ask: 142.901
  Spread: 0.016000000000019554
  Last Update: 15:27:47

ACCOUNT INFORMATION:
Balance: $0.85
Equity: $0.85
Profit: $0.00
Margin Level: 0.0%

OPEN POSITIONS:
No open positions

==================================================

==================================================
SYSTEM STATE UPDATE - 2025-06-03 12:27:49
==================================================

MARKET INFORMATION:
Current Session: London Session
Market Status: Open

SYMBOL PRICES:
EURUSD:
  Bid: 1.14129
  Ask: 1.14147
  Spread: 0.000180000000000069
  Last Update: 15:27:45
GBPUSD:
  Bid: 1.3519700000000001
  Ask: 1.35218
  Spread: 0.00020999999999982144
  Last Update: 15:27:49
USDJPY:
  Bid: 142.885
  Ask: 142.901
  Spread: 0.016000000000019554
  Last Update: 15:27:47

ACCOUNT INFORMATION:
Balance: $0.85
Equity: $0.85
Profit: $0.00
Margin Level: 0.0%

OPEN POSITIONS:
No open positions

==================================================

==================================================
SYSTEM STATE UPDATE - 2025-06-03 12:27:51
==================================================

MARKET INFORMATION:
Current Session: London Session
Market Status: Open

SYMBOL PRICES:
EURUSD:
  Bid: 1.14129
  Ask: 1.14147
  Spread: 0.000180000000000069
  Last Update: 15:27:45
GBPUSD:
  Bid: 1.3519700000000001
  Ask: 1.35217
  Spread: 0.00019999999999997797
  Last Update: 15:27:50
USDJPY:
  Bid: 142.885
  Ask: 142.901
  Spread: 0.016000000000019554
  Last Update: 15:27:47

ACCOUNT INFORMATION:
Balance: $0.85
Equity: $0.85
Profit: $0.00
Margin Level: 0.0%

OPEN POSITIONS:
No open positions

==================================================

==================================================
SYSTEM STATE UPDATE - 2025-06-03 12:27:52
==================================================

MARKET INFORMATION:
Current Session: London Session
Market Status: Open

SYMBOL PRICES:
EURUSD:
  Bid: 1.14129
  Ask: 1.14147
  Spread: 0.000180000000000069
  Last Update: 15:27:45
GBPUSD:
  Bid: 1.35195
  Ask: 1.35215
  Spread: 0.00019999999999997797
  Last Update: 15:27:51
USDJPY:
  Bid: 142.886
  Ask: 142.903
  Spread: 0.016999999999995907
  Last Update: 15:27:51

ACCOUNT INFORMATION:
Balance: $0.85
Equity: $0.85
Profit: $0.00
Margin Level: 0.0%

OPEN POSITIONS:
No open positions

==================================================

==================================================
SYSTEM STATE UPDATE - 2025-06-03 12:27:53
==================================================

MARKET INFORMATION:
Current Session: London Session
Market Status: Open

SYMBOL PRICES:
EURUSD:
  Bid: 1.14129
  Ask: 1.14147
  Spread: 0.000180000000000069
  Last Update: 15:27:45
GBPUSD:
  Bid: 1.35195
  Ask: 1.35214
  Spread: 0.00018999999999991246
  Last Update: 15:27:52
USDJPY:
  Bid: 142.886
  Ask: 142.903
  Spread: 0.016999999999995907
  Last Update: 15:27:51

ACCOUNT INFORMATION:
Balance: $0.85
Equity: $0.85
Profit: $0.00
Margin Level: 0.0%

OPEN POSITIONS:
No open positions

==================================================

==================================================
SYSTEM STATE UPDATE - 2025-06-03 12:27:55
==================================================

MARKET INFORMATION:
Current Session: London Session
Market Status: Open

SYMBOL PRICES:
EURUSD:
  Bid: 1.14131
  Ask: 1.1414900000000001
  Spread: 0.000180000000000069
  Last Update: 15:27:54
GBPUSD:
  Bid: 1.3519700000000001
  Ask: 1.35217
  Spread: 0.00019999999999997797
  Last Update: 15:27:54
USDJPY:
  Bid: 142.886
  Ask: 142.901
  Spread: 0.01500000000001478
  Last Update: 15:27:54

ACCOUNT INFORMATION:
Balance: $0.85
Equity: $0.85
Profit: $0.00
Margin Level: 0.0%

OPEN POSITIONS:
No open positions

==================================================

==================================================
SYSTEM STATE UPDATE - 2025-06-03 12:27:56
==================================================

MARKET INFORMATION:
Current Session: London Session
Market Status: Open

SYMBOL PRICES:
EURUSD:
  Bid: 1.14131
  Ask: 1.1414900000000001
  Spread: 0.000180000000000069
  Last Update: 15:27:54
GBPUSD:
  Bid: 1.3519700000000001
  Ask: 1.35217
  Spread: 0.00019999999999997797
  Last Update: 15:27:54
USDJPY:
  Bid: 142.886
  Ask: 142.902
  Spread: 0.015999999999991132
  Last Update: 15:27:56

ACCOUNT INFORMATION:
Balance: $0.85
Equity: $0.85
Profit: $0.00
Margin Level: 0.0%

OPEN POSITIONS:
No open positions

==================================================

==================================================
SYSTEM STATE UPDATE - 2025-06-03 12:27:57
==================================================

MARKET INFORMATION:
Current Session: London Session
Market Status: Open

SYMBOL PRICES:
EURUSD:
  Bid: 1.14131
  Ask: 1.1414900000000001
  Spread: 0.000180000000000069
  Last Update: 15:27:54
GBPUSD:
  Bid: 1.35198
  Ask: 1.35218
  Spread: 0.00019999999999997797
  Last Update: 15:27:56
USDJPY:
  Bid: 142.886
  Ask: 142.902
  Spread: 0.015999999999991132
  Last Update: 15:27:56

ACCOUNT INFORMATION:
Balance: $0.85
Equity: $0.85
Profit: $0.00
Margin Level: 0.0%

OPEN POSITIONS:
No open positions

==================================================

==================================================
SYSTEM STATE UPDATE - 2025-06-03 12:27:59
==================================================

MARKET INFORMATION:
Current Session: London Session
Market Status: Open

SYMBOL PRICES:
EURUSD:
  Bid: 1.14134
  Ask: 1.14152
  Spread: 0.000180000000000069
  Last Update: 15:27:59
GBPUSD:
  Bid: 1.35203
  Ask: 1.35225
  Spread: 0.00021999999999988695
  Last Update: 15:27:59
USDJPY:
  Bid: 142.878
  Ask: 142.895
  Spread: 0.01700000000002433
  Last Update: 15:27:58

ACCOUNT INFORMATION:
Balance: $0.85
Equity: $0.85
Profit: $0.00
Margin Level: 0.0%

OPEN POSITIONS:
No open positions

==================================================

==================================================
SYSTEM STATE UPDATE - 2025-06-03 12:28:00
==================================================

MARKET INFORMATION:
Current Session: London Session
Market Status: Open

SYMBOL PRICES:
EURUSD:
  Bid: 1.14134
  Ask: 1.14152
  Spread: 0.000180000000000069
  Last Update: 15:27:59
GBPUSD:
  Bid: 1.35201
  Ask: 1.35223
  Spread: 0.000220000000000109
  Last Update: 15:27:59
USDJPY:
  Bid: 142.878
  Ask: 142.895
  Spread: 0.01700000000002433
  Last Update: 15:27:58

ACCOUNT INFORMATION:
Balance: $0.85
Equity: $0.85
Profit: $0.00
Margin Level: 0.0%

OPEN POSITIONS:
No open positions

==================================================

==================================================
SYSTEM STATE UPDATE - 2025-06-03 12:28:01
==================================================

MARKET INFORMATION:
Current Session: London Session
Market Status: Open

SYMBOL PRICES:
EURUSD:
  Bid: 1.14134
  Ask: 1.14152
  Spread: 0.000180000000000069
  Last Update: 15:28:00
GBPUSD:
  Bid: 1.3519999999999999
  Ask: 1.35221
  Spread: 0.00021000000000004349
  Last Update: 15:28:01
USDJPY:
  Bid: 142.878
  Ask: 142.896
  Spread: 0.018000000000000682
  Last Update: 15:28:00

ACCOUNT INFORMATION:
Balance: $0.85
Equity: $0.85
Profit: $0.00
Margin Level: 0.0%

OPEN POSITIONS:
No open positions

==================================================

==================================================
SYSTEM STATE UPDATE - 2025-06-03 12:28:03
==================================================

MARKET INFORMATION:
Current Session: London Session
Market Status: Open

SYMBOL PRICES:
EURUSD:
  Bid: 1.14134
  Ask: 1.14152
  Spread: 0.000180000000000069
  Last Update: 15:28:00
GBPUSD:
  Bid: 1.35198
  Ask: 1.35219
  Spread: 0.00021000000000004349
  Last Update: 15:28:03
USDJPY:
  Bid: 142.878
  Ask: 142.896
  Spread: 0.018000000000000682
  Last Update: 15:28:03

ACCOUNT INFORMATION:
Balance: $0.85
Equity: $0.85
Profit: $0.00
Margin Level: 0.0%

OPEN POSITIONS:
No open positions

==================================================

==================================================
SYSTEM STATE UPDATE - 2025-06-03 12:28:04
==================================================

MARKET INFORMATION:
Current Session: London Session
Market Status: Open

SYMBOL PRICES:
EURUSD:
  Bid: 1.14132
  Ask: 1.1415
  Spread: 0.000180000000000069
  Last Update: 15:28:04
GBPUSD:
  Bid: 1.35198
  Ask: 1.35218
  Spread: 0.00019999999999997797
  Last Update: 15:28:04
USDJPY:
  Bid: 142.881
  Ask: 142.897
  Spread: 0.015999999999991132
  Last Update: 15:28:04

ACCOUNT INFORMATION:
Balance: $0.85
Equity: $0.85
Profit: $0.00
Margin Level: 0.0%

OPEN POSITIONS:
No open positions

==================================================

==================================================
SYSTEM STATE UPDATE - 2025-06-03 12:28:05
==================================================

MARKET INFORMATION:
Current Session: London Session
Market Status: Open

SYMBOL PRICES:
EURUSD:
  Bid: 1.14132
  Ask: 1.1415
  Spread: 0.000180000000000069
  Last Update: 15:28:04
GBPUSD:
  Bid: 1.35198
  Ask: 1.35218
  Spread: 0.00019999999999997797
  Last Update: 15:28:04
USDJPY:
  Bid: 142.879
  Ask: 142.897
  Spread: 0.018000000000000682
  Last Update: 15:28:04

ACCOUNT INFORMATION:
Balance: $0.85
Equity: $0.85
Profit: $0.00
Margin Level: 0.0%

OPEN POSITIONS:
No open positions

==================================================

==================================================
SYSTEM STATE UPDATE - 2025-06-03 12:28:07
==================================================

MARKET INFORMATION:
Current Session: London Session
Market Status: Open

SYMBOL PRICES:
EURUSD:
  Bid: 1.14132
  Ask: 1.1415
  Spread: 0.000180000000000069
  Last Update: 15:28:04
GBPUSD:
  Bid: 1.35198
  Ask: 1.35218
  Spread: 0.00019999999999997797
  Last Update: 15:28:04
USDJPY:
  Bid: 142.878
  Ask: 142.897
  Spread: 0.019000000000005457
  Last Update: 15:28:06

ACCOUNT INFORMATION:
Balance: $0.85
Equity: $0.85
Profit: $0.00
Margin Level: 0.0%

OPEN POSITIONS:
No open positions

==================================================

==================================================
SYSTEM STATE UPDATE - 2025-06-03 12:28:08
==================================================

MARKET INFORMATION:
Current Session: London Session
Market Status: Open

SYMBOL PRICES:
EURUSD:
  Bid: 1.14132
  Ask: 1.1415
  Spread: 0.000180000000000069
  Last Update: 15:28:04
GBPUSD:
  Bid: 1.3519700000000001
  Ask: 1.35218
  Spread: 0.00020999999999982144
  Last Update: 15:28:07
USDJPY:
  Bid: 142.878
  Ask: 142.897
  Spread: 0.019000000000005457
  Last Update: 15:28:06

ACCOUNT INFORMATION:
Balance: $0.85
Equity: $0.85
Profit: $0.00
Margin Level: 0.0%

OPEN POSITIONS:
No open positions

==================================================

==================================================
SYSTEM STATE UPDATE - 2025-06-03 12:28:09
==================================================

MARKET INFORMATION:
Current Session: London Session
Market Status: Open

SYMBOL PRICES:
EURUSD:
  Bid: 1.14132
  Ask: 1.1415
  Spread: 0.000180000000000069
  Last Update: 15:28:04
GBPUSD:
  Bid: 1.3519700000000001
  Ask: 1.35218
  Spread: 0.00020999999999982144
  Last Update: 15:28:07
USDJPY:
  Bid: 142.878
  Ask: 142.897
  Spread: 0.019000000000005457
  Last Update: 15:28:06

ACCOUNT INFORMATION:
Balance: $0.85
Equity: $0.85
Profit: $0.00
Margin Level: 0.0%

OPEN POSITIONS:
No open positions

==================================================

==================================================
SYSTEM STATE UPDATE - 2025-06-03 12:28:11
==================================================

MARKET INFORMATION:
Current Session: London Session
Market Status: Open

SYMBOL PRICES:
EURUSD:
  Bid: 1.1413
  Ask: 1.14148
  Spread: 0.000180000000000069
  Last Update: 15:28:11
GBPUSD:
  Bid: 1.3519700000000001
  Ask: 1.35218
  Spread: 0.00020999999999982144
  Last Update: 15:28:07
USDJPY:
  Bid: 142.88
  Ask: 142.897
  Spread: 0.016999999999995907
  Last Update: 15:28:11

ACCOUNT INFORMATION:
Balance: $0.85
Equity: $0.85
Profit: $0.00
Margin Level: 0.0%

OPEN POSITIONS:
No open positions

==================================================

==================================================
SYSTEM STATE UPDATE - 2025-06-03 12:28:12
==================================================

MARKET INFORMATION:
Current Session: London Session
Market Status: Open

SYMBOL PRICES:
EURUSD:
  Bid: 1.1413
  Ask: 1.14148
  Spread: 0.000180000000000069
  Last Update: 15:28:11
GBPUSD:
  Bid: 1.3519700000000001
  Ask: 1.35218
  Spread: 0.00020999999999982144
  Last Update: 15:28:07
USDJPY:
  Bid: 142.879
  Ask: 142.898
  Spread: 0.019000000000005457
  Last Update: 15:28:11

ACCOUNT INFORMATION:
Balance: $0.85
Equity: $0.85
Profit: $0.00
Margin Level: 0.0%

OPEN POSITIONS:
No open positions

==================================================

==================================================
SYSTEM STATE UPDATE - 2025-06-03 12:28:13
==================================================

MARKET INFORMATION:
Current Session: London Session
Market Status: Open

SYMBOL PRICES:
EURUSD:
  Bid: 1.1413
  Ask: 1.14148
  Spread: 0.000180000000000069
  Last Update: 15:28:11
GBPUSD:
  Bid: 1.3519700000000001
  Ask: 1.35219
  Spread: 0.00021999999999988695
  Last Update: 15:28:13
USDJPY:
  Bid: 142.88
  Ask: 142.897
  Spread: 0.016999999999995907
  Last Update: 15:28:12

ACCOUNT INFORMATION:
Balance: $0.85
Equity: $0.85
Profit: $0.00
Margin Level: 0.0%

OPEN POSITIONS:
No open positions

==================================================

==================================================
SYSTEM STATE UPDATE - 2025-06-03 12:28:15
==================================================

MARKET INFORMATION:
Current Session: London Session
Market Status: Open

SYMBOL PRICES:
EURUSD:
  Bid: 1.1413
  Ask: 1.14148
  Spread: 0.000180000000000069
  Last Update: 15:28:11
GBPUSD:
  Bid: 1.3519700000000001
  Ask: 1.35219
  Spread: 0.00021999999999988695
  Last Update: 15:28:13
USDJPY:
  Bid: 142.877
  Ask: 142.893
  Spread: 0.015999999999991132
  Last Update: 15:28:14

ACCOUNT INFORMATION:
Balance: $0.85
Equity: $0.85
Profit: $0.00
Margin Level: 0.0%

OPEN POSITIONS:
No open positions

==================================================

==================================================
SYSTEM STATE UPDATE - 2025-06-03 12:28:16
==================================================

MARKET INFORMATION:
Current Session: London Session
Market Status: Open

SYMBOL PRICES:
EURUSD:
  Bid: 1.14131
  Ask: 1.1414900000000001
  Spread: 0.000180000000000069
  Last Update: 15:28:16
GBPUSD:
  Bid: 1.3519700000000001
  Ask: 1.35218
  Spread: 0.00020999999999982144
  Last Update: 15:28:16
USDJPY:
  Bid: 142.876
  Ask: 142.893
  Spread: 0.016999999999995907
  Last Update: 15:28:16

ACCOUNT INFORMATION:
Balance: $0.85
Equity: $0.85
Profit: $0.00
Margin Level: 0.0%

OPEN POSITIONS:
No open positions

==================================================

==================================================
SYSTEM STATE UPDATE - 2025-06-03 12:28:18
==================================================

MARKET INFORMATION:
Current Session: London Session
Market Status: Open

SYMBOL PRICES:
EURUSD:
  Bid: 1.14131
  Ask: 1.1414900000000001
  Spread: 0.000180000000000069
  Last Update: 15:28:16
GBPUSD:
  Bid: 1.3519700000000001
  Ask: 1.35218
  Spread: 0.00020999999999982144
  Last Update: 15:28:16
USDJPY:
  Bid: 142.876
  Ask: 142.893
  Spread: 0.016999999999995907
  Last Update: 15:28:16

ACCOUNT INFORMATION:
Balance: $0.85
Equity: $0.85
Profit: $0.00
Margin Level: 0.0%

OPEN POSITIONS:
No open positions

==================================================

==================================================
SYSTEM STATE UPDATE - 2025-06-03 12:28:19
==================================================

MARKET INFORMATION:
Current Session: London Session
Market Status: Open

SYMBOL PRICES:
EURUSD:
  Bid: 1.14131
  Ask: 1.1414900000000001
  Spread: 0.000180000000000069
  Last Update: 15:28:16
GBPUSD:
  Bid: 1.3519700000000001
  Ask: 1.35218
  Spread: 0.00020999999999982144
  Last Update: 15:28:16
USDJPY:
  Bid: 142.876
  Ask: 142.893
  Spread: 0.016999999999995907
  Last Update: 15:28:16

ACCOUNT INFORMATION:
Balance: $0.85
Equity: $0.85
Profit: $0.00
Margin Level: 0.0%

OPEN POSITIONS:
No open positions

==================================================

==================================================
SYSTEM STATE UPDATE - 2025-06-03 12:28:20
==================================================

MARKET INFORMATION:
Current Session: London Session
Market Status: Open

SYMBOL PRICES:
EURUSD:
  Bid: 1.14131
  Ask: 1.1414900000000001
  Spread: 0.000180000000000069
  Last Update: 15:28:16
GBPUSD:
  Bid: 1.3519700000000001
  Ask: 1.35218
  Spread: 0.00020999999999982144
  Last Update: 15:28:16
USDJPY:
  Bid: 142.876
  Ask: 142.893
  Spread: 0.016999999999995907
  Last Update: 15:28:16

ACCOUNT INFORMATION:
Balance: $0.85
Equity: $0.85
Profit: $0.00
Margin Level: 0.0%

OPEN POSITIONS:
No open positions

==================================================

==================================================
SYSTEM STATE UPDATE - 2025-06-03 12:28:22
==================================================

MARKET INFORMATION:
Current Session: London Session
Market Status: Open

SYMBOL PRICES:
EURUSD:
  Bid: 1.14131
  Ask: 1.1414900000000001
  Spread: 0.000180000000000069
  Last Update: 15:28:16
GBPUSD:
  Bid: 1.3519700000000001
  Ask: 1.35218
  Spread: 0.00020999999999982144
  Last Update: 15:28:16
USDJPY:
  Bid: 142.876
  Ask: 142.892
  Spread: 0.015999999999991132
  Last Update: 15:28:17

ACCOUNT INFORMATION:
Balance: $0.85
Equity: $0.85
Profit: $0.00
Margin Level: 0.0%

OPEN POSITIONS:
No open positions

==================================================

==================================================
SYSTEM STATE UPDATE - 2025-06-03 12:28:23
==================================================

MARKET INFORMATION:
Current Session: London Session
Market Status: Open

SYMBOL PRICES:
EURUSD:
  Bid: 1.14135
  Ask: 1.14153
  Spread: 0.00017999999999984695
  Last Update: 15:28:21
GBPUSD:
  Bid: 1.3519700000000001
  Ask: 1.35218
  Spread: 0.00020999999999982144
  Last Update: 15:28:23
USDJPY:
  Bid: 142.875
  Ask: 142.893
  Spread: 0.018000000000000682
  Last Update: 15:28:22

ACCOUNT INFORMATION:
Balance: $0.85
Equity: $0.85
Profit: $0.00
Margin Level: 0.0%

OPEN POSITIONS:
No open positions

==================================================

==================================================
SYSTEM STATE UPDATE - 2025-06-03 12:28:24
==================================================

MARKET INFORMATION:
Current Session: London Session
Market Status: Open

SYMBOL PRICES:
EURUSD:
  Bid: 1.14135
  Ask: 1.14153
  Spread: 0.00017999999999984695
  Last Update: 15:28:21
GBPUSD:
  Bid: 1.3519700000000001
  Ask: 1.35218
  Spread: 0.00020999999999982144
  Last Update: 15:28:23
USDJPY:
  Bid: 142.876
  Ask: 142.893
  Spread: 0.016999999999995907
  Last Update: 15:28:24

ACCOUNT INFORMATION:
Balance: $0.85
Equity: $0.85
Profit: $0.00
Margin Level: 0.0%

OPEN POSITIONS:
No open positions

==================================================

==================================================
SYSTEM STATE UPDATE - 2025-06-03 12:28:26
==================================================

MARKET INFORMATION:
Current Session: London Session
Market Status: Open

SYMBOL PRICES:
EURUSD:
  Bid: 1.14136
  Ask: 1.14154
  Spread: 0.000180000000000069
  Last Update: 15:28:25
GBPUSD:
  Bid: 1.3519700000000001
  Ask: 1.35218
  Spread: 0.00020999999999982144
  Last Update: 15:28:23
USDJPY:
  Bid: 142.876
  Ask: 142.893
  Spread: 0.016999999999995907
  Last Update: 15:28:24

ACCOUNT INFORMATION:
Balance: $0.85
Equity: $0.85
Profit: $0.00
Margin Level: 0.0%

OPEN POSITIONS:
No open positions

==================================================

==================================================
SYSTEM STATE UPDATE - 2025-06-03 12:28:27
==================================================

MARKET INFORMATION:
Current Session: London Session
Market Status: Open

SYMBOL PRICES:
EURUSD:
  Bid: 1.14136
  Ask: 1.14154
  Spread: 0.000180000000000069
  Last Update: 15:28:25
GBPUSD:
  Bid: 1.3519700000000001
  Ask: 1.35218
  Spread: 0.00020999999999982144
  Last Update: 15:28:23
USDJPY:
  Bid: 142.876
  Ask: 142.893
  Spread: 0.016999999999995907
  Last Update: 15:28:24

ACCOUNT INFORMATION:
Balance: $0.85
Equity: $0.85
Profit: $0.00
Margin Level: 0.0%

OPEN POSITIONS:
No open positions

==================================================

==================================================
SYSTEM STATE UPDATE - 2025-06-03 12:28:28
==================================================

MARKET INFORMATION:
Current Session: London Session
Market Status: Open

SYMBOL PRICES:
EURUSD:
  Bid: 1.14132
  Ask: 1.1415
  Spread: 0.000180000000000069
  Last Update: 15:28:28
GBPUSD:
  Bid: 1.35191
  Ask: 1.35212
  Spread: 0.00021000000000004349
  Last Update: 15:28:28
USDJPY:
  Bid: 142.883
  Ask: 142.9
  Spread: 0.016999999999995907
  Last Update: 15:28:28

ACCOUNT INFORMATION:
Balance: $0.85
Equity: $0.85
Profit: $0.00
Margin Level: 0.0%

OPEN POSITIONS:
No open positions

==================================================

==================================================
SYSTEM STATE UPDATE - 2025-06-03 12:28:30
==================================================

MARKET INFORMATION:
Current Session: London Session
Market Status: Open

SYMBOL PRICES:
EURUSD:
  Bid: 1.14131
  Ask: 1.1414900000000001
  Spread: 0.000180000000000069
  Last Update: 15:28:29
GBPUSD:
  Bid: 1.35192
  Ask: 1.35213
  Spread: 0.00021000000000004349
  Last Update: 15:28:30
USDJPY:
  Bid: 142.886
  Ask: 142.903
  Spread: 0.016999999999995907
  Last Update: 15:28:29

ACCOUNT INFORMATION:
Balance: $0.85
Equity: $0.85
Profit: $0.00
Margin Level: 0.0%

OPEN POSITIONS:
No open positions

==================================================

==================================================
SYSTEM STATE UPDATE - 2025-06-03 12:28:31
==================================================

MARKET INFORMATION:
Current Session: London Session
Market Status: Open

SYMBOL PRICES:
EURUSD:
  Bid: 1.14133
  Ask: 1.14151
  Spread: 0.000180000000000069
  Last Update: 15:28:31
GBPUSD:
  Bid: 1.35192
  Ask: 1.35213
  Spread: 0.00021000000000004349
  Last Update: 15:28:30
USDJPY:
  Bid: 142.886
  Ask: 142.903
  Spread: 0.016999999999995907
  Last Update: 15:28:29

ACCOUNT INFORMATION:
Balance: $0.85
Equity: $0.85
Profit: $0.00
Margin Level: 0.0%

OPEN POSITIONS:
No open positions

==================================================

==================================================
SYSTEM STATE UPDATE - 2025-06-03 12:28:32
==================================================

MARKET INFORMATION:
Current Session: London Session
Market Status: Open

SYMBOL PRICES:
EURUSD:
  Bid: 1.14136
  Ask: 1.14154
  Spread: 0.000180000000000069
  Last Update: 15:28:31
GBPUSD:
  Bid: 1.35196
  Ask: 1.35216
  Spread: 0.00019999999999997797
  Last Update: 15:28:32
USDJPY:
  Bid: 142.886
  Ask: 142.902
  Spread: 0.015999999999991132
  Last Update: 15:28:31

ACCOUNT INFORMATION:
Balance: $0.85
Equity: $0.85
Profit: $0.00
Margin Level: 0.0%

OPEN POSITIONS:
No open positions

==================================================

==================================================
SYSTEM STATE UPDATE - 2025-06-03 12:28:34
==================================================

MARKET INFORMATION:
Current Session: London Session
Market Status: Open

SYMBOL PRICES:
EURUSD:
  Bid: 1.14136
  Ask: 1.14154
  Spread: 0.000180000000000069
  Last Update: 15:28:31
GBPUSD:
  Bid: 1.35196
  Ask: 1.35216
  Spread: 0.00019999999999997797
  Last Update: 15:28:32
USDJPY:
  Bid: 142.886
  Ask: 142.902
  Spread: 0.015999999999991132
  Last Update: 15:28:31

ACCOUNT INFORMATION:
Balance: $0.85
Equity: $0.85
Profit: $0.00
Margin Level: 0.0%

OPEN POSITIONS:
No open positions

==================================================

==================================================
SYSTEM STATE UPDATE - 2025-06-03 12:28:35
==================================================

MARKET INFORMATION:
Current Session: London Session
Market Status: Open

SYMBOL PRICES:
EURUSD:
  Bid: 1.14134
  Ask: 1.14152
  Spread: 0.000180000000000069
  Last Update: 15:28:35
GBPUSD:
  Bid: 1.35195
  Ask: 1.35215
  Spread: 0.00019999999999997797
  Last Update: 15:28:35
USDJPY:
  Bid: 142.885
  Ask: 142.902
  Spread: 0.016999999999995907
  Last Update: 15:28:35

ACCOUNT INFORMATION:
Balance: $0.85
Equity: $0.85
Profit: $0.00
Margin Level: 0.0%

OPEN POSITIONS:
No open positions

==================================================

==================================================
SYSTEM STATE UPDATE - 2025-06-03 12:28:36
==================================================

MARKET INFORMATION:
Current Session: London Session
Market Status: Open

SYMBOL PRICES:
EURUSD:
  Bid: 1.14135
  Ask: 1.14153
  Spread: 0.00017999999999984695
  Last Update: 15:28:36
GBPUSD:
  Bid: 1.35195
  Ask: 1.35215
  Spread: 0.00019999999999997797
  Last Update: 15:28:36
USDJPY:
  Bid: 142.877
  Ask: 142.893
  Spread: 0.015999999999991132
  Last Update: 15:28:36

ACCOUNT INFORMATION:
Balance: $0.85
Equity: $0.85
Profit: $0.00
Margin Level: 0.0%

OPEN POSITIONS:
No open positions

==================================================

==================================================
SYSTEM STATE UPDATE - 2025-06-03 12:28:38
==================================================

MARKET INFORMATION:
Current Session: London Session
Market Status: Open

SYMBOL PRICES:
EURUSD:
  Bid: 1.14135
  Ask: 1.14153
  Spread: 0.00017999999999984695
  Last Update: 15:28:36
GBPUSD:
  Bid: 1.35195
  Ask: 1.35215
  Spread: 0.00019999999999997797
  Last Update: 15:28:37
USDJPY:
  Bid: 142.877
  Ask: 142.894
  Spread: 0.016999999999995907
  Last Update: 15:28:37

ACCOUNT INFORMATION:
Balance: $0.85
Equity: $0.85
Profit: $0.00
Margin Level: 0.0%

OPEN POSITIONS:
No open positions

==================================================

==================================================
SYSTEM STATE UPDATE - 2025-06-03 12:28:39
==================================================

MARKET INFORMATION:
Current Session: London Session
Market Status: Open

SYMBOL PRICES:
EURUSD:
  Bid: 1.14135
  Ask: 1.14153
  Spread: 0.00017999999999984695
  Last Update: 15:28:36
GBPUSD:
  Bid: 1.35195
  Ask: 1.35216
  Spread: 0.00021000000000004349
  Last Update: 15:28:38
USDJPY:
  Bid: 142.877
  Ask: 142.894
  Spread: 0.016999999999995907
  Last Update: 15:28:37

ACCOUNT INFORMATION:
Balance: $0.85
Equity: $0.85
Profit: $0.00
Margin Level: 0.0%

OPEN POSITIONS:
No open positions

==================================================

==================================================
SYSTEM STATE UPDATE - 2025-06-03 12:28:40
==================================================

MARKET INFORMATION:
Current Session: London Session
Market Status: Open

SYMBOL PRICES:
EURUSD:
  Bid: 1.14132
  Ask: 1.1415
  Spread: 0.000180000000000069
  Last Update: 15:28:40
GBPUSD:
  Bid: 1.3519
  Ask: 1.35211
  Spread: 0.00020999999999982144
  Last Update: 15:28:40
USDJPY:
  Bid: 142.879
  Ask: 142.895
  Spread: 0.016000000000019554
  Last Update: 15:28:40

ACCOUNT INFORMATION:
Balance: $0.85
Equity: $0.85
Profit: $0.00
Margin Level: 0.0%

OPEN POSITIONS:
No open positions

==================================================

==================================================
SYSTEM STATE UPDATE - 2025-06-03 12:28:42
==================================================

MARKET INFORMATION:
Current Session: London Session
Market Status: Open

SYMBOL PRICES:
EURUSD:
  Bid: 1.14132
  Ask: 1.1415
  Spread: 0.000180000000000069
  Last Update: 15:28:40
GBPUSD:
  Bid: 1.3519
  Ask: 1.35211
  Spread: 0.00020999999999982144
  Last Update: 15:28:40
USDJPY:
  Bid: 142.879
  Ask: 142.895
  Spread: 0.016000000000019554
  Last Update: 15:28:40

ACCOUNT INFORMATION:
Balance: $0.85
Equity: $0.85
Profit: $0.00
Margin Level: 0.0%

OPEN POSITIONS:
No open positions

==================================================

==================================================
SYSTEM STATE UPDATE - 2025-06-03 12:28:43
==================================================

MARKET INFORMATION:
Current Session: London Session
Market Status: Open

SYMBOL PRICES:
EURUSD:
  Bid: 1.14132
  Ask: 1.1415
  Spread: 0.000180000000000069
  Last Update: 15:28:43
GBPUSD:
  Bid: 1.3519
  Ask: 1.35211
  Spread: 0.00020999999999982144
  Last Update: 15:28:40
USDJPY:
  Bid: 142.88
  Ask: 142.897
  Spread: 0.016999999999995907
  Last Update: 15:28:43

ACCOUNT INFORMATION:
Balance: $0.85
Equity: $0.85
Profit: $0.00
Margin Level: 0.0%

OPEN POSITIONS:
No open positions

==================================================

==================================================
SYSTEM STATE UPDATE - 2025-06-03 12:28:44
==================================================

MARKET INFORMATION:
Current Session: London Session
Market Status: Open

SYMBOL PRICES:
EURUSD:
  Bid: 1.14132
  Ask: 1.1415
  Spread: 0.000180000000000069
  Last Update: 15:28:43
GBPUSD:
  Bid: 1.3519
  Ask: 1.35211
  Spread: 0.00020999999999982144
  Last Update: 15:28:40
USDJPY:
  Bid: 142.881
  Ask: 142.898
  Spread: 0.016999999999995907
  Last Update: 15:28:43

ACCOUNT INFORMATION:
Balance: $0.85
Equity: $0.85
Profit: $0.00
Margin Level: 0.0%

OPEN POSITIONS:
No open positions

==================================================

==================================================
SYSTEM STATE UPDATE - 2025-06-03 12:28:46
==================================================

MARKET INFORMATION:
Current Session: London Session
Market Status: Open

SYMBOL PRICES:
EURUSD:
  Bid: 1.14132
  Ask: 1.1415
  Spread: 0.000180000000000069
  Last Update: 15:28:46
GBPUSD:
  Bid: 1.3519
  Ask: 1.35212
  Spread: 0.00021999999999988695
  Last Update: 15:28:46
USDJPY:
  Bid: 142.88
  Ask: 142.897
  Spread: 0.016999999999995907
  Last Update: 15:28:45

ACCOUNT INFORMATION:
Balance: $0.85
Equity: $0.85
Profit: $0.00
Margin Level: 0.0%

OPEN POSITIONS:
No open positions

==================================================

==================================================
SYSTEM STATE UPDATE - 2025-06-03 12:28:47
==================================================

MARKET INFORMATION:
Current Session: London Session
Market Status: Open

SYMBOL PRICES:
EURUSD:
  Bid: 1.14135
  Ask: 1.14153
  Spread: 0.00017999999999984695
  Last Update: 15:28:47
GBPUSD:
  Bid: 1.35192
  Ask: 1.35212
  Spread: 0.00019999999999997797
  Last Update: 15:28:47
USDJPY:
  Bid: 142.88
  Ask: 142.897
  Spread: 0.016999999999995907
  Last Update: 15:28:45

ACCOUNT INFORMATION:
Balance: $0.85
Equity: $0.85
Profit: $0.00
Margin Level: 0.0%

OPEN POSITIONS:
No open positions

==================================================

==================================================
SYSTEM STATE UPDATE - 2025-06-03 12:28:48
==================================================

MARKET INFORMATION:
Current Session: London Session
Market Status: Open

SYMBOL PRICES:
EURUSD:
  Bid: 1.14135
  Ask: 1.14153
  Spread: 0.00017999999999984695
  Last Update: 15:28:47
GBPUSD:
  Bid: 1.35191
  Ask: 1.35213
  Spread: 0.000220000000000109
  Last Update: 15:28:48
USDJPY:
  Bid: 142.882
  Ask: 142.898
  Spread: 0.015999999999991132
  Last Update: 15:28:48

ACCOUNT INFORMATION:
Balance: $0.85
Equity: $0.85
Profit: $0.00
Margin Level: 0.0%

OPEN POSITIONS:
No open positions

==================================================

==================================================
SYSTEM STATE UPDATE - 2025-06-03 12:28:50
==================================================

MARKET INFORMATION:
Current Session: London Session
Market Status: Open

SYMBOL PRICES:
EURUSD:
  Bid: 1.14135
  Ask: 1.14153
  Spread: 0.00017999999999984695
  Last Update: 15:28:47
GBPUSD:
  Bid: 1.35191
  Ask: 1.35212
  Spread: 0.00021000000000004349
  Last Update: 15:28:50
USDJPY:
  Bid: 142.882
  Ask: 142.898
  Spread: 0.015999999999991132
  Last Update: 15:28:48

ACCOUNT INFORMATION:
Balance: $0.85
Equity: $0.85
Profit: $0.00
Margin Level: 0.0%

OPEN POSITIONS:
No open positions

==================================================

==================================================
SYSTEM STATE UPDATE - 2025-06-03 12:28:51
==================================================

MARKET INFORMATION:
Current Session: London Session
Market Status: Open

SYMBOL PRICES:
EURUSD:
  Bid: 1.14135
  Ask: 1.14153
  Spread: 0.00017999999999984695
  Last Update: 15:28:47
GBPUSD:
  Bid: 1.35194
  Ask: 1.35214
  Spread: 0.00019999999999997797
  Last Update: 15:28:50
USDJPY:
  Bid: 142.882
  Ask: 142.898
  Spread: 0.015999999999991132
  Last Update: 15:28:48

ACCOUNT INFORMATION:
Balance: $0.85
Equity: $0.85
Profit: $0.00
Margin Level: 0.0%

OPEN POSITIONS:
No open positions

==================================================

==================================================
SYSTEM STATE UPDATE - 2025-06-03 12:28:52
==================================================

MARKET INFORMATION:
Current Session: London Session
Market Status: Open

SYMBOL PRICES:
EURUSD:
  Bid: 1.14135
  Ask: 1.14153
  Spread: 0.00017999999999984695
  Last Update: 15:28:47
GBPUSD:
  Bid: 1.35193
  Ask: 1.35214
  Spread: 0.00020999999999982144
  Last Update: 15:28:52
USDJPY:
  Bid: 142.882
  Ask: 142.898
  Spread: 0.015999999999991132
  Last Update: 15:28:48

ACCOUNT INFORMATION:
Balance: $0.85
Equity: $0.85
Profit: $0.00
Margin Level: 0.0%

OPEN POSITIONS:
No open positions

==================================================

==================================================
SYSTEM STATE UPDATE - 2025-06-03 12:28:54
==================================================

MARKET INFORMATION:
Current Session: London Session
Market Status: Open

SYMBOL PRICES:
EURUSD:
  Bid: 1.14134
  Ask: 1.14152
  Spread: 0.000180000000000069
  Last Update: 15:28:53
GBPUSD:
  Bid: 1.35193
  Ask: 1.35213
  Spread: 0.00019999999999997797
  Last Update: 15:28:53
USDJPY:
  Bid: 142.882
  Ask: 142.898
  Spread: 0.015999999999991132
  Last Update: 15:28:48

ACCOUNT INFORMATION:
Balance: $0.85
Equity: $0.85
Profit: $0.00
Margin Level: 0.0%

OPEN POSITIONS:
No open positions

==================================================

==================================================
SYSTEM STATE UPDATE - 2025-06-03 12:28:55
==================================================

MARKET INFORMATION:
Current Session: London Session
Market Status: Open

SYMBOL PRICES:
EURUSD:
  Bid: 1.14137
  Ask: 1.14155
  Spread: 0.000180000000000069
  Last Update: 15:28:55
GBPUSD:
  Bid: 1.35196
  Ask: 1.35216
  Spread: 0.00019999999999997797
  Last Update: 15:28:55
USDJPY:
  Bid: 142.882
  Ask: 142.9
  Spread: 0.018000000000000682
  Last Update: 15:28:55

ACCOUNT INFORMATION:
Balance: $0.85
Equity: $0.85
Profit: $0.00
Margin Level: 0.0%

OPEN POSITIONS:
No open positions

==================================================

==================================================
SYSTEM STATE UPDATE - 2025-06-03 12:28:56
==================================================

MARKET INFORMATION:
Current Session: London Session
Market Status: Open

SYMBOL PRICES:
EURUSD:
  Bid: 1.14137
  Ask: 1.14155
  Spread: 0.000180000000000069
  Last Update: 15:28:57
GBPUSD:
  Bid: 1.35195
  Ask: 1.35216
  Spread: 0.00021000000000004349
  Last Update: 15:28:57
USDJPY:
  Bid: 142.882
  Ask: 142.898
  Spread: 0.015999999999991132
  Last Update: 15:28:57

ACCOUNT INFORMATION:
Balance: $0.85
Equity: $0.85
Profit: $0.00
Margin Level: 0.0%

OPEN POSITIONS:
No open positions

==================================================

==================================================
SYSTEM STATE UPDATE - 2025-06-03 12:28:58
==================================================

MARKET INFORMATION:
Current Session: London Session
Market Status: Open

SYMBOL PRICES:
EURUSD:
  Bid: 1.14139
  Ask: 1.14157
  Spread: 0.000180000000000069
  Last Update: 15:28:58
GBPUSD:
  Bid: 1.35193
  Ask: 1.35213
  Spread: 0.00019999999999997797
  Last Update: 15:28:58
USDJPY:
  Bid: 142.882
  Ask: 142.898
  Spread: 0.015999999999991132
  Last Update: 15:28:57

ACCOUNT INFORMATION:
Balance: $0.85
Equity: $0.85
Profit: $0.00
Margin Level: 0.0%

OPEN POSITIONS:
No open positions

==================================================

==================================================
SYSTEM STATE UPDATE - 2025-06-03 12:28:59
==================================================

MARKET INFORMATION:
Current Session: London Session
Market Status: Open

SYMBOL PRICES:
EURUSD:
  Bid: 1.14139
  Ask: 1.14158
  Spread: 0.0001900000000001345
  Last Update: 15:28:59
GBPUSD:
  Bid: 1.35193
  Ask: 1.35213
  Spread: 0.00019999999999997797
  Last Update: 15:28:58
USDJPY:
  Bid: 142.882
  Ask: 142.898
  Spread: 0.015999999999991132
  Last Update: 15:28:57

ACCOUNT INFORMATION:
Balance: $0.85
Equity: $0.85
Profit: $0.00
Margin Level: 0.0%

OPEN POSITIONS:
No open positions

==================================================

==================================================
SYSTEM STATE UPDATE - 2025-06-03 12:29:00
==================================================

MARKET INFORMATION:
Current Session: London Session
Market Status: Open

SYMBOL PRICES:
EURUSD:
  Bid: 1.14139
  Ask: 1.14157
  Spread: 0.000180000000000069
  Last Update: 15:29:00
GBPUSD:
  Bid: 1.35194
  Ask: 1.35215
  Spread: 0.00021000000000004349
  Last Update: 15:29:00
USDJPY:
  Bid: 142.883
  Ask: 142.899
  Spread: 0.015999999999991132
  Last Update: 15:29:00

ACCOUNT INFORMATION:
Balance: $0.85
Equity: $0.85
Profit: $0.00
Margin Level: 0.0%

OPEN POSITIONS:
No open positions

==================================================

==================================================
SYSTEM STATE UPDATE - 2025-06-03 12:29:02
==================================================

MARKET INFORMATION:
Current Session: London Session
Market Status: Open

SYMBOL PRICES:
EURUSD:
  Bid: 1.1414
  Ask: 1.14158
  Spread: 0.000180000000000069
  Last Update: 15:29:02
GBPUSD:
  Bid: 1.35193
  Ask: 1.35213
  Spread: 0.00019999999999997797
  Last Update: 15:29:02
USDJPY:
  Bid: 142.878
  Ask: 142.896
  Spread: 0.018000000000000682
  Last Update: 15:29:01

ACCOUNT INFORMATION:
Balance: $0.85
Equity: $0.85
Profit: $0.00
Margin Level: 0.0%

OPEN POSITIONS:
No open positions

==================================================

==================================================
SYSTEM STATE UPDATE - 2025-06-03 12:29:03
==================================================

MARKET INFORMATION:
Current Session: London Session
Market Status: Open

SYMBOL PRICES:
EURUSD:
  Bid: 1.1414
  Ask: 1.14158
  Spread: 0.000180000000000069
  Last Update: 15:29:03
GBPUSD:
  Bid: 1.35193
  Ask: 1.35214
  Spread: 0.00020999999999982144
  Last Update: 15:29:02
USDJPY:
  Bid: 142.879
  Ask: 142.896
  Spread: 0.016999999999995907
  Last Update: 15:29:03

ACCOUNT INFORMATION:
Balance: $0.85
Equity: $0.85
Profit: $0.00
Margin Level: 0.0%

OPEN POSITIONS:
No open positions

==================================================

==================================================
SYSTEM STATE UPDATE - 2025-06-03 12:29:04
==================================================

MARKET INFORMATION:
Current Session: London Session
Market Status: Open

SYMBOL PRICES:
EURUSD:
  Bid: 1.14138
  Ask: 1.14156
  Spread: 0.00017999999999984695
  Last Update: 15:29:04
GBPUSD:
  Bid: 1.35193
  Ask: 1.35213
  Spread: 0.00019999999999997797
  Last Update: 15:29:04
USDJPY:
  Bid: 142.879
  Ask: 142.896
  Spread: 0.016999999999995907
  Last Update: 15:29:03

ACCOUNT INFORMATION:
Balance: $0.85
Equity: $0.85
Profit: $0.00
Margin Level: 0.0%

OPEN POSITIONS:
No open positions

==================================================

==================================================
SYSTEM STATE UPDATE - 2025-06-03 12:29:06
==================================================

MARKET INFORMATION:
Current Session: London Session
Market Status: Open

SYMBOL PRICES:
EURUSD:
  Bid: 1.14138
  Ask: 1.14156
  Spread: 0.00017999999999984695
  Last Update: 15:29:04
GBPUSD:
  Bid: 1.35193
  Ask: 1.35213
  Spread: 0.00019999999999997797
  Last Update: 15:29:04
USDJPY:
  Bid: 142.878
  Ask: 142.895
  Spread: 0.01700000000002433
  Last Update: 15:29:05

ACCOUNT INFORMATION:
Balance: $0.85
Equity: $0.85
Profit: $0.00
Margin Level: 0.0%

OPEN POSITIONS:
No open positions

==================================================

==================================================
SYSTEM STATE UPDATE - 2025-06-03 12:29:07
==================================================

MARKET INFORMATION:
Current Session: London Session
Market Status: Open

SYMBOL PRICES:
EURUSD:
  Bid: 1.14133
  Ask: 1.14152
  Spread: 0.0001900000000001345
  Last Update: 15:29:07
GBPUSD:
  Bid: 1.35191
  Ask: 1.35212
  Spread: 0.00021000000000004349
  Last Update: 15:29:07
USDJPY:
  Bid: 142.879
  Ask: 142.895
  Spread: 0.016000000000019554
  Last Update: 15:29:07

ACCOUNT INFORMATION:
Balance: $0.85
Equity: $0.85
Profit: $0.00
Margin Level: 0.0%

OPEN POSITIONS:
No open positions

==================================================

==================================================
SYSTEM STATE UPDATE - 2025-06-03 12:29:08
==================================================

MARKET INFORMATION:
Current Session: London Session
Market Status: Open

SYMBOL PRICES:
EURUSD:
  Bid: 1.14132
  Ask: 1.14151
  Spread: 0.0001900000000001345
  Last Update: 15:29:08
GBPUSD:
  Bid: 1.35191
  Ask: 1.35212
  Spread: 0.00021000000000004349
  Last Update: 15:29:08
USDJPY:
  Bid: 142.879
  Ask: 142.895
  Spread: 0.016000000000019554
  Last Update: 15:29:07

ACCOUNT INFORMATION:
Balance: $0.85
Equity: $0.85
Profit: $0.00
Margin Level: 0.0%

OPEN POSITIONS:
No open positions

==================================================

==================================================
SYSTEM STATE UPDATE - 2025-06-03 12:29:10
==================================================

MARKET INFORMATION:
Current Session: London Session
Market Status: Open

SYMBOL PRICES:
EURUSD:
  Bid: 1.14131
  Ask: 1.1415
  Spread: 0.00018999999999991246
  Last Update: 15:29:09
GBPUSD:
  Bid: 1.35191
  Ask: 1.35212
  Spread: 0.00021000000000004349
  Last Update: 15:29:08
USDJPY:
  Bid: 142.878
  Ask: 142.895
  Spread: 0.01700000000002433
  Last Update: 15:29:10

ACCOUNT INFORMATION:
Balance: $0.85
Equity: $0.85
Profit: $0.00
Margin Level: 0.0%

OPEN POSITIONS:
No open positions

==================================================

==================================================
SYSTEM STATE UPDATE - 2025-06-03 12:29:11
==================================================

MARKET INFORMATION:
Current Session: London Session
Market Status: Open

SYMBOL PRICES:
EURUSD:
  Bid: 1.14129
  Ask: 1.14148
  Spread: 0.0001900000000001345
  Last Update: 15:29:10
GBPUSD:
  Bid: 1.35188
  Ask: 1.35209
  Spread: 0.00021000000000004349
  Last Update: 15:29:11
USDJPY:
  Bid: 142.882
  Ask: 142.899
  Spread: 0.016999999999995907
  Last Update: 15:29:10

ACCOUNT INFORMATION:
Balance: $0.85
Equity: $0.85
Profit: $0.00
Margin Level: 0.0%

OPEN POSITIONS:
No open positions

==================================================

==================================================
SYSTEM STATE UPDATE - 2025-06-03 12:29:12
==================================================

MARKET INFORMATION:
Current Session: London Session
Market Status: Open

SYMBOL PRICES:
EURUSD:
  Bid: 1.14134
  Ask: 1.14152
  Spread: 0.000180000000000069
  Last Update: 15:29:13
GBPUSD:
  Bid: 1.35191
  Ask: 1.35212
  Spread: 0.00021000000000004349
  Last Update: 15:29:13
USDJPY:
  Bid: 142.878
  Ask: 142.895
  Spread: 0.01700000000002433
  Last Update: 15:29:13

ACCOUNT INFORMATION:
Balance: $0.85
Equity: $0.85
Profit: $0.00
Margin Level: 0.0%

OPEN POSITIONS:
No open positions

==================================================

==================================================
SYSTEM STATE UPDATE - 2025-06-03 12:29:14
==================================================

MARKET INFORMATION:
Current Session: London Session
Market Status: Open

SYMBOL PRICES:
EURUSD:
  Bid: 1.14132
  Ask: 1.1415
  Spread: 0.000180000000000069
  Last Update: 15:29:14
GBPUSD:
  Bid: 1.3519
  Ask: 1.3521
  Spread: 0.00019999999999997797
  Last Update: 15:29:14
USDJPY:
  Bid: 142.878
  Ask: 142.896
  Spread: 0.018000000000000682
  Last Update: 15:29:14

ACCOUNT INFORMATION:
Balance: $0.85
Equity: $0.85
Profit: $0.00
Margin Level: 0.0%

OPEN POSITIONS:
No open positions

==================================================

==================================================
SYSTEM STATE UPDATE - 2025-06-03 12:29:15
==================================================

MARKET INFORMATION:
Current Session: London Session
Market Status: Open

SYMBOL PRICES:
EURUSD:
  Bid: 1.14129
  Ask: 1.14147
  Spread: 0.000180000000000069
  Last Update: 15:29:15
GBPUSD:
  Bid: 1.35188
  Ask: 1.35209
  Spread: 0.00021000000000004349
  Last Update: 15:29:15
USDJPY:
  Bid: 142.878
  Ask: 142.895
  Spread: 0.01700000000002433
  Last Update: 15:29:14

ACCOUNT INFORMATION:
Balance: $0.85
Equity: $0.85
Profit: $0.00
Margin Level: 0.0%

OPEN POSITIONS:
No open positions

==================================================

==================================================
SYSTEM STATE UPDATE - 2025-06-03 12:29:17
==================================================

MARKET INFORMATION:
Current Session: London Session
Market Status: Open

SYMBOL PRICES:
EURUSD:
  Bid: 1.14127
  Ask: 1.14145
  Spread: 0.000180000000000069
  Last Update: 15:29:16
GBPUSD:
  Bid: 1.35188
  Ask: 1.35209
  Spread: 0.00021000000000004349
  Last Update: 15:29:15
USDJPY:
  Bid: 142.879
  Ask: 142.896
  Spread: 0.016999999999995907
  Last Update: 15:29:16

ACCOUNT INFORMATION:
Balance: $0.85
Equity: $0.85
Profit: $0.00
Margin Level: 0.0%

OPEN POSITIONS:
No open positions

==================================================

==================================================
SYSTEM STATE UPDATE - 2025-06-03 12:29:18
==================================================

MARKET INFORMATION:
Current Session: London Session
Market Status: Open

SYMBOL PRICES:
EURUSD:
  Bid: 1.14126
  Ask: 1.14144
  Spread: 0.000180000000000069
  Last Update: 15:29:17
GBPUSD:
  Bid: 1.35188
  Ask: 1.35209
  Spread: 0.00021000000000004349
  Last Update: 15:29:18
USDJPY:
  Bid: 142.879
  Ask: 142.896
  Spread: 0.016999999999995907
  Last Update: 15:29:17

ACCOUNT INFORMATION:
Balance: $0.85
Equity: $0.85
Profit: $0.00
Margin Level: 0.0%

OPEN POSITIONS:
No open positions

==================================================

==================================================
SYSTEM STATE UPDATE - 2025-06-03 12:29:19
==================================================

MARKET INFORMATION:
Current Session: London Session
Market Status: Open

SYMBOL PRICES:
EURUSD:
  Bid: 1.14126
  Ask: 1.14144
  Spread: 0.000180000000000069
  Last Update: 15:29:17
GBPUSD:
  Bid: 1.35189
  Ask: 1.3521
  Spread: 0.00021000000000004349
  Last Update: 15:29:19
USDJPY:
  Bid: 142.879
  Ask: 142.896
  Spread: 0.016999999999995907
  Last Update: 15:29:17

ACCOUNT INFORMATION:
Balance: $0.85
Equity: $0.85
Profit: $0.00
Margin Level: 0.0%

OPEN POSITIONS:
No open positions

==================================================

==================================================
SYSTEM STATE UPDATE - 2025-06-03 12:29:21
==================================================

MARKET INFORMATION:
Current Session: London Session
Market Status: Open

SYMBOL PRICES:
EURUSD:
  Bid: 1.14127
  Ask: 1.14145
  Spread: 0.000180000000000069
  Last Update: 15:29:20
GBPUSD:
  Bid: 1.3519
  Ask: 1.35211
  Spread: 0.00020999999999982144
  Last Update: 15:29:20
USDJPY:
  Bid: 142.879
  Ask: 142.896
  Spread: 0.016999999999995907
  Last Update: 15:29:17

ACCOUNT INFORMATION:
Balance: $0.85
Equity: $0.85
Profit: $0.00
Margin Level: 0.0%

OPEN POSITIONS:
No open positions

==================================================

==================================================
SYSTEM STATE UPDATE - 2025-06-03 12:29:22
==================================================

MARKET INFORMATION:
Current Session: London Session
Market Status: Open

SYMBOL PRICES:
EURUSD:
  Bid: 1.14127
  Ask: 1.14145
  Spread: 0.000180000000000069
  Last Update: 15:29:20
GBPUSD:
  Bid: 1.3519
  Ask: 1.35211
  Spread: 0.00020999999999982144
  Last Update: 15:29:20
USDJPY:
  Bid: 142.879
  Ask: 142.896
  Spread: 0.016999999999995907
  Last Update: 15:29:17

ACCOUNT INFORMATION:
Balance: $0.85
Equity: $0.85
Profit: $0.00
Margin Level: 0.0%

OPEN POSITIONS:
No open positions

==================================================

==================================================
SYSTEM STATE UPDATE - 2025-06-03 12:29:23
==================================================

MARKET INFORMATION:
Current Session: London Session
Market Status: Open

SYMBOL PRICES:
EURUSD:
  Bid: 1.14126
  Ask: 1.14145
  Spread: 0.0001900000000001345
  Last Update: 15:29:23
GBPUSD:
  Bid: 1.35191
  Ask: 1.35211
  Spread: 0.00019999999999997797
  Last Update: 15:29:23
USDJPY:
  Bid: 142.879
  Ask: 142.896
  Spread: 0.016999999999995907
  Last Update: 15:29:17

ACCOUNT INFORMATION:
Balance: $0.85
Equity: $0.85
Profit: $0.00
Margin Level: 0.0%

OPEN POSITIONS:
No open positions

==================================================

==================================================
SYSTEM STATE UPDATE - 2025-06-03 12:29:25
==================================================

MARKET INFORMATION:
Current Session: London Session
Market Status: Open

SYMBOL PRICES:
EURUSD:
  Bid: 1.14128
  Ask: 1.14146
  Spread: 0.00017999999999984695
  Last Update: 15:29:25
GBPUSD:
  Bid: 1.35191
  Ask: 1.35212
  Spread: 0.00021000000000004349
  Last Update: 15:29:25
USDJPY:
  Bid: 142.879
  Ask: 142.896
  Spread: 0.016999999999995907
  Last Update: 15:29:17

ACCOUNT INFORMATION:
Balance: $0.85
Equity: $0.85
Profit: $0.00
Margin Level: 0.0%

OPEN POSITIONS:
No open positions

==================================================

==================================================
SYSTEM STATE UPDATE - 2025-06-03 12:29:26
==================================================

MARKET INFORMATION:
Current Session: London Session
Market Status: Open

SYMBOL PRICES:
EURUSD:
  Bid: 1.14128
  Ask: 1.14146
  Spread: 0.00017999999999984695
  Last Update: 15:29:25
GBPUSD:
  Bid: 1.35191
  Ask: 1.35212
  Spread: 0.00021000000000004349
  Last Update: 15:29:25
USDJPY:
  Bid: 142.879
  Ask: 142.896
  Spread: 0.016999999999995907
  Last Update: 15:29:17

ACCOUNT INFORMATION:
Balance: $0.85
Equity: $0.85
Profit: $0.00
Margin Level: 0.0%

OPEN POSITIONS:
No open positions

==================================================

==================================================
SYSTEM STATE UPDATE - 2025-06-03 12:29:27
==================================================

MARKET INFORMATION:
Current Session: London Session
Market Status: Open

SYMBOL PRICES:
EURUSD:
  Bid: 1.14127
  Ask: 1.14145
  Spread: 0.000180000000000069
  Last Update: 15:29:27
GBPUSD:
  Bid: 1.35192
  Ask: 1.35211
  Spread: 0.00018999999999991246
  Last Update: 15:29:27
USDJPY:
  Bid: 142.879
  Ask: 142.896
  Spread: 0.016999999999995907
  Last Update: 15:29:17

ACCOUNT INFORMATION:
Balance: $0.85
Equity: $0.85
Profit: $0.00
Margin Level: 0.0%

OPEN POSITIONS:
No open positions

==================================================

==================================================
SYSTEM STATE UPDATE - 2025-06-03 12:29:29
==================================================

MARKET INFORMATION:
Current Session: London Session
Market Status: Open

SYMBOL PRICES:
EURUSD:
  Bid: 1.14128
  Ask: 1.14146
  Spread: 0.00017999999999984695
  Last Update: 15:29:28
GBPUSD:
  Bid: 1.35191
  Ask: 1.35212
  Spread: 0.00021000000000004349
  Last Update: 15:29:27
USDJPY:
  Bid: 142.879
  Ask: 142.896
  Spread: 0.016999999999995907
  Last Update: 15:29:17

ACCOUNT INFORMATION:
Balance: $0.85
Equity: $0.85
Profit: $0.00
Margin Level: 0.0%

OPEN POSITIONS:
No open positions

==================================================

==================================================
SYSTEM STATE UPDATE - 2025-06-03 12:29:30
==================================================

MARKET INFORMATION:
Current Session: London Session
Market Status: Open

SYMBOL PRICES:
EURUSD:
  Bid: 1.14128
  Ask: 1.14146
  Spread: 0.00017999999999984695
  Last Update: 15:29:29
GBPUSD:
  Bid: 1.35191
  Ask: 1.35212
  Spread: 0.00021000000000004349
  Last Update: 15:29:27
USDJPY:
  Bid: 142.879
  Ask: 142.896
  Spread: 0.016999999999995907
  Last Update: 15:29:17

ACCOUNT INFORMATION:
Balance: $0.85
Equity: $0.85
Profit: $0.00
Margin Level: 0.0%

OPEN POSITIONS:
No open positions

==================================================

==================================================
SYSTEM STATE UPDATE - 2025-06-03 12:29:31
==================================================

MARKET INFORMATION:
Current Session: London Session
Market Status: Open

SYMBOL PRICES:
EURUSD:
  Bid: 1.14128
  Ask: 1.14146
  Spread: 0.00017999999999984695
  Last Update: 15:29:29
GBPUSD:
  Bid: 1.35191
  Ask: 1.35212
  Spread: 0.00021000000000004349
  Last Update: 15:29:27
USDJPY:
  Bid: 142.879
  Ask: 142.896
  Spread: 0.016999999999995907
  Last Update: 15:29:17

ACCOUNT INFORMATION:
Balance: $0.85
Equity: $0.85
Profit: $0.00
Margin Level: 0.0%

OPEN POSITIONS:
No open positions

==================================================

==================================================
SYSTEM STATE UPDATE - 2025-06-03 12:29:33
==================================================

MARKET INFORMATION:
Current Session: London Session
Market Status: Open

SYMBOL PRICES:
EURUSD:
  Bid: 1.14127
  Ask: 1.14145
  Spread: 0.000180000000000069
  Last Update: 15:29:30
GBPUSD:
  Bid: 1.35191
  Ask: 1.35212
  Spread: 0.00021000000000004349
  Last Update: 15:29:30
USDJPY:
  Bid: 142.879
  Ask: 142.896
  Spread: 0.016999999999995907
  Last Update: 15:29:17

ACCOUNT INFORMATION:
Balance: $0.85
Equity: $0.85
Profit: $0.00
Margin Level: 0.0%

OPEN POSITIONS:
No open positions

==================================================

==================================================
SYSTEM STATE UPDATE - 2025-06-03 12:29:34
==================================================

MARKET INFORMATION:
Current Session: London Session
Market Status: Open

SYMBOL PRICES:
EURUSD:
  Bid: 1.14129
  Ask: 1.14147
  Spread: 0.000180000000000069
  Last Update: 15:29:32
GBPUSD:
  Bid: 1.35191
  Ask: 1.35212
  Spread: 0.00021000000000004349
  Last Update: 15:29:32
USDJPY:
  Bid: 142.879
  Ask: 142.896
  Spread: 0.016999999999995907
  Last Update: 15:29:17

ACCOUNT INFORMATION:
Balance: $0.85
Equity: $0.85
Profit: $0.00
Margin Level: 0.0%

OPEN POSITIONS:
No open positions

==================================================
