
==================================================
SYSTEM STATE UPDATE - 2025-08-25 14:45:08
==================================================

MARKET INFORMATION:
Current Session: London-NY Overlap
Market Status: Open

SYMBOL PRICES:
EURUSD:
  Bid: 1.16926
  Ask: 1.1694
  Spread: 0.000140000000000029
  Last Update: 17:45:08
AUDUSD:
  Bid: 0.64944
  Ask: 0.6496
  Spread: 0.00015999999999993797
  Last Update: 17:45:07
GBPUSD:
  Bid: 1.35133
  Ask: 1.35149
  Spread: 0.00016000000000016001
  Last Update: 17:45:08
USDJPY:
  Bid: 147.325
  Ask: 147.341
  Spread: 0.016000000000019554
  Last Update: 17:45:07
XAUUSD:
  Bid: 3369.55
  Ask: 3369.79
  Spread: 0.23999999999978172
  Last Update: 17:45:08

ACCOUNT INFORMATION:
Balance: $7.63
Equity: $7.63
Profit: $0.00
Margin Level: 0.0%

OPEN POSITIONS:
No open positions

==================================================

==================================================
SYSTEM STATE UPDATE - 2025-08-25 14:45:10
==================================================

MARKET INFORMATION:
Current Session: London-NY Overlap
Market Status: Open

SYMBOL PRICES:
EURUSD:
  Bid: 1.16926
  Ask: 1.1694
  Spread: 0.000140000000000029
  Last Update: 17:45:09
AUDUSD:
  Bid: 0.64944
  Ask: 0.6496
  Spread: 0.00015999999999993797
  Last Update: 17:45:07
GBPUSD:
  Bid: 1.35134
  Ask: 1.35149
  Spread: 0.0001500000000000945
  Last Update: 17:45:09
USDJPY:
  Bid: 147.325
  Ask: 147.341
  Spread: 0.016000000000019554
  Last Update: 17:45:07
XAUUSD:
  Bid: 3369.48
  Ask: 3369.73
  Spread: 0.25
  Last Update: 17:45:09

ACCOUNT INFORMATION:
Balance: $7.63
Equity: $7.63
Profit: $0.00
Margin Level: 0.0%

OPEN POSITIONS:
No open positions

==================================================

==================================================
SYSTEM STATE UPDATE - 2025-08-25 14:45:11
==================================================

MARKET INFORMATION:
Current Session: London-NY Overlap
Market Status: Open

SYMBOL PRICES:
EURUSD:
  Bid: 1.16926
  Ask: 1.16939
  Spread: 0.00012999999999996348
  Last Update: 17:45:11
AUDUSD:
  Bid: 0.64944
  Ask: 0.6496
  Spread: 0.00015999999999993797
  Last Update: 17:45:07
GBPUSD:
  Bid: 1.35134
  Ask: 1.35149
  Spread: 0.0001500000000000945
  Last Update: 17:45:09
USDJPY:
  Bid: 147.325
  Ask: 147.341
  Spread: 0.016000000000019554
  Last Update: 17:45:07
XAUUSD:
  Bid: 3369.48
  Ask: 3369.73
  Spread: 0.25
  Last Update: 17:45:10

ACCOUNT INFORMATION:
Balance: $7.63
Equity: $7.63
Profit: $0.00
Margin Level: 0.0%

OPEN POSITIONS:
No open positions

==================================================

==================================================
SYSTEM STATE UPDATE - 2025-08-25 14:45:13
==================================================

MARKET INFORMATION:
Current Session: London-NY Overlap
Market Status: Open

SYMBOL PRICES:
EURUSD:
  Bid: 1.16925
  Ask: 1.16939
  Spread: 0.000140000000000029
  Last Update: 17:45:12
AUDUSD:
  Bid: 0.64944
  Ask: 0.6496
  Spread: 0.00015999999999993797
  Last Update: 17:45:12
GBPUSD:
  Bid: 1.35133
  Ask: 1.35149
  Spread: 0.00016000000000016001
  Last Update: 17:45:12
USDJPY:
  Bid: 147.325
  Ask: 147.341
  Spread: 0.016000000000019554
  Last Update: 17:45:07
XAUUSD:
  Bid: 3369.62
  Ask: 3369.86
  Spread: 0.24000000000023647
  Last Update: 17:45:13

ACCOUNT INFORMATION:
Balance: $7.63
Equity: $7.63
Profit: $0.00
Margin Level: 0.0%

OPEN POSITIONS:
No open positions

==================================================

==================================================
SYSTEM STATE UPDATE - 2025-08-25 14:45:15
==================================================

MARKET INFORMATION:
Current Session: London-NY Overlap
Market Status: Open

SYMBOL PRICES:
EURUSD:
  Bid: 1.16927
  Ask: 1.1694
  Spread: 0.00012999999999996348
  Last Update: 17:45:15
AUDUSD:
  Bid: 0.64944
  Ask: 0.6496
  Spread: 0.00015999999999993797
  Last Update: 17:45:12
GBPUSD:
  Bid: 1.35133
  Ask: 1.35149
  Spread: 0.00016000000000016001
  Last Update: 17:45:12
USDJPY:
  Bid: 147.325
  Ask: 147.34
  Spread: 0.01500000000001478
  Last Update: 17:45:14
XAUUSD:
  Bid: 3369.66
  Ask: 3369.91
  Spread: 0.25
  Last Update: 17:45:14

ACCOUNT INFORMATION:
Balance: $7.63
Equity: $7.63
Profit: $0.00
Margin Level: 0.0%

OPEN POSITIONS:
No open positions

==================================================

==================================================
SYSTEM STATE UPDATE - 2025-08-25 14:45:17
==================================================

MARKET INFORMATION:
Current Session: London-NY Overlap
Market Status: Open

SYMBOL PRICES:
EURUSD:
  Bid: 1.16926
  Ask: 1.1694
  Spread: 0.000140000000000029
  Last Update: 17:45:16
AUDUSD:
  Bid: 0.64944
  Ask: 0.6496
  Spread: 0.00015999999999993797
  Last Update: 17:45:12
GBPUSD:
  Bid: 1.35133
  Ask: 1.35149
  Spread: 0.00016000000000016001
  Last Update: 17:45:12
USDJPY:
  Bid: 147.326
  Ask: 147.34
  Spread: 0.014000000000010004
  Last Update: 17:45:16
XAUUSD:
  Bid: 3369.72
  Ask: 3369.97
  Spread: 0.25
  Last Update: 17:45:16

ACCOUNT INFORMATION:
Balance: $7.63
Equity: $7.63
Profit: $0.00
Margin Level: 0.0%

OPEN POSITIONS:
No open positions

==================================================
