2025-07-03 13:43:29,153 - ForexBot - INFO - === New Trading Session Started ===
2025-07-03 13:43:29,158 - ForexBot - INFO - Session ID: 20250703_134329
2025-07-03 13:43:29,158 - ForexBot - INFO - Log File: trading_logs/trading_session_20250703_134329.log
2025-07-03 13:43:29,183 - ForexBot - INFO - Configuration manager initialized
2025-07-03 13:43:29,219 - ForexBot - INFO - FTMO rule manager initialized
2025-07-03 13:43:29,219 - ForexBot - INFO - Status manager initialized
2025-07-03 13:43:31,477 - ForexBot - INFO - MT5 trader initialized and connected
2025-07-03 13:43:31,494 - ForexBot - INFO - Position manager initialized
2025-07-03 13:43:31,494 - ForexBot - INFO - Signal manager initialized
2025-07-03 13:43:31,494 - ForexBot - INFO - Trading logic initialized
2025-07-03 13:43:31,494 - ForexBot - INFO - Menu manager initialized with all dependencies
2025-07-03 13:43:31,494 - ForexBot - INFO - System auditor initialized
2025-07-03 13:43:31,494 - ForexBot - INFO - ForexBot initialization completed successfully
2025-07-03 13:43:31,510 - ForexBot - INFO - Starting bot startup sequence...
2025-07-03 13:43:31,511 - ForexBot - INFO - Running system audit...
2025-07-03 13:43:40,543 - ForexBot - WARNING - Warning: Phase 1 audit completed
2025-07-03 13:43:40,543 - ForexBot - INFO - Audit OK: MarketWatcher
2025-07-03 13:43:40,543 - ForexBot - INFO - Audit OK: PositionManager
2025-07-03 13:43:40,543 - ForexBot - INFO - Audit OK: SignalManager
2025-07-03 13:43:40,543 - ForexBot - INFO - Audit OK: ConfigManager
2025-07-03 13:43:40,543 - ForexBot - INFO - Audit OK: MenuManager
2025-07-03 13:43:40,577 - ForexBot - INFO - FTMO monitoring initialized successfully
2025-07-03 13:43:40,577 - ForexBot - WARNING - Startup warnings found
2025-07-03 13:43:42,472 - ForexBot - INFO - User chose to continue despite warnings
2025-07-03 13:43:42,477 - ForexBot - INFO - Startup sequence completed successfully
2025-07-03 13:43:43,296 - ForexBot - ERROR - Failed to execute trade: Trade failed. Error code: 10019 - Invalid trade order filling type
2025-07-03 13:43:43,463 - ForexBot - ERROR - Failed to execute trade: Trade failed. Error code: 10019 - Invalid trade order filling type
2025-07-03 13:43:43,527 - ForexBot - ERROR - Failed to execute trade: Trade failed. Error code: 10019 - Invalid trade order filling type
2025-07-03 13:43:43,697 - ForexBot - ERROR - Failed to execute trade: Trade failed. Error code: 10019 - Invalid trade order filling type
2025-07-03 13:43:45,491 - ForexBot - ERROR - Failed to execute trade: Trade failed. Error code: 10019 - Invalid trade order filling type
2025-07-03 13:43:45,531 - ForexBot - ERROR - Failed to execute trade: Trade failed. Error code: 10019 - Invalid trade order filling type
2025-07-03 13:43:45,562 - ForexBot - ERROR - Failed to execute trade: Trade failed. Error code: 10019 - Invalid trade order filling type
2025-07-03 13:43:45,579 - ForexBot - ERROR - Failed to execute trade: Trade failed. Error code: 10019 - Invalid trade order filling type
2025-07-03 13:43:47,286 - ForexBot - ERROR - Failed to execute trade: Trade failed. Error code: 10019 - Invalid trade order filling type
2025-07-03 13:43:47,330 - ForexBot - ERROR - Failed to execute trade: Trade failed. Error code: 10019 - Invalid trade order filling type
2025-07-03 13:43:47,359 - ForexBot - ERROR - Failed to execute trade: Trade failed. Error code: 10019 - Invalid trade order filling type
2025-07-03 13:43:47,416 - ForexBot - ERROR - Failed to execute trade: Trade failed. Error code: 10019 - Invalid trade order filling type
2025-07-03 13:43:49,042 - ForexBot - ERROR - Failed to execute trade: Trade failed. Error code: 10019 - Invalid trade order filling type
2025-07-03 13:43:49,102 - ForexBot - ERROR - Failed to execute trade: Trade failed. Error code: 10019 - Invalid trade order filling type
2025-07-03 13:43:49,137 - ForexBot - ERROR - Failed to execute trade: Trade failed. Error code: 10019 - Invalid trade order filling type
2025-07-03 13:43:49,175 - ForexBot - ERROR - Failed to execute trade: Trade failed. Error code: 10019 - Invalid trade order filling type
2025-07-03 13:43:51,125 - ForexBot - ERROR - Failed to execute trade: Trade failed. Error code: 10019 - Invalid trade order filling type
2025-07-03 13:43:51,160 - ForexBot - ERROR - Failed to execute trade: Trade failed. Error code: 10019 - Invalid trade order filling type
2025-07-03 13:43:51,194 - ForexBot - ERROR - Failed to execute trade: Trade failed. Error code: 10019 - Invalid trade order filling type
2025-07-03 13:43:51,247 - ForexBot - ERROR - Failed to execute trade: Trade failed. Error code: 10019 - Invalid trade order filling type
2025-07-03 13:43:52,991 - ForexBot - ERROR - Failed to execute trade: Trade failed. Error code: 10019 - Invalid trade order filling type
2025-07-03 13:43:53,041 - ForexBot - ERROR - Failed to execute trade: Trade failed. Error code: 10019 - Invalid trade order filling type
2025-07-03 13:43:53,075 - ForexBot - ERROR - Failed to execute trade: Trade failed. Error code: 10019 - Invalid trade order filling type
2025-07-03 13:43:53,118 - ForexBot - ERROR - Failed to execute trade: Trade failed. Error code: 10019 - Invalid trade order filling type
2025-07-03 13:43:54,724 - ForexBot - ERROR - Failed to execute trade: Trade failed. Error code: 10019 - Invalid trade order filling type
2025-07-03 13:43:54,775 - ForexBot - ERROR - Failed to execute trade: Trade failed. Error code: 10019 - Invalid trade order filling type
2025-07-03 13:43:54,792 - ForexBot - ERROR - Failed to execute trade: Trade failed. Error code: 10019 - Invalid trade order filling type
2025-07-03 13:43:54,824 - ForexBot - ERROR - Failed to execute trade: Trade failed. Error code: 10019 - Invalid trade order filling type
2025-07-03 13:43:56,676 - ForexBot - ERROR - Failed to execute trade: Trade failed. Error code: 10019 - Invalid trade order filling type
2025-07-03 13:43:56,709 - ForexBot - ERROR - Failed to execute trade: Trade failed. Error code: 10019 - Invalid trade order filling type
2025-07-03 13:43:56,758 - ForexBot - ERROR - Failed to execute trade: Trade failed. Error code: 10019 - Invalid trade order filling type
2025-07-03 13:43:56,791 - ForexBot - ERROR - Failed to execute trade: Trade failed. Error code: 10019 - Invalid trade order filling type
2025-07-03 13:43:58,488 - ForexBot - ERROR - Failed to execute trade: Trade failed. Error code: 10019 - Invalid trade order filling type
2025-07-03 13:43:58,524 - ForexBot - ERROR - Failed to execute trade: Trade failed. Error code: 10019 - Invalid trade order filling type
2025-07-03 13:43:58,557 - ForexBot - ERROR - Failed to execute trade: Trade failed. Error code: 10019 - Invalid trade order filling type
2025-07-03 13:43:58,575 - ForexBot - ERROR - Failed to execute trade: Trade failed. Error code: 10019 - Invalid trade order filling type
2025-07-03 13:44:00,240 - ForexBot - ERROR - Failed to execute trade: Trade failed. Error code: 10019 - Invalid trade order filling type
2025-07-03 13:44:00,296 - ForexBot - ERROR - Failed to execute trade: Trade failed. Error code: 10019 - Invalid trade order filling type
2025-07-03 13:44:00,324 - ForexBot - ERROR - Failed to execute trade: Trade failed. Error code: 10019 - Invalid trade order filling type
2025-07-03 13:44:00,344 - ForexBot - ERROR - Failed to execute trade: Trade failed. Error code: 10019 - Invalid trade order filling type
2025-07-03 13:44:02,241 - ForexBot - ERROR - Failed to execute trade: Trade failed. Error code: 10019 - Invalid trade order filling type
2025-07-03 13:44:02,291 - ForexBot - ERROR - Failed to execute trade: Trade failed. Error code: 10019 - Invalid trade order filling type
2025-07-03 13:44:02,340 - ForexBot - ERROR - Failed to execute trade: Trade failed. Error code: 10019 - Invalid trade order filling type
2025-07-03 13:44:02,380 - ForexBot - ERROR - Failed to execute trade: Trade failed. Error code: 10019 - Invalid trade order filling type
2025-07-03 13:44:04,006 - ForexBot - ERROR - Failed to execute trade: Trade failed. Error code: 10019 - Invalid trade order filling type
2025-07-03 13:44:04,052 - ForexBot - ERROR - Failed to execute trade: Trade failed. Error code: 10019 - Invalid trade order filling type
2025-07-03 13:44:04,078 - ForexBot - ERROR - Failed to execute trade: Trade failed. Error code: 10019 - Invalid trade order filling type
2025-07-03 13:44:04,107 - ForexBot - ERROR - Failed to execute trade: Trade failed. Error code: 10019 - Invalid trade order filling type
2025-07-03 13:44:05,740 - ForexBot - ERROR - Failed to execute trade: Trade failed. Error code: 10019 - Invalid trade order filling type
2025-07-03 13:44:05,790 - ForexBot - ERROR - Failed to execute trade: Trade failed. Error code: 10019 - Invalid trade order filling type
2025-07-03 13:44:05,823 - ForexBot - ERROR - Failed to execute trade: Trade failed. Error code: 10019 - Invalid trade order filling type
2025-07-03 13:44:05,871 - ForexBot - ERROR - Failed to execute trade: Trade failed. Error code: 10019 - Invalid trade order filling type
