2025-06-03 12:26:58,744 - ForexBot - INFO - === New Trading Session Started ===
2025-06-03 12:26:58,744 - ForexBot - INFO - Session ID: 20250603_122658
2025-06-03 12:26:58,744 - ForexBot - INFO - Log File: trading_logs/trading_session_20250603_122658.log
2025-06-03 12:26:58,751 - ForexBot - INFO - Configuration manager initialized
2025-06-03 12:26:58,766 - ForexBot - INFO - FTMO rule manager initialized
2025-06-03 12:26:58,766 - ForexBot - INFO - Status manager initialized
2025-06-03 12:27:01,063 - ForexBot - INFO - MT5 trader initialized and connected
2025-06-03 12:27:01,063 - ForexBot - INFO - Position manager initialized
2025-06-03 12:27:01,063 - ForexBot - INFO - Signal manager initialized
2025-06-03 12:27:01,071 - ForexBot - INFO - Trading logic initialized
2025-06-03 12:27:01,073 - ForexBot - INFO - Menu manager initialized with all dependencies
2025-06-03 12:27:01,073 - ForexBot - INFO - System auditor initialized
2025-06-03 12:27:01,073 - ForexBot - INFO - ForexBot initialization completed successfully
2025-06-03 12:27:01,073 - ForexBot - INFO - Starting bot startup sequence...
2025-06-03 12:27:01,073 - ForexBot - INFO - Running system audit...
2025-06-03 12:27:09,247 - ForexBot - WARNING - Warning: Phase 1 audit completed
2025-06-03 12:27:09,247 - ForexBot - INFO - Audit OK: MarketWatcher
2025-06-03 12:27:09,247 - ForexBot - INFO - Audit OK: PositionManager
2025-06-03 12:27:09,247 - ForexBot - INFO - Audit OK: SignalManager
2025-06-03 12:27:09,247 - ForexBot - INFO - Audit OK: ConfigManager
2025-06-03 12:27:09,247 - ForexBot - INFO - Audit OK: MenuManager
2025-06-03 12:27:09,283 - ForexBot - INFO - FTMO monitoring initialized successfully
2025-06-03 12:27:09,283 - ForexBot - WARNING - Startup warnings found
2025-06-03 12:27:14,365 - ForexBot - INFO - User chose to continue despite warnings
2025-06-03 12:27:14,380 - ForexBot - INFO - Startup sequence completed successfully
2025-06-03 12:27:14,636 - ForexBot - ERROR - Failed to execute trade: Trade failed. Error code: 10019 - Invalid trade order filling type
2025-06-03 12:27:14,752 - ForexBot - ERROR - Failed to execute trade: Trade failed. Error code: 10016 - Market closed or invalid trade parameters
2025-06-03 12:27:14,868 - ForexBot - ERROR - Failed to execute trade: Trade failed. Error code: 10019 - Invalid trade order filling type
2025-06-03 12:27:16,183 - ForexBot - ERROR - Failed to execute trade: Trade failed. Error code: 10019 - Invalid trade order filling type
2025-06-03 12:27:16,225 - ForexBot - ERROR - Failed to execute trade: Trade failed. Error code: 10016 - Market closed or invalid trade parameters
2025-06-03 12:27:16,246 - ForexBot - ERROR - Failed to execute trade: Trade failed. Error code: 10019 - Invalid trade order filling type
2025-06-03 12:27:17,564 - ForexBot - ERROR - Failed to execute trade: Trade failed. Error code: 10019 - Invalid trade order filling type
2025-06-03 12:27:17,581 - ForexBot - ERROR - Failed to execute trade: Trade failed. Error code: 10016 - Market closed or invalid trade parameters
2025-06-03 12:27:17,614 - ForexBot - ERROR - Failed to execute trade: Trade failed. Error code: 10019 - Invalid trade order filling type
2025-06-03 12:27:18,877 - ForexBot - ERROR - Failed to execute trade: Trade failed. Error code: 10019 - Invalid trade order filling type
2025-06-03 12:27:18,892 - ForexBot - ERROR - Failed to execute trade: Trade failed. Error code: 10016 - Market closed or invalid trade parameters
2025-06-03 12:27:18,914 - ForexBot - ERROR - Failed to execute trade: Trade failed. Error code: 10019 - Invalid trade order filling type
2025-06-03 12:27:20,179 - ForexBot - ERROR - Failed to execute trade: Trade failed. Error code: 10019 - Invalid trade order filling type
2025-06-03 12:27:20,210 - ForexBot - ERROR - Failed to execute trade: Trade failed. Error code: 10016 - Market closed or invalid trade parameters
2025-06-03 12:27:20,233 - ForexBot - ERROR - Failed to execute trade: Trade failed. Error code: 10019 - Invalid trade order filling type
2025-06-03 12:27:21,654 - ForexBot - ERROR - Failed to execute trade: Trade failed. Error code: 10019 - Invalid trade order filling type
2025-06-03 12:27:21,685 - ForexBot - ERROR - Failed to execute trade: Trade failed. Error code: 10016 - Market closed or invalid trade parameters
2025-06-03 12:27:21,700 - ForexBot - ERROR - Failed to execute trade: Trade failed. Error code: 10019 - Invalid trade order filling type
2025-06-03 12:27:22,957 - ForexBot - ERROR - Failed to execute trade: Trade failed. Error code: 10019 - Invalid trade order filling type
2025-06-03 12:27:22,973 - ForexBot - ERROR - Failed to execute trade: Trade failed. Error code: 10016 - Market closed or invalid trade parameters
2025-06-03 12:27:23,004 - ForexBot - ERROR - Failed to execute trade: Trade failed. Error code: 10019 - Invalid trade order filling type
2025-06-03 12:27:24,261 - ForexBot - ERROR - Failed to execute trade: Trade failed. Error code: 10019 - Invalid trade order filling type
2025-06-03 12:27:24,277 - ForexBot - ERROR - Failed to execute trade: Trade failed. Error code: 10016 - Market closed or invalid trade parameters
2025-06-03 12:27:24,292 - ForexBot - ERROR - Failed to execute trade: Trade failed. Error code: 10019 - Invalid trade order filling type
2025-06-03 12:27:25,579 - ForexBot - ERROR - Failed to execute trade: Trade failed. Error code: 10019 - Invalid trade order filling type
2025-06-03 12:27:25,595 - ForexBot - ERROR - Failed to execute trade: Trade failed. Error code: 10016 - Market closed or invalid trade parameters
2025-06-03 12:27:25,626 - ForexBot - ERROR - Failed to execute trade: Trade failed. Error code: 10019 - Invalid trade order filling type
2025-06-03 12:27:27,037 - ForexBot - ERROR - Failed to execute trade: Trade failed. Error code: 10019 - Invalid trade order filling type
2025-06-03 12:27:27,068 - ForexBot - ERROR - Failed to execute trade: Trade failed. Error code: 10016 - Market closed or invalid trade parameters
2025-06-03 12:27:27,099 - ForexBot - ERROR - Failed to execute trade: Trade failed. Error code: 10019 - Invalid trade order filling type
2025-06-03 12:27:28,358 - ForexBot - ERROR - Failed to execute trade: Trade failed. Error code: 10019 - Invalid trade order filling type
2025-06-03 12:27:28,389 - ForexBot - ERROR - Failed to execute trade: Trade failed. Error code: 10016 - Market closed or invalid trade parameters
2025-06-03 12:27:28,405 - ForexBot - ERROR - Failed to execute trade: Trade failed. Error code: 10019 - Invalid trade order filling type
2025-06-03 12:27:29,677 - ForexBot - ERROR - Failed to execute trade: Trade failed. Error code: 10019 - Invalid trade order filling type
2025-06-03 12:27:29,693 - ForexBot - ERROR - Failed to execute trade: Trade failed. Error code: 10016 - Market closed or invalid trade parameters
2025-06-03 12:27:29,708 - ForexBot - ERROR - Failed to execute trade: Trade failed. Error code: 10019 - Invalid trade order filling type
2025-06-03 12:27:30,982 - ForexBot - ERROR - Failed to execute trade: Trade failed. Error code: 10019 - Invalid trade order filling type
2025-06-03 12:27:30,997 - ForexBot - ERROR - Failed to execute trade: Trade failed. Error code: 10016 - Market closed or invalid trade parameters
2025-06-03 12:27:31,028 - ForexBot - ERROR - Failed to execute trade: Trade failed. Error code: 10019 - Invalid trade order filling type
2025-06-03 12:27:32,402 - ForexBot - ERROR - Failed to execute trade: Trade failed. Error code: 10019 - Invalid trade order filling type
2025-06-03 12:27:32,433 - ForexBot - ERROR - Failed to execute trade: Trade failed. Error code: 10016 - Market closed or invalid trade parameters
2025-06-03 12:27:32,456 - ForexBot - ERROR - Failed to execute trade: Trade failed. Error code: 10019 - Invalid trade order filling type
2025-06-03 12:27:33,708 - ForexBot - ERROR - Failed to execute trade: Trade failed. Error code: 10019 - Invalid trade order filling type
2025-06-03 12:27:33,723 - ForexBot - ERROR - Failed to execute trade: Trade failed. Error code: 10016 - Market closed or invalid trade parameters
2025-06-03 12:27:33,754 - ForexBot - ERROR - Failed to execute trade: Trade failed. Error code: 10019 - Invalid trade order filling type
2025-06-03 12:27:35,032 - ForexBot - ERROR - Failed to execute trade: Trade failed. Error code: 10019 - Invalid trade order filling type
2025-06-03 12:27:35,048 - ForexBot - ERROR - Failed to execute trade: Trade failed. Error code: 10016 - Market closed or invalid trade parameters
2025-06-03 12:27:35,079 - ForexBot - ERROR - Failed to execute trade: Trade failed. Error code: 10019 - Invalid trade order filling type
2025-06-03 12:27:36,337 - ForexBot - ERROR - Failed to execute trade: Trade failed. Error code: 10019 - Invalid trade order filling type
2025-06-03 12:27:36,368 - ForexBot - ERROR - Failed to execute trade: Trade failed. Error code: 10016 - Market closed or invalid trade parameters
2025-06-03 12:27:36,383 - ForexBot - ERROR - Failed to execute trade: Trade failed. Error code: 10019 - Invalid trade order filling type
2025-06-03 12:27:37,779 - ForexBot - ERROR - Failed to execute trade: Trade failed. Error code: 10019 - Invalid trade order filling type
2025-06-03 12:27:37,794 - ForexBot - ERROR - Failed to execute trade: Trade failed. Error code: 10016 - Market closed or invalid trade parameters
2025-06-03 12:27:37,816 - ForexBot - ERROR - Failed to execute trade: Trade failed. Error code: 10019 - Invalid trade order filling type
2025-06-03 12:27:39,068 - ForexBot - ERROR - Failed to execute trade: Trade failed. Error code: 10019 - Invalid trade order filling type
2025-06-03 12:27:39,099 - ForexBot - ERROR - Failed to execute trade: Trade failed. Error code: 10016 - Market closed or invalid trade parameters
2025-06-03 12:27:39,115 - ForexBot - ERROR - Failed to execute trade: Trade failed. Error code: 10019 - Invalid trade order filling type
2025-06-03 12:27:40,388 - ForexBot - ERROR - Failed to execute trade: Trade failed. Error code: 10019 - Invalid trade order filling type
2025-06-03 12:27:40,426 - ForexBot - ERROR - Failed to execute trade: Trade failed. Error code: 10016 - Market closed or invalid trade parameters
2025-06-03 12:27:40,441 - ForexBot - ERROR - Failed to execute trade: Trade failed. Error code: 10019 - Invalid trade order filling type
2025-06-03 12:27:41,706 - ForexBot - ERROR - Failed to execute trade: Trade failed. Error code: 10019 - Invalid trade order filling type
2025-06-03 12:27:41,728 - ForexBot - ERROR - Failed to execute trade: Trade failed. Error code: 10016 - Market closed or invalid trade parameters
2025-06-03 12:27:41,744 - ForexBot - ERROR - Failed to execute trade: Trade failed. Error code: 10019 - Invalid trade order filling type
2025-06-03 12:27:43,149 - ForexBot - ERROR - Failed to execute trade: Trade failed. Error code: 10019 - Invalid trade order filling type
2025-06-03 12:27:43,165 - ForexBot - ERROR - Failed to execute trade: Trade failed. Error code: 10016 - Market closed or invalid trade parameters
2025-06-03 12:27:43,180 - ForexBot - ERROR - Failed to execute trade: Trade failed. Error code: 10019 - Invalid trade order filling type
2025-06-03 12:27:44,469 - ForexBot - ERROR - Failed to execute trade: Trade failed. Error code: 10019 - Invalid trade order filling type
2025-06-03 12:27:44,484 - ForexBot - ERROR - Failed to execute trade: Trade failed. Error code: 10016 - Market closed or invalid trade parameters
2025-06-03 12:27:44,515 - ForexBot - ERROR - Failed to execute trade: Trade failed. Error code: 10019 - Invalid trade order filling type
2025-06-03 12:27:45,758 - ForexBot - ERROR - Failed to execute trade: Trade failed. Error code: 10019 - Invalid trade order filling type
2025-06-03 12:27:45,789 - ForexBot - ERROR - Failed to execute trade: Trade failed. Error code: 10016 - Market closed or invalid trade parameters
2025-06-03 12:27:45,805 - ForexBot - ERROR - Failed to execute trade: Trade failed. Error code: 10019 - Invalid trade order filling type
2025-06-03 12:27:47,082 - ForexBot - ERROR - Failed to execute trade: Trade failed. Error code: 10019 - Invalid trade order filling type
2025-06-03 12:27:47,113 - ForexBot - ERROR - Failed to execute trade: Trade failed. Error code: 10016 - Market closed or invalid trade parameters
2025-06-03 12:27:47,129 - ForexBot - ERROR - Failed to execute trade: Trade failed. Error code: 10019 - Invalid trade order filling type
2025-06-03 12:27:48,501 - ForexBot - ERROR - Failed to execute trade: Trade failed. Error code: 10019 - Invalid trade order filling type
2025-06-03 12:27:48,517 - ForexBot - ERROR - Failed to execute trade: Trade failed. Error code: 10016 - Market closed or invalid trade parameters
2025-06-03 12:27:48,532 - ForexBot - ERROR - Failed to execute trade: Trade failed. Error code: 10019 - Invalid trade order filling type
2025-06-03 12:27:49,774 - ForexBot - ERROR - Failed to execute trade: Trade failed. Error code: 10019 - Invalid trade order filling type
2025-06-03 12:27:49,805 - ForexBot - ERROR - Failed to execute trade: Trade failed. Error code: 10016 - Market closed or invalid trade parameters
2025-06-03 12:27:49,821 - ForexBot - ERROR - Failed to execute trade: Trade failed. Error code: 10019 - Invalid trade order filling type
2025-06-03 12:27:51,092 - ForexBot - ERROR - Failed to execute trade: Trade failed. Error code: 10019 - Invalid trade order filling type
2025-06-03 12:27:51,107 - ForexBot - ERROR - Failed to execute trade: Trade failed. Error code: 10016 - Market closed or invalid trade parameters
2025-06-03 12:27:51,123 - ForexBot - ERROR - Failed to execute trade: Trade failed. Error code: 10019 - Invalid trade order filling type
2025-06-03 12:27:52,358 - ForexBot - ERROR - Failed to execute trade: Trade failed. Error code: 10019 - Invalid trade order filling type
2025-06-03 12:27:52,380 - ForexBot - ERROR - Failed to execute trade: Trade failed. Error code: 10016 - Market closed or invalid trade parameters
2025-06-03 12:27:52,411 - ForexBot - ERROR - Failed to execute trade: Trade failed. Error code: 10019 - Invalid trade order filling type
2025-06-03 12:27:53,784 - ForexBot - ERROR - Failed to execute trade: Trade failed. Error code: 10019 - Invalid trade order filling type
2025-06-03 12:27:53,800 - ForexBot - ERROR - Failed to execute trade: Trade failed. Error code: 10016 - Market closed or invalid trade parameters
2025-06-03 12:27:53,831 - ForexBot - ERROR - Failed to execute trade: Trade failed. Error code: 10019 - Invalid trade order filling type
2025-06-03 12:27:55,089 - ForexBot - ERROR - Failed to execute trade: Trade failed. Error code: 10019 - Invalid trade order filling type
2025-06-03 12:27:55,104 - ForexBot - ERROR - Failed to execute trade: Trade failed. Error code: 10016 - Market closed or invalid trade parameters
2025-06-03 12:27:55,120 - ForexBot - ERROR - Failed to execute trade: Trade failed. Error code: 10019 - Invalid trade order filling type
2025-06-03 12:27:56,393 - ForexBot - ERROR - Failed to execute trade: Trade failed. Error code: 10019 - Invalid trade order filling type
2025-06-03 12:27:56,408 - ForexBot - ERROR - Failed to execute trade: Trade failed. Error code: 10016 - Market closed or invalid trade parameters
2025-06-03 12:27:56,440 - ForexBot - ERROR - Failed to execute trade: Trade failed. Error code: 10019 - Invalid trade order filling type
2025-06-03 12:27:57,690 - ForexBot - ERROR - Failed to execute trade: Trade failed. Error code: 10019 - Invalid trade order filling type
2025-06-03 12:27:57,712 - ForexBot - ERROR - Failed to execute trade: Trade failed. Error code: 10016 - Market closed or invalid trade parameters
2025-06-03 12:27:57,728 - ForexBot - ERROR - Failed to execute trade: Trade failed. Error code: 10019 - Invalid trade order filling type
2025-06-03 12:27:59,131 - ForexBot - ERROR - Failed to execute trade: Trade failed. Error code: 10019 - Invalid trade order filling type
2025-06-03 12:27:59,147 - ForexBot - ERROR - Failed to execute trade: Trade failed. Error code: 10016 - Market closed or invalid trade parameters
2025-06-03 12:27:59,163 - ForexBot - ERROR - Failed to execute trade: Trade failed. Error code: 10019 - Invalid trade order filling type
2025-06-03 12:28:00,421 - ForexBot - ERROR - Failed to execute trade: Trade failed. Error code: 10019 - Invalid trade order filling type
2025-06-03 12:28:00,436 - ForexBot - ERROR - Failed to execute trade: Trade failed. Error code: 10016 - Market closed or invalid trade parameters
2025-06-03 12:28:00,467 - ForexBot - ERROR - Failed to execute trade: Trade failed. Error code: 10019 - Invalid trade order filling type
2025-06-03 12:28:01,724 - ForexBot - ERROR - Failed to execute trade: Trade failed. Error code: 10019 - Invalid trade order filling type
2025-06-03 12:28:01,755 - ForexBot - ERROR - Failed to execute trade: Trade failed. Error code: 10016 - Market closed or invalid trade parameters
2025-06-03 12:28:01,771 - ForexBot - ERROR - Failed to execute trade: Trade failed. Error code: 10019 - Invalid trade order filling type
2025-06-03 12:28:03,012 - ForexBot - ERROR - Failed to execute trade: Trade failed. Error code: 10019 - Invalid trade order filling type
2025-06-03 12:28:03,043 - ForexBot - ERROR - Failed to execute trade: Trade failed. Error code: 10016 - Market closed or invalid trade parameters
2025-06-03 12:28:03,074 - ForexBot - ERROR - Failed to execute trade: Trade failed. Error code: 10019 - Invalid trade order filling type
2025-06-03 12:28:04,495 - ForexBot - ERROR - Failed to execute trade: Trade failed. Error code: 10019 - Invalid trade order filling type
2025-06-03 12:28:04,517 - ForexBot - ERROR - Failed to execute trade: Trade failed. Error code: 10016 - Market closed or invalid trade parameters
2025-06-03 12:28:04,532 - ForexBot - ERROR - Failed to execute trade: Trade failed. Error code: 10019 - Invalid trade order filling type
2025-06-03 12:28:05,800 - ForexBot - ERROR - Failed to execute trade: Trade failed. Error code: 10019 - Invalid trade order filling type
2025-06-03 12:28:05,822 - ForexBot - ERROR - Failed to execute trade: Trade failed. Error code: 10016 - Market closed or invalid trade parameters
2025-06-03 12:28:05,838 - ForexBot - ERROR - Failed to execute trade: Trade failed. Error code: 10019 - Invalid trade order filling type
2025-06-03 12:28:07,088 - ForexBot - ERROR - Failed to execute trade: Trade failed. Error code: 10019 - Invalid trade order filling type
2025-06-03 12:28:07,119 - ForexBot - ERROR - Failed to execute trade: Trade failed. Error code: 10016 - Market closed or invalid trade parameters
2025-06-03 12:28:07,141 - ForexBot - ERROR - Failed to execute trade: Trade failed. Error code: 10019 - Invalid trade order filling type
2025-06-03 12:28:08,423 - ForexBot - ERROR - Failed to execute trade: Trade failed. Error code: 10019 - Invalid trade order filling type
2025-06-03 12:28:08,445 - ForexBot - ERROR - Failed to execute trade: Trade failed. Error code: 10016 - Market closed or invalid trade parameters
2025-06-03 12:28:08,460 - ForexBot - ERROR - Failed to execute trade: Trade failed. Error code: 10019 - Invalid trade order filling type
2025-06-03 12:28:09,827 - ForexBot - ERROR - Failed to execute trade: Trade failed. Error code: 10019 - Invalid trade order filling type
2025-06-03 12:28:09,849 - ForexBot - ERROR - Failed to execute trade: Trade failed. Error code: 10016 - Market closed or invalid trade parameters
2025-06-03 12:28:09,865 - ForexBot - ERROR - Failed to execute trade: Trade failed. Error code: 10019 - Invalid trade order filling type
2025-06-03 12:28:11,136 - ForexBot - ERROR - Failed to execute trade: Trade failed. Error code: 10019 - Invalid trade order filling type
2025-06-03 12:28:11,167 - ForexBot - ERROR - Failed to execute trade: Trade failed. Error code: 10016 - Market closed or invalid trade parameters
2025-06-03 12:28:11,183 - ForexBot - ERROR - Failed to execute trade: Trade failed. Error code: 10019 - Invalid trade order filling type
2025-06-03 12:28:12,456 - ForexBot - ERROR - Failed to execute trade: Trade failed. Error code: 10019 - Invalid trade order filling type
2025-06-03 12:28:12,488 - ForexBot - ERROR - Failed to execute trade: Trade failed. Error code: 10016 - Market closed or invalid trade parameters
2025-06-03 12:28:12,503 - ForexBot - ERROR - Failed to execute trade: Trade failed. Error code: 10019 - Invalid trade order filling type
2025-06-03 12:28:13,776 - ForexBot - ERROR - Failed to execute trade: Trade failed. Error code: 10019 - Invalid trade order filling type
2025-06-03 12:28:13,807 - ForexBot - ERROR - Failed to execute trade: Trade failed. Error code: 10016 - Market closed or invalid trade parameters
2025-06-03 12:28:13,822 - ForexBot - ERROR - Failed to execute trade: Trade failed. Error code: 10019 - Invalid trade order filling type
2025-06-03 12:28:15,272 - ForexBot - ERROR - Failed to execute trade: Trade failed. Error code: 10019 - Invalid trade order filling type
2025-06-03 12:28:15,325 - ForexBot - ERROR - Failed to execute trade: Trade failed. Error code: 10019 - Invalid trade order filling type
2025-06-03 12:28:15,387 - ForexBot - ERROR - Failed to execute trade: Trade failed. Error code: 10019 - Invalid trade order filling type
2025-06-03 12:28:16,666 - ForexBot - ERROR - Failed to execute trade: Trade failed. Error code: 10019 - Invalid trade order filling type
2025-06-03 12:28:16,685 - ForexBot - ERROR - Failed to execute trade: Trade failed. Error code: 10019 - Invalid trade order filling type
2025-06-03 12:28:16,700 - ForexBot - ERROR - Failed to execute trade: Trade failed. Error code: 10019 - Invalid trade order filling type
2025-06-03 12:28:17,967 - ForexBot - ERROR - Failed to execute trade: Trade failed. Error code: 10019 - Invalid trade order filling type
2025-06-03 12:28:17,989 - ForexBot - ERROR - Failed to execute trade: Trade failed. Error code: 10019 - Invalid trade order filling type
2025-06-03 12:28:18,005 - ForexBot - ERROR - Failed to execute trade: Trade failed. Error code: 10019 - Invalid trade order filling type
2025-06-03 12:28:19,255 - ForexBot - ERROR - Failed to execute trade: Trade failed. Error code: 10019 - Invalid trade order filling type
2025-06-03 12:28:19,286 - ForexBot - ERROR - Failed to execute trade: Trade failed. Error code: 10019 - Invalid trade order filling type
2025-06-03 12:28:19,308 - ForexBot - ERROR - Failed to execute trade: Trade failed. Error code: 10019 - Invalid trade order filling type
2025-06-03 12:28:20,691 - ForexBot - ERROR - Failed to execute trade: Trade failed. Error code: 10019 - Invalid trade order filling type
2025-06-03 12:28:20,713 - ForexBot - ERROR - Failed to execute trade: Trade failed. Error code: 10019 - Invalid trade order filling type
2025-06-03 12:28:20,728 - ForexBot - ERROR - Failed to execute trade: Trade failed. Error code: 10019 - Invalid trade order filling type
2025-06-03 12:28:22,017 - ForexBot - ERROR - Failed to execute trade: Trade failed. Error code: 10019 - Invalid trade order filling type
2025-06-03 12:28:22,048 - ForexBot - ERROR - Failed to execute trade: Trade failed. Error code: 10019 - Invalid trade order filling type
2025-06-03 12:28:22,064 - ForexBot - ERROR - Failed to execute trade: Trade failed. Error code: 10019 - Invalid trade order filling type
2025-06-03 12:28:23,318 - ForexBot - ERROR - Failed to execute trade: Trade failed. Error code: 10019 - Invalid trade order filling type
2025-06-03 12:28:23,349 - ForexBot - ERROR - Failed to execute trade: Trade failed. Error code: 10019 - Invalid trade order filling type
2025-06-03 12:28:23,380 - ForexBot - ERROR - Failed to execute trade: Trade failed. Error code: 10019 - Invalid trade order filling type
2025-06-03 12:28:24,653 - ForexBot - ERROR - Failed to execute trade: Trade failed. Error code: 10019 - Invalid trade order filling type
2025-06-03 12:28:24,669 - ForexBot - ERROR - Failed to execute trade: Trade failed. Error code: 10019 - Invalid trade order filling type
2025-06-03 12:28:24,684 - ForexBot - ERROR - Failed to execute trade: Trade failed. Error code: 10019 - Invalid trade order filling type
2025-06-03 12:28:26,057 - ForexBot - ERROR - Failed to execute trade: Trade failed. Error code: 10019 - Invalid trade order filling type
2025-06-03 12:28:26,088 - ForexBot - ERROR - Failed to execute trade: Trade failed. Error code: 10019 - Invalid trade order filling type
2025-06-03 12:28:26,126 - ForexBot - ERROR - Failed to execute trade: Trade failed. Error code: 10019 - Invalid trade order filling type
2025-06-03 12:28:27,378 - ForexBot - ERROR - Failed to execute trade: Trade failed. Error code: 10019 - Invalid trade order filling type
2025-06-03 12:28:27,393 - ForexBot - ERROR - Failed to execute trade: Trade failed. Error code: 10019 - Invalid trade order filling type
2025-06-03 12:28:27,409 - ForexBot - ERROR - Failed to execute trade: Trade failed. Error code: 10019 - Invalid trade order filling type
2025-06-03 12:28:28,666 - ForexBot - ERROR - Failed to execute trade: Trade failed. Error code: 10019 - Invalid trade order filling type
2025-06-03 12:28:28,682 - ForexBot - ERROR - Failed to execute trade: Trade failed. Error code: 10019 - Invalid trade order filling type
2025-06-03 12:28:28,713 - ForexBot - ERROR - Failed to execute trade: Trade failed. Error code: 10019 - Invalid trade order filling type
2025-06-03 12:28:29,970 - ForexBot - ERROR - Failed to execute trade: Trade failed. Error code: 10019 - Invalid trade order filling type
2025-06-03 12:28:30,001 - ForexBot - ERROR - Failed to execute trade: Trade failed. Error code: 10019 - Invalid trade order filling type
2025-06-03 12:28:30,017 - ForexBot - ERROR - Failed to execute trade: Trade failed. Error code: 10019 - Invalid trade order filling type
2025-06-03 12:28:31,421 - ForexBot - ERROR - Failed to execute trade: Trade failed. Error code: 10019 - Invalid trade order filling type
2025-06-03 12:28:31,443 - ForexBot - ERROR - Failed to execute trade: Trade failed. Error code: 10019 - Invalid trade order filling type
2025-06-03 12:28:31,458 - ForexBot - ERROR - Failed to execute trade: Trade failed. Error code: 10019 - Invalid trade order filling type
2025-06-03 12:28:32,724 - ForexBot - ERROR - Failed to execute trade: Trade failed. Error code: 10019 - Invalid trade order filling type
2025-06-03 12:28:32,746 - ForexBot - ERROR - Failed to execute trade: Trade failed. Error code: 10019 - Invalid trade order filling type
2025-06-03 12:28:32,762 - ForexBot - ERROR - Failed to execute trade: Trade failed. Error code: 10019 - Invalid trade order filling type
2025-06-03 12:28:34,029 - ForexBot - ERROR - Failed to execute trade: Trade failed. Error code: 10019 - Invalid trade order filling type
2025-06-03 12:28:34,051 - ForexBot - ERROR - Failed to execute trade: Trade failed. Error code: 10019 - Invalid trade order filling type
2025-06-03 12:28:34,066 - ForexBot - ERROR - Failed to execute trade: Trade failed. Error code: 10019 - Invalid trade order filling type
2025-06-03 12:28:35,317 - ForexBot - ERROR - Failed to execute trade: Trade failed. Error code: 10019 - Invalid trade order filling type
2025-06-03 12:28:35,332 - ForexBot - ERROR - Failed to execute trade: Trade failed. Error code: 10019 - Invalid trade order filling type
2025-06-03 12:28:35,354 - ForexBot - ERROR - Failed to execute trade: Trade failed. Error code: 10019 - Invalid trade order filling type
2025-06-03 12:28:36,752 - ForexBot - ERROR - Failed to execute trade: Trade failed. Error code: 10019 - Invalid trade order filling type
2025-06-03 12:28:36,774 - ForexBot - ERROR - Failed to execute trade: Trade failed. Error code: 10019 - Invalid trade order filling type
2025-06-03 12:28:36,805 - ForexBot - ERROR - Failed to execute trade: Trade failed. Error code: 10019 - Invalid trade order filling type
2025-06-03 12:28:38,062 - ForexBot - ERROR - Failed to execute trade: Trade failed. Error code: 10019 - Invalid trade order filling type
2025-06-03 12:28:38,078 - ForexBot - ERROR - Failed to execute trade: Trade failed. Error code: 10019 - Invalid trade order filling type
2025-06-03 12:28:38,109 - ForexBot - ERROR - Failed to execute trade: Trade failed. Error code: 10019 - Invalid trade order filling type
2025-06-03 12:28:39,367 - ForexBot - ERROR - Failed to execute trade: Trade failed. Error code: 10019 - Invalid trade order filling type
2025-06-03 12:28:39,383 - ForexBot - ERROR - Failed to execute trade: Trade failed. Error code: 10019 - Invalid trade order filling type
2025-06-03 12:28:39,398 - ForexBot - ERROR - Failed to execute trade: Trade failed. Error code: 10019 - Invalid trade order filling type
2025-06-03 12:28:40,647 - ForexBot - ERROR - Failed to execute trade: Trade failed. Error code: 10019 - Invalid trade order filling type
2025-06-03 12:28:40,670 - ForexBot - ERROR - Failed to execute trade: Trade failed. Error code: 10019 - Invalid trade order filling type
2025-06-03 12:28:40,701 - ForexBot - ERROR - Failed to execute trade: Trade failed. Error code: 10019 - Invalid trade order filling type
2025-06-03 12:28:42,073 - ForexBot - ERROR - Failed to execute trade: Trade failed. Error code: 10019 - Invalid trade order filling type
2025-06-03 12:28:42,089 - ForexBot - ERROR - Failed to execute trade: Trade failed. Error code: 10019 - Invalid trade order filling type
2025-06-03 12:28:42,120 - ForexBot - ERROR - Failed to execute trade: Trade failed. Error code: 10019 - Invalid trade order filling type
2025-06-03 12:28:43,378 - ForexBot - ERROR - Failed to execute trade: Trade failed. Error code: 10019 - Invalid trade order filling type
2025-06-03 12:28:43,409 - ForexBot - ERROR - Failed to execute trade: Trade failed. Error code: 10019 - Invalid trade order filling type
2025-06-03 12:28:43,425 - ForexBot - ERROR - Failed to execute trade: Trade failed. Error code: 10019 - Invalid trade order filling type
2025-06-03 12:28:44,683 - ForexBot - ERROR - Failed to execute trade: Trade failed. Error code: 10019 - Invalid trade order filling type
2025-06-03 12:28:44,698 - ForexBot - ERROR - Failed to execute trade: Trade failed. Error code: 10019 - Invalid trade order filling type
2025-06-03 12:28:44,730 - ForexBot - ERROR - Failed to execute trade: Trade failed. Error code: 10019 - Invalid trade order filling type
2025-06-03 12:28:45,980 - ForexBot - ERROR - Failed to execute trade: Trade failed. Error code: 10019 - Invalid trade order filling type
2025-06-03 12:28:46,003 - ForexBot - ERROR - Failed to execute trade: Trade failed. Error code: 10019 - Invalid trade order filling type
2025-06-03 12:28:46,018 - ForexBot - ERROR - Failed to execute trade: Trade failed. Error code: 10019 - Invalid trade order filling type
2025-06-03 12:28:47,391 - ForexBot - ERROR - Failed to execute trade: Trade failed. Error code: 10019 - Invalid trade order filling type
2025-06-03 12:28:47,407 - ForexBot - ERROR - Failed to execute trade: Trade failed. Error code: 10019 - Invalid trade order filling type
2025-06-03 12:28:47,422 - ForexBot - ERROR - Failed to execute trade: Trade failed. Error code: 10019 - Invalid trade order filling type
2025-06-03 12:28:48,726 - ForexBot - ERROR - Failed to execute trade: Trade failed. Error code: 10019 - Invalid trade order filling type
2025-06-03 12:28:48,757 - ForexBot - ERROR - Failed to execute trade: Trade failed. Error code: 10019 - Invalid trade order filling type
2025-06-03 12:28:48,773 - ForexBot - ERROR - Failed to execute trade: Trade failed. Error code: 10019 - Invalid trade order filling type
2025-06-03 12:28:50,030 - ForexBot - ERROR - Failed to execute trade: Trade failed. Error code: 10019 - Invalid trade order filling type
2025-06-03 12:28:50,046 - ForexBot - ERROR - Failed to execute trade: Trade failed. Error code: 10019 - Invalid trade order filling type
2025-06-03 12:28:50,099 - ForexBot - ERROR - Failed to execute trade: Trade failed. Error code: 10019 - Invalid trade order filling type
2025-06-03 12:28:51,381 - ForexBot - ERROR - Failed to execute trade: Trade failed. Error code: 10019 - Invalid trade order filling type
2025-06-03 12:28:51,403 - ForexBot - ERROR - Failed to execute trade: Trade failed. Error code: 10019 - Invalid trade order filling type
2025-06-03 12:28:51,419 - ForexBot - ERROR - Failed to execute trade: Trade failed. Error code: 10019 - Invalid trade order filling type
2025-06-03 12:28:52,803 - ForexBot - ERROR - Failed to execute trade: Trade failed. Error code: 10019 - Invalid trade order filling type
2025-06-03 12:28:52,810 - ForexBot - ERROR - Failed to execute trade: Trade failed. Error code: 10019 - Invalid trade order filling type
2025-06-03 12:28:52,841 - ForexBot - ERROR - Failed to execute trade: Trade failed. Error code: 10019 - Invalid trade order filling type
2025-06-03 12:28:54,129 - ForexBot - ERROR - Failed to execute trade: Trade failed. Error code: 10019 - Invalid trade order filling type
2025-06-03 12:28:54,145 - ForexBot - ERROR - Failed to execute trade: Trade failed. Error code: 10019 - Invalid trade order filling type
2025-06-03 12:28:54,176 - ForexBot - ERROR - Failed to execute trade: Trade failed. Error code: 10019 - Invalid trade order filling type
2025-06-03 12:28:55,434 - ForexBot - ERROR - Failed to execute trade: Trade failed. Error code: 10019 - Invalid trade order filling type
2025-06-03 12:28:55,449 - ForexBot - ERROR - Failed to execute trade: Trade failed. Error code: 10019 - Invalid trade order filling type
2025-06-03 12:28:55,480 - ForexBot - ERROR - Failed to execute trade: Trade failed. Error code: 10019 - Invalid trade order filling type
2025-06-03 12:28:56,737 - ForexBot - ERROR - Failed to execute trade: Trade failed. Error code: 10019 - Invalid trade order filling type
2025-06-03 12:28:56,752 - ForexBot - ERROR - Failed to execute trade: Trade failed. Error code: 10019 - Invalid trade order filling type
2025-06-03 12:28:56,784 - ForexBot - ERROR - Failed to execute trade: Trade failed. Error code: 10019 - Invalid trade order filling type
2025-06-03 12:28:58,140 - ForexBot - ERROR - Failed to execute trade: Trade failed. Error code: 10019 - Invalid trade order filling type
2025-06-03 12:28:58,155 - ForexBot - ERROR - Failed to execute trade: Trade failed. Error code: 10019 - Invalid trade order filling type
2025-06-03 12:28:58,187 - ForexBot - ERROR - Failed to execute trade: Trade failed. Error code: 10019 - Invalid trade order filling type
2025-06-03 12:28:59,429 - ForexBot - ERROR - Failed to execute trade: Trade failed. Error code: 10019 - Invalid trade order filling type
2025-06-03 12:28:59,444 - ForexBot - ERROR - Failed to execute trade: Trade failed. Error code: 10019 - Invalid trade order filling type
2025-06-03 12:28:59,476 - ForexBot - ERROR - Failed to execute trade: Trade failed. Error code: 10019 - Invalid trade order filling type
2025-06-03 12:29:00,733 - ForexBot - ERROR - Failed to execute trade: Trade failed. Error code: 10019 - Invalid trade order filling type
2025-06-03 12:29:00,764 - ForexBot - ERROR - Failed to execute trade: Trade failed. Error code: 10019 - Invalid trade order filling type
2025-06-03 12:29:00,780 - ForexBot - ERROR - Failed to execute trade: Trade failed. Error code: 10019 - Invalid trade order filling type
2025-06-03 12:29:02,052 - ForexBot - ERROR - Failed to execute trade: Trade failed. Error code: 10019 - Invalid trade order filling type
2025-06-03 12:29:02,067 - ForexBot - ERROR - Failed to execute trade: Trade failed. Error code: 10019 - Invalid trade order filling type
2025-06-03 12:29:02,083 - ForexBot - ERROR - Failed to execute trade: Trade failed. Error code: 10019 - Invalid trade order filling type
2025-06-03 12:29:03,518 - ForexBot - ERROR - Failed to execute trade: Trade failed. Error code: 10019 - Invalid trade order filling type
2025-06-03 12:29:03,534 - ForexBot - ERROR - Failed to execute trade: Trade failed. Error code: 10019 - Invalid trade order filling type
2025-06-03 12:29:03,549 - ForexBot - ERROR - Failed to execute trade: Trade failed. Error code: 10019 - Invalid trade order filling type
2025-06-03 12:29:04,838 - ForexBot - ERROR - Failed to execute trade: Trade failed. Error code: 10019 - Invalid trade order filling type
2025-06-03 12:29:04,853 - ForexBot - ERROR - Failed to execute trade: Trade failed. Error code: 10019 - Invalid trade order filling type
2025-06-03 12:29:04,876 - ForexBot - ERROR - Failed to execute trade: Trade failed. Error code: 10019 - Invalid trade order filling type
2025-06-03 12:29:06,128 - ForexBot - ERROR - Failed to execute trade: Trade failed. Error code: 10019 - Invalid trade order filling type
2025-06-03 12:29:06,143 - ForexBot - ERROR - Failed to execute trade: Trade failed. Error code: 10019 - Invalid trade order filling type
2025-06-03 12:29:06,175 - ForexBot - ERROR - Failed to execute trade: Trade failed. Error code: 10019 - Invalid trade order filling type
2025-06-03 12:29:07,478 - ForexBot - ERROR - Failed to execute trade: Trade failed. Error code: 10019 - Invalid trade order filling type
2025-06-03 12:29:07,500 - ForexBot - ERROR - Failed to execute trade: Trade failed. Error code: 10019 - Invalid trade order filling type
2025-06-03 12:29:07,516 - ForexBot - ERROR - Failed to execute trade: Trade failed. Error code: 10019 - Invalid trade order filling type
2025-06-03 12:29:08,943 - ForexBot - ERROR - Failed to execute trade: Trade failed. Error code: 10019 - Invalid trade order filling type
2025-06-03 12:29:08,959 - ForexBot - ERROR - Failed to execute trade: Trade failed. Error code: 10019 - Invalid trade order filling type
2025-06-03 12:29:08,981 - ForexBot - ERROR - Failed to execute trade: Trade failed. Error code: 10019 - Invalid trade order filling type
2025-06-03 12:29:10,231 - ForexBot - ERROR - Failed to execute trade: Trade failed. Error code: 10019 - Invalid trade order filling type
2025-06-03 12:29:10,247 - ForexBot - ERROR - Failed to execute trade: Trade failed. Error code: 10019 - Invalid trade order filling type
2025-06-03 12:29:10,278 - ForexBot - ERROR - Failed to execute trade: Trade failed. Error code: 10019 - Invalid trade order filling type
2025-06-03 12:29:11,520 - ForexBot - ERROR - Failed to execute trade: Trade failed. Error code: 10019 - Invalid trade order filling type
2025-06-03 12:29:11,536 - ForexBot - ERROR - Failed to execute trade: Trade failed. Error code: 10019 - Invalid trade order filling type
2025-06-03 12:29:11,567 - ForexBot - ERROR - Failed to execute trade: Trade failed. Error code: 10019 - Invalid trade order filling type
2025-06-03 12:29:12,874 - ForexBot - ERROR - Failed to execute trade: Trade failed. Error code: 10019 - Invalid trade order filling type
2025-06-03 12:29:12,906 - ForexBot - ERROR - Failed to execute trade: Trade failed. Error code: 10019 - Invalid trade order filling type
2025-06-03 12:29:12,928 - ForexBot - ERROR - Failed to execute trade: Trade failed. Error code: 10019 - Invalid trade order filling type
2025-06-03 12:29:14,332 - ForexBot - ERROR - Failed to execute trade: Trade failed. Error code: 10019 - Invalid trade order filling type
2025-06-03 12:29:14,348 - ForexBot - ERROR - Failed to execute trade: Trade failed. Error code: 10019 - Invalid trade order filling type
2025-06-03 12:29:14,379 - ForexBot - ERROR - Failed to execute trade: Trade failed. Error code: 10019 - Invalid trade order filling type
2025-06-03 12:29:15,683 - ForexBot - ERROR - Failed to execute trade: Trade failed. Error code: 10019 - Invalid trade order filling type
2025-06-03 12:29:15,736 - ForexBot - ERROR - Failed to execute trade: Trade failed. Error code: 10019 - Invalid trade order filling type
2025-06-03 12:29:15,783 - ForexBot - ERROR - Failed to execute trade: Trade failed. Error code: 10019 - Invalid trade order filling type
2025-06-03 12:29:17,056 - ForexBot - ERROR - Failed to execute trade: Trade failed. Error code: 10019 - Invalid trade order filling type
2025-06-03 12:29:17,087 - ForexBot - ERROR - Failed to execute trade: Trade failed. Error code: 10019 - Invalid trade order filling type
2025-06-03 12:29:17,103 - ForexBot - ERROR - Failed to execute trade: Trade failed. Error code: 10019 - Invalid trade order filling type
2025-06-03 12:29:18,360 - ForexBot - ERROR - Failed to execute trade: Trade failed. Error code: 10019 - Invalid trade order filling type
2025-06-03 12:29:18,376 - ForexBot - ERROR - Failed to execute trade: Trade failed. Error code: 10019 - Invalid trade order filling type
2025-06-03 12:29:18,391 - ForexBot - ERROR - Failed to execute trade: Trade failed. Error code: 10019 - Invalid trade order filling type
2025-06-03 12:29:19,795 - ForexBot - ERROR - Failed to execute trade: Trade failed. Error code: 10019 - Invalid trade order filling type
2025-06-03 12:29:19,811 - ForexBot - ERROR - Failed to execute trade: Trade failed. Error code: 10019 - Invalid trade order filling type
2025-06-03 12:29:19,826 - ForexBot - ERROR - Failed to execute trade: Trade failed. Error code: 10019 - Invalid trade order filling type
2025-06-03 12:29:21,083 - ForexBot - ERROR - Failed to execute trade: Trade failed. Error code: 10019 - Invalid trade order filling type
2025-06-03 12:29:21,098 - ForexBot - ERROR - Failed to execute trade: Trade failed. Error code: 10019 - Invalid trade order filling type
2025-06-03 12:29:21,130 - ForexBot - ERROR - Failed to execute trade: Trade failed. Error code: 10019 - Invalid trade order filling type
2025-06-03 12:29:22,389 - ForexBot - ERROR - Failed to execute trade: Trade failed. Error code: 10019 - Invalid trade order filling type
2025-06-03 12:29:22,420 - ForexBot - ERROR - Failed to execute trade: Trade failed. Error code: 10019 - Invalid trade order filling type
2025-06-03 12:29:22,435 - ForexBot - ERROR - Failed to execute trade: Trade failed. Error code: 10019 - Invalid trade order filling type
2025-06-03 12:29:23,774 - ForexBot - ERROR - Failed to execute trade: Trade failed. Error code: 10019 - Invalid trade order filling type
2025-06-03 12:29:23,794 - ForexBot - ERROR - Failed to execute trade: Trade failed. Error code: 10019 - Invalid trade order filling type
2025-06-03 12:29:23,825 - ForexBot - ERROR - Failed to execute trade: Trade failed. Error code: 10019 - Invalid trade order filling type
2025-06-03 12:29:25,268 - ForexBot - ERROR - Failed to execute trade: Trade failed. Error code: 10019 - Invalid trade order filling type
2025-06-03 12:29:25,290 - ForexBot - ERROR - Failed to execute trade: Trade failed. Error code: 10019 - Invalid trade order filling type
2025-06-03 12:29:25,306 - ForexBot - ERROR - Failed to execute trade: Trade failed. Error code: 10019 - Invalid trade order filling type
2025-06-03 12:29:26,555 - ForexBot - ERROR - Failed to execute trade: Trade failed. Error code: 10019 - Invalid trade order filling type
2025-06-03 12:29:26,571 - ForexBot - ERROR - Failed to execute trade: Trade failed. Error code: 10019 - Invalid trade order filling type
2025-06-03 12:29:26,593 - ForexBot - ERROR - Failed to execute trade: Trade failed. Error code: 10019 - Invalid trade order filling type
2025-06-03 12:29:27,844 - ForexBot - ERROR - Failed to execute trade: Trade failed. Error code: 10019 - Invalid trade order filling type
2025-06-03 12:29:27,875 - ForexBot - ERROR - Failed to execute trade: Trade failed. Error code: 10019 - Invalid trade order filling type
2025-06-03 12:29:27,891 - ForexBot - ERROR - Failed to execute trade: Trade failed. Error code: 10019 - Invalid trade order filling type
2025-06-03 12:29:29,148 - ForexBot - ERROR - Failed to execute trade: Trade failed. Error code: 10019 - Invalid trade order filling type
2025-06-03 12:29:29,163 - ForexBot - ERROR - Failed to execute trade: Trade failed. Error code: 10019 - Invalid trade order filling type
2025-06-03 12:29:29,195 - ForexBot - ERROR - Failed to execute trade: Trade failed. Error code: 10019 - Invalid trade order filling type
2025-06-03 12:29:30,567 - ForexBot - ERROR - Failed to execute trade: Trade failed. Error code: 10019 - Invalid trade order filling type
2025-06-03 12:29:30,582 - ForexBot - ERROR - Failed to execute trade: Trade failed. Error code: 10019 - Invalid trade order filling type
2025-06-03 12:29:30,605 - ForexBot - ERROR - Failed to execute trade: Trade failed. Error code: 10019 - Invalid trade order filling type
2025-06-03 12:29:31,871 - ForexBot - ERROR - Failed to execute trade: Trade failed. Error code: 10019 - Invalid trade order filling type
2025-06-03 12:29:31,886 - ForexBot - ERROR - Failed to execute trade: Trade failed. Error code: 10019 - Invalid trade order filling type
2025-06-03 12:29:31,909 - ForexBot - ERROR - Failed to execute trade: Trade failed. Error code: 10019 - Invalid trade order filling type
2025-06-03 12:29:33,158 - ForexBot - ERROR - Failed to execute trade: Trade failed. Error code: 10019 - Invalid trade order filling type
2025-06-03 12:29:33,174 - ForexBot - ERROR - Failed to execute trade: Trade failed. Error code: 10019 - Invalid trade order filling type
2025-06-03 12:29:33,205 - ForexBot - ERROR - Failed to execute trade: Trade failed. Error code: 10019 - Invalid trade order filling type
2025-06-03 12:29:34,462 - ForexBot - ERROR - Failed to execute trade: Trade failed. Error code: 10019 - Invalid trade order filling type
2025-06-03 12:29:34,477 - ForexBot - ERROR - Failed to execute trade: Trade failed. Error code: 10019 - Invalid trade order filling type
2025-06-03 12:29:34,493 - ForexBot - ERROR - Failed to execute trade: Trade failed. Error code: 10019 - Invalid trade order filling type
